[0.065s] Invoking command in '/home/alumnos/alejo/colcon_ws/src/follow-wall-roboros/build/follow-wall': CMAKE_PREFIX_PATH=${CMAKE_PREFIX_PATH}:/home/alumnos/alejo/colcon_ws/install/ros2controlcli:/home/alumnos/alejo/colcon_ws/install/launch_pal:/home/alumnos/alejo/colcon_ws/install/intro_py_ros2:/opt/ros/foxy /usr/bin/cmake --build /home/alumnos/alejo/colcon_ws/src/follow-wall-roboros/build/follow-wall -- -j6 -l6
[0.159s] [35m[1mScanning dependencies of target calculate_direction[0m
[0.222s] [ 50%] [32mBuilding CXX object CMakeFiles/calculate_direction.dir/src/calculate_direction.cpp.o[0m
[1.948s] [01m[K/home/alumnos/alejo/colcon_ws/src/follow-wall-roboros/src/calculate_direction.cpp:6:39:[m[K [01;31m[Kerror: [m[K‘[01m[KLaser_scan[m[K’ in namespace ‘[01m[Ksensor_msgs::msg[m[K’ does not name a type; did you mean ‘[01m[KLaserScan[m[K’?
[1.948s]     6 | t sensor_msgs::msg::[01;31m[KLaser_scan[m[K::SharedPtr msg)
[1.949s]       |                     [01;31m[K^~~~~~~~~~[m[K
[1.949s]       |                     [32m[KLaserScan[m[K
[1.949s] [01m[K/home/alumnos/alejo/colcon_ws/src/follow-wall-roboros/src/calculate_direction.cpp:6:61:[m[K [01;31m[Kerror: [m[Kexpected unqualified-id before ‘[01m[Kmsg[m[K’
[1.949s]     6 | ser_scan::SharedPtr [01;31m[Kmsg[m[K)
[1.949s]       |                     [01;31m[K^~~[m[K
[1.949s] 
[1.950s] [01m[K/home/alumnos/alejo/colcon_ws/src/follow-wall-roboros/src/calculate_direction.cpp:6:60:[m[K [01;31m[Kerror: [m[Kexpected ‘[01m[K)[m[K’ before ‘[01m[Kmsg[m[K’
[1.950s]     6 | aser_scan::SharedPtr[01;31m[K [m[K[32m[Kmsg[m[K)
[1.950s]       |                     [01;31m[K^[m[K[32m[K~~~[m[K
[1.950s]       |                     [32m[K)[m[K
[1.950s] [01m[K/home/alumnos/alejo/colcon_ws/src/follow-wall-roboros/src/calculate_direction.cpp:6:61:[m[K [01;31m[Kerror: [m[Kexpected initializer before ‘[01m[Kmsg[m[K’
[1.950s]     6 | ser_scan::SharedPtr [01;31m[Kmsg[m[K)
[1.950s]       |                     [01;31m[K^~~[m[K
[1.950s] 
[1.950s] [01m[K/home/alumnos/alejo/colcon_ws/src/follow-wall-roboros/src/calculate_direction.cpp:[m[K In function ‘[01m[Kint main(int, char**)[m[K’:
[1.950s] [01m[K/home/alumnos/alejo/colcon_ws/src/follow-wall-roboros/src/calculate_direction.cpp:16:67:[m[K [01;31m[Kerror: [m[K‘[01m[Klaserscan[m[K’ is not a member of ‘[01m[Ksensor_msgs::msg[m[K’; did you mean ‘[01m[KLaserScan[m[K’?
[1.950s]    16 | cription<sensor_msgs::msg::[01;31m[Klaserscan[m[K>(
[1.950s]       |                            [01;31m[K^~~~~~~~~[m[K
[1.950s]       |                            [32m[KLaserScan[m[K
[1.950s] [01m[K/home/alumnos/alejo/colcon_ws/src/follow-wall-roboros/src/calculate_direction.cpp:17:22:[m[K [01;31m[Kerror: [m[K‘[01m[Kcallback[m[K’ was not declared in this scope; did you mean ‘[01m[Kcalloc[m[K’?
[1.951s]    17 |     "/scan_raw", 10, [01;31m[Kcallback[m[K);
[1.951s]       |                      [01;31m[K^~~~~~~~[m[K
[1.951s]       |                      [32m[Kcalloc[m[K
[2.360s] make[2]: *** [CMakeFiles/calculate_direction.dir/build.make:63: CMakeFiles/calculate_direction.dir/src/calculate_direction.cpp.o] Error 1
[2.361s] make[1]: *** [CMakeFiles/Makefile2:78: CMakeFiles/calculate_direction.dir/all] Error 2
[2.361s] make: *** [Makefile:141: all] Error 2
[2.362s] Invoked command in '/home/alumnos/alejo/colcon_ws/src/follow-wall-roboros/build/follow-wall' returned '2': CMAKE_PREFIX_PATH=${CMAKE_PREFIX_PATH}:/home/alumnos/alejo/colcon_ws/install/ros2controlcli:/home/alumnos/alejo/colcon_ws/install/launch_pal:/home/alumnos/alejo/colcon_ws/install/intro_py_ros2:/opt/ros/foxy /usr/bin/cmake --build /home/alumnos/alejo/colcon_ws/src/follow-wall-roboros/build/follow-wall -- -j6 -l6
