[0.000000] (-) TimerEvent: {}
[0.000120] (follow-wall) JobQueued: {'identifier': 'follow-wall', 'dependencies': OrderedDict()}
[0.000175] (follow-wall) JobStarted: {'identifier': 'follow-wall'}
[0.082399] (follow-wall) JobProgress: {'identifier': 'follow-wall', 'progress': 'cmake'}
[0.097652] (follow-wall) JobProgress: {'identifier': 'follow-wall', 'progress': 'build'}
[0.100774] (follow-wall) Command: {'cmd': ['/usr/bin/cmake', '--build', '/home/alumnos/acmp/colcon_ws/src/follow-wall-roboros/build/follow-wall', '--', '-j4', '-l4'], 'cwd': '/home/alumnos/acmp/colcon_ws/src/follow-wall-roboros/build/follow-wall', 'env': OrderedDict([('GJS_DEBUG_TOPICS', 'JS ERROR;JS LOG'), ('VNCDESKTOP', 'f-l3210-pc04.aulas.etsit.urjc.es:1 (acmp)'), ('USER', 'acmp'), ('SSH_CLIENT', '193.147.79.63 40366 22'), ('XDG_SESSION_TYPE', 'tty'), ('SHLVL', '2'), ('LD_LIBRARY_PATH', '/home/alumnos/acmp/colcon_ws/install/velocity_controllers/lib:/home/alumnos/acmp/colcon_ws/install/test_ci/lib:/home/alumnos/acmp/colcon_ws/install/rqt_cascade_hfsm/lib:/home/alumnos/acmp/colcon_ws/install/ros2talk_msgs/lib:/home/alumnos/acmp/colcon_ws/install/position_controllers/lib:/home/alumnos/acmp/colcon_ws/install/joint_trajectory_controller/lib:/home/alumnos/acmp/colcon_ws/install/joint_state_controller/lib:/home/alumnos/acmp/colcon_ws/install/joint_state_broadcaster/lib:/home/alumnos/acmp/colcon_ws/install/imu_sensor_broadcaster/lib:/home/alumnos/acmp/colcon_ws/install/gripper_controllers/lib:/home/alumnos/acmp/colcon_ws/install/gazebo_ros2_control/lib:/home/alumnos/acmp/colcon_ws/install/effort_controllers/lib:/home/alumnos/acmp/colcon_ws/install/forward_command_controller/lib:/home/alumnos/acmp/colcon_ws/install/force_torque_sensor_broadcaster/lib:/home/alumnos/acmp/colcon_ws/install/diff_drive_controller/lib:/home/alumnos/acmp/colcon_ws/install/controller_manager/lib:/home/alumnos/acmp/colcon_ws/install/controller_interface/lib:/home/alumnos/acmp/colcon_ws/install/hardware_interface/lib:/home/alumnos/acmp/colcon_ws/install/groot/lib:/home/alumnos/acmp/colcon_ws/install/example_test/lib:/home/alumnos/acmp/colcon_ws/install/controller_manager_msgs/lib:/home/alumnos/acmp/colcon_ws/install/blackboard/lib:/home/alumnos/acmp/colcon_ws/install/blackboard_msgs/lib:/usr/lib/x86_64-linux-gnu/gazebo-11/plugins:/opt/ros/foxy/opt/yaml_cpp_vendor/lib:/opt/ros/foxy/opt/rviz_ogre_vendor/lib:/opt/ros/foxy/lib/x86_64-linux-gnu:/opt/ros/foxy/lib'), ('MOTD_SHOWN', 'pam'), ('HOME', '/home/alumnos/acmp'), ('OLDPWD', '/home/alumnos/acmp'), ('ROS_PYTHON_VERSION', '3'), ('GOROOT', '/usr/lib/go'), ('DBUS_SESSION_BUS_ADDRESS', 'unix:abstract=/tmp/dbus-ga7EHV6GHy,guid=dfbc2217ba25237c383114126208f317'), ('MESG', 'y'), ('COLORTERM', 'truecolor'), ('COLCON_PREFIX_PATH', '/home/alumnos/acmp/colcon_ws/install'), ('ROS_DISTRO', 'foxy'), ('LOGNAME', 'acmp'), ('_', '/usr/bin/colcon'), ('ROS_VERSION', '2'), ('XDG_SESSION_CLASS', 'user'), ('TERM', 'xterm-256color'), ('GNOME_DESKTOP_SESSION_ID', 'this-is-deprecated'), ('ROS_LOCALHOST_ONLY', '0'), ('PATH', '/opt/ros/foxy/bin:/usr/local/bin:/usr/bin:/bin:/usr/games:/usr/local/games:/usr/lib/go/bin:./'), ('SESSION_MANAGER', 'local/f-l3210-pc04:@/tmp/.ICE-unix/260190,unix/f-l3210-pc04:/tmp/.ICE-unix/260190'), ('XDG_MENU_PREFIX', 'gnome-'), ('GNOME_TERMINAL_SCREEN', '/org/gnome/Terminal/screen/3177b1e4_7e07_4964_b343_6fbe93c4aff5'), ('XDG_RUNTIME_DIR', '/run/user/9400'), ('DISPLAY', ':1'), ('LANG', 'es_ES.UTF-8'), ('XDG_CURRENT_DESKTOP', 'GNOME'), ('XMODIFIERS', '@im=ibus'), ('GNOME_TERMINAL_SERVICE', ':1.74'), ('SSH_AUTH_SOCK', '/run/user/9400/keyring/ssh'), ('ROS_DOMAIN_ID', '39'), ('AMENT_PREFIX_PATH', '/home/alumnos/acmp/colcon_ws/install/gazebo_ros2_control_demos:/home/alumnos/acmp/colcon_ws/install/ros2_controllers:/home/alumnos/acmp/colcon_ws/install/velocity_controllers:/home/alumnos/acmp/colcon_ws/install/urdf_test:/home/alumnos/acmp/colcon_ws/install/tiago_simulation:/home/alumnos/acmp/colcon_ws/install/tiago_robot:/home/alumnos/acmp/colcon_ws/install/tiago_2dnav_gazebo:/home/alumnos/acmp/colcon_ws/install/tiago_gazebo:/home/alumnos/acmp/colcon_ws/install/tiago_bringup:/home/alumnos/acmp/colcon_ws/install/pmb2_robot:/home/alumnos/acmp/colcon_ws/install/pmb2_bringup:/home/alumnos/acmp/colcon_ws/install/twist_mux:/home/alumnos/acmp/colcon_ws/install/transmission_interface:/home/alumnos/acmp/colcon_ws/install/tiago_description:/home/alumnos/acmp/colcon_ws/install/tiago_description_calibration:/home/alumnos/acmp/colcon_ws/install/tiago_controller_configuration:/home/alumnos/acmp/colcon_ws/install/test_hfsm:/home/alumnos/acmp/colcon_ws/install/test_ci:/home/alumnos/acmp/colcon_ws/install/services_ros2:/home/alumnos/acmp/colcon_ws/install/rqt_cascade_hfsm:/home/alumnos/acmp/colcon_ws/install/actions_ros2:/home/alumnos/acmp/colcon_ws/install/ros2talk_msgs:/home/alumnos/acmp/colcon_ws/install/ros2_control:/home/alumnos/acmp/colcon_ws/install/ros2controlcli:/home/alumnos/acmp/colcon_ws/install/ros2_control_test_assets:/home/alumnos/acmp/colcon_ws/install/pal_gripper:/home/alumnos/acmp/colcon_ws/install/pal_gripper_controller_configuration:/home/alumnos/acmp/colcon_ws/install/position_controllers:/home/alumnos/acmp/colcon_ws/install/pmb2_navigation:/home/alumnos/acmp/colcon_ws/install/pmb2_2dnav:/home/alumnos/acmp/colcon_ws/install/pmb2_maps:/home/alumnos/acmp/colcon_ws/install/pmb2_description:/home/alumnos/acmp/colcon_ws/install/pmb2_controller_configuration:/home/alumnos/acmp/colcon_ws/install/parameters_ros2:/home/alumnos/acmp/colcon_ws/install/pal_gripper_description:/home/alumnos/acmp/colcon_ws/install/pal_gazebo_worlds:/home/alumnos/acmp/colcon_ws/install/lifecycle_nodes_ros2:/home/alumnos/acmp/colcon_ws/install/launchers_ros2:/home/alumnos/acmp/colcon_ws/install/launch_pal:/home/alumnos/acmp/colcon_ws/install/joint_trajectory_controller:/home/alumnos/acmp/colcon_ws/install/joint_state_controller:/home/alumnos/acmp/colcon_ws/install/joint_state_broadcaster:/home/alumnos/acmp/colcon_ws/install/intro_ros2:/home/alumnos/acmp/colcon_ws/install/intro_py_ros2:/home/alumnos/acmp/colcon_ws/install/imu_sensor_broadcaster:/home/alumnos/acmp/colcon_ws/install/hey5_description:/home/alumnos/acmp/colcon_ws/install/gripper_controllers:/home/alumnos/acmp/colcon_ws/install/gazebo_ros2_control:/home/alumnos/acmp/colcon_ws/install/effort_controllers:/home/alumnos/acmp/colcon_ws/install/forward_command_controller:/home/alumnos/acmp/colcon_ws/install/force_torque_sensor_broadcaster:/home/alumnos/acmp/colcon_ws/install/diff_drive_controller:/home/alumnos/acmp/colcon_ws/install/controller_manager:/home/alumnos/acmp/colcon_ws/install/controller_interface:/home/alumnos/acmp/colcon_ws/install/hardware_interface:/home/alumnos/acmp/colcon_ws/install/groot:/home/alumnos/acmp/colcon_ws/install/example_test:/home/alumnos/acmp/colcon_ws/install/controller_manager_msgs:/home/alumnos/acmp/colcon_ws/install/br2_tiago:/home/alumnos/acmp/colcon_ws/install/br2_navigation:/home/alumnos/acmp/colcon_ws/install/blackboard:/home/alumnos/acmp/colcon_ws/install/blackboard_msgs:/opt/ros/foxy'), ('SHELL', '/bin/bash'), ('GJS_DEBUG_OUTPUT', 'stderr'), ('QT_IM_MODULE', 'ibus'), ('PWD', '/home/alumnos/acmp/colcon_ws/src/follow-wall-roboros/build/follow-wall'), ('SSH_CONNECTION', '193.147.79.63 40366 212.128.255.184 22'), ('PYTHONPATH', '/home/alumnos/acmp/colcon_ws/install/urdf_test/lib/python3.8/site-packages:/home/alumnos/acmp/colcon_ws/install/tiago_description/lib/python3.8/site-packages:/home/alumnos/acmp/colcon_ws/install/ros2talk_msgs/lib/python3.8/site-packages:/home/alumnos/acmp/colcon_ws/build/ros2controlcli:/home/alumnos/acmp/colcon_ws/install/ros2controlcli/lib/python3.8/site-packages:/home/alumnos/acmp/colcon_ws/install/pmb2_description/lib/python3.8/site-packages:/home/alumnos/acmp/colcon_ws/build/launch_pal:/home/alumnos/acmp/colcon_ws/install/launch_pal/lib/python3.8/site-packages:/home/alumnos/acmp/colcon_ws/build/intro_py_ros2:/home/alumnos/acmp/colcon_ws/install/intro_py_ros2/lib/python3.8/site-packages:/home/alumnos/acmp/colcon_ws/install/controller_manager/lib/python3.8/site-packages:/home/alumnos/acmp/colcon_ws/install/controller_manager_msgs/lib/python3.8/site-packages:/home/alumnos/acmp/colcon_ws/install/blackboard_msgs/lib/python3.8/site-packages:/opt/ros/foxy/lib/python3.8/site-packages'), ('COLCON', '1'), ('VTE_VERSION', '6003'), ('EDITOR', '/usr/bin/vim'), ('CMAKE_PREFIX_PATH', '/home/alumnos/acmp/colcon_ws/install/gazebo_ros2_control_demos:/home/alumnos/acmp/colcon_ws/install/ros2_controllers:/home/alumnos/acmp/colcon_ws/install/velocity_controllers:/home/alumnos/acmp/colcon_ws/install/urdf_test:/home/alumnos/acmp/colcon_ws/install/tiago_simulation:/home/alumnos/acmp/colcon_ws/install/tiago_robot:/home/alumnos/acmp/colcon_ws/install/tiago_2dnav_gazebo:/home/alumnos/acmp/colcon_ws/install/tiago_gazebo:/home/alumnos/acmp/colcon_ws/install/tiago_bringup:/home/alumnos/acmp/colcon_ws/install/pmb2_robot:/home/alumnos/acmp/colcon_ws/install/pmb2_bringup:/home/alumnos/acmp/colcon_ws/install/twist_mux:/home/alumnos/acmp/colcon_ws/install/transmission_interface:/home/alumnos/acmp/colcon_ws/install/tiago_description:/home/alumnos/acmp/colcon_ws/install/tiago_description_calibration:/home/alumnos/acmp/colcon_ws/install/tiago_controller_configuration:/home/alumnos/acmp/colcon_ws/install/test_hfsm:/home/alumnos/acmp/colcon_ws/install/test_ci:/home/alumnos/acmp/colcon_ws/install/services_ros2:/home/alumnos/acmp/colcon_ws/install/rqt_cascade_hfsm:/home/alumnos/acmp/colcon_ws/install/actions_ros2:/home/alumnos/acmp/colcon_ws/install/ros2talk_msgs:/home/alumnos/acmp/colcon_ws/install/ros2_control:/home/alumnos/acmp/colcon_ws/install/ros2_control_test_assets:/home/alumnos/acmp/colcon_ws/install/pal_gripper:/home/alumnos/acmp/colcon_ws/install/pal_gripper_controller_configuration:/home/alumnos/acmp/colcon_ws/install/position_controllers:/home/alumnos/acmp/colcon_ws/install/pmb2_navigation:/home/alumnos/acmp/colcon_ws/install/pmb2_2dnav:/home/alumnos/acmp/colcon_ws/install/pmb2_maps:/home/alumnos/acmp/colcon_ws/install/pmb2_description:/home/alumnos/acmp/colcon_ws/install/pmb2_controller_configuration:/home/alumnos/acmp/colcon_ws/install/parameters_ros2:/home/alumnos/acmp/colcon_ws/install/pal_gripper_description:/home/alumnos/acmp/colcon_ws/install/pal_gazebo_worlds:/home/alumnos/acmp/colcon_ws/install/lifecycle_nodes_ros2:/home/alumnos/acmp/colcon_ws/install/launchers_ros2:/home/alumnos/acmp/colcon_ws/install/joint_trajectory_controller:/home/alumnos/acmp/colcon_ws/install/joint_state_controller:/home/alumnos/acmp/colcon_ws/install/joint_state_broadcaster:/home/alumnos/acmp/colcon_ws/install/intro_ros2:/home/alumnos/acmp/colcon_ws/install/imu_sensor_broadcaster:/home/alumnos/acmp/colcon_ws/install/hey5_description:/home/alumnos/acmp/colcon_ws/install/gripper_controllers:/home/alumnos/acmp/colcon_ws/install/gazebo_ros2_control:/home/alumnos/acmp/colcon_ws/install/effort_controllers:/home/alumnos/acmp/colcon_ws/install/forward_command_controller:/home/alumnos/acmp/colcon_ws/install/force_torque_sensor_broadcaster:/home/alumnos/acmp/colcon_ws/install/diff_drive_controller:/home/alumnos/acmp/colcon_ws/install/controller_manager:/home/alumnos/acmp/colcon_ws/install/controller_interface:/home/alumnos/acmp/colcon_ws/install/hardware_interface:/home/alumnos/acmp/colcon_ws/install/groot:/home/alumnos/acmp/colcon_ws/install/example_test:/home/alumnos/acmp/colcon_ws/install/controller_manager_msgs:/home/alumnos/acmp/colcon_ws/install/br2_tiago:/home/alumnos/acmp/colcon_ws/install/br2_navigation:/home/alumnos/acmp/colcon_ws/install/blackboard:/home/alumnos/acmp/colcon_ws/install/blackboard_msgs:/home/alumnos/acmp/colcon_ws/install/ros2controlcli:/home/alumnos/acmp/colcon_ws/install/launch_pal:/home/alumnos/acmp/colcon_ws/install/intro_py_ros2:/opt/ros/foxy')]), 'shell': False}
[0.118866] (-) TimerEvent: {}
[0.219450] (-) TimerEvent: {}
[0.259133] (follow-wall) StdoutLine: {'line': b'\x1b[35m\x1b[1mScanning dependencies of target follow_wall_lifecycle\x1b[0m\n'}
[0.282495] (follow-wall) StdoutLine: {'line': b'[ 40%] Built target gtest\n'}
[0.282962] (follow-wall) StdoutLine: {'line': b'[ 40%] Built target gtest_main\n'}
[0.319641] (-) TimerEvent: {}
[0.328483] (follow-wall) StderrLine: {'line': b"make[2]: Atenci\xc3\xb3n: El archivo 'CMakeFiles/follow_wall_lifecycle.dir/depend.make' tiene una hora de modificaci\xc3\xb3n 0,072 s en el futuro\n"}
[0.374624] (follow-wall) StdoutLine: {'line': b'[ 50%] \x1b[32mBuilding CXX object CMakeFiles/follow_wall_lifecycle.dir/src/follow_wall_lifecycle/follow_wall_lifecycle.cpp.o\x1b[0m\n'}
[0.419752] (-) TimerEvent: {}
[0.520082] (-) TimerEvent: {}
[0.620400] (-) TimerEvent: {}
[0.720684] (-) TimerEvent: {}
[0.820994] (-) TimerEvent: {}
[0.921305] (-) TimerEvent: {}
[1.021600] (-) TimerEvent: {}
[1.121889] (-) TimerEvent: {}
[1.222192] (-) TimerEvent: {}
[1.322483] (-) TimerEvent: {}
[1.422806] (-) TimerEvent: {}
[1.523095] (-) TimerEvent: {}
[1.614024] (follow-wall) StderrLine: {'line': b'In file included from \x1b[01m\x1b[K/home/alumnos/acmp/colcon_ws/src/follow-wall-roboros/src/follow_wall_lifecycle/follow_wall_lifecycle.cpp:15\x1b[m\x1b[K:\n'}
[1.614209] (follow-wall) StderrLine: {'line': b'\x1b[01m\x1b[K/home/alumnos/acmp/colcon_ws/src/follow-wall-roboros/include/follow_wall_lifecycle/follow_wall_lifecycle.hpp:62:31:\x1b[m\x1b[K \x1b[01;31m\x1b[Kerror: \x1b[m\x1b[K\xe2\x80\x98\x1b[01m\x1b[KLASERPARTITION\x1b[m\x1b[K\xe2\x80\x99 was not declared in this scope\n'}
[1.615007] (follow-wall) StderrLine: {'line': b'   62 |     float average_side_values[\x1b[01;31m\x1b[KLASERPARTITION\x1b[m\x1b[K][2];\n'}
[1.615098] (follow-wall) StderrLine: {'line': b'      |                               \x1b[01;31m\x1b[K^~~~~~~~~~~~~~\x1b[m\x1b[K\n'}
[1.623178] (-) TimerEvent: {}
[1.623879] (follow-wall) StderrLine: {'line': b'\x1b[01m\x1b[K/home/alumnos/acmp/colcon_ws/src/follow-wall-roboros/include/follow_wall_lifecycle/follow_wall_lifecycle.hpp:66:23:\x1b[m\x1b[K \x1b[01;31m\x1b[Kerror: \x1b[m\x1b[K\xe2\x80\x98\x1b[01m\x1b[KLifecycleSuscriptor\x1b[m\x1b[K\xe2\x80\x99 in namespace \xe2\x80\x98\x1b[01m\x1b[Krclcpp_lifecycle\x1b[m\x1b[K\xe2\x80\x99 does not name a template type\n'}
[1.624125] (follow-wall) StderrLine: {'line': b'   66 |     rclcpp_lifecycle::\x1b[01;31m\x1b[KLifecycleSuscriptor\x1b[m\x1b[K<geometry_msgs::msg::Twist>::SharedPtr lasersub_;\n'}
[1.624191] (follow-wall) StderrLine: {'line': b'      |                       \x1b[01;31m\x1b[K^~~~~~~~~~~~~~~~~~~\x1b[m\x1b[K\n'}
[1.626385] (follow-wall) StderrLine: {'line': b'\x1b[01m\x1b[K/home/alumnos/acmp/colcon_ws/src/follow-wall-roboros/include/follow_wall_lifecycle/follow_wall_lifecycle.hpp:80:23:\x1b[m\x1b[K \x1b[01;31m\x1b[Kerror: \x1b[m\x1b[K\xe2\x80\x98\x1b[01m\x1b[Ksensor_msgs\x1b[m\x1b[K\xe2\x80\x99 does not name a type\n'}
[1.626509] (follow-wall) StderrLine: {'line': b'   80 |   void callback(const \x1b[01;31m\x1b[Ksensor_msgs\x1b[m\x1b[K::msg::LaserScan::SharedPtr msg);\n'}
[1.626573] (follow-wall) StderrLine: {'line': b'      |                       \x1b[01;31m\x1b[K^~~~~~~~~~~\x1b[m\x1b[K\n'}
[1.626631] (follow-wall) StderrLine: {'line': b'\x1b[01m\x1b[K/home/alumnos/acmp/colcon_ws/src/follow-wall-roboros/include/follow_wall_lifecycle/follow_wall_lifecycle.hpp:80:39:\x1b[m\x1b[K \x1b[01;31m\x1b[Kerror: \x1b[m\x1b[Kexpected unqualified-id before \xe2\x80\x98\x1b[01m\x1b[K::\x1b[m\x1b[K\xe2\x80\x99 token\n'}
[1.627219] (follow-wall) StderrLine: {'line': b'   80 |   void callback(const sensor_msgs::msg\x1b[01;31m\x1b[K::\x1b[m\x1b[KLaserScan::SharedPtr msg);\n'}
[1.627301] (follow-wall) StderrLine: {'line': b'      |                                       \x1b[01;31m\x1b[K^~\x1b[m\x1b[K\n'}
[1.627361] (follow-wall) StderrLine: {'line': b'\x1b[01m\x1b[K/home/alumnos/acmp/colcon_ws/src/follow-wall-roboros/include/follow_wall_lifecycle/follow_wall_lifecycle.hpp:80:39:\x1b[m\x1b[K \x1b[01;31m\x1b[Kerror: \x1b[m\x1b[Kexpected \xe2\x80\x98\x1b[01m\x1b[K)\x1b[m\x1b[K\xe2\x80\x99 before \xe2\x80\x98\x1b[01m\x1b[K::\x1b[m\x1b[K\xe2\x80\x99 token\n'}
[1.627418] (follow-wall) StderrLine: {'line': b'   80 |   void callback\x1b[34m\x1b[K(\x1b[m\x1b[Kconst sensor_msgs::msg\x1b[01;31m\x1b[K:\x1b[m\x1b[K\x1b[32m\x1b[K:\x1b[m\x1b[KLaserScan::SharedPtr msg);\n'}
[1.627523] (follow-wall) StderrLine: {'line': b'      |                \x1b[34m\x1b[K~\x1b[m\x1b[K                      \x1b[01;31m\x1b[K^\x1b[m\x1b[K\x1b[32m\x1b[K~\x1b[m\x1b[K\n'}
[1.628276] (follow-wall) StderrLine: {'line': b'      |                                       \x1b[32m\x1b[K)\x1b[m\x1b[K\n'}
[1.628339] (follow-wall) StderrLine: {'line': b'\x1b[01m\x1b[K/home/alumnos/acmp/colcon_ws/src/follow-wall-roboros/include/follow_wall_lifecycle/follow_wall_lifecycle.hpp:80:36:\x1b[m\x1b[K \x1b[01;31m\x1b[Kerror: \x1b[m\x1b[Kexpected \xe2\x80\x98\x1b[01m\x1b[K;\x1b[m\x1b[K\xe2\x80\x99 at end of member declaration\n'}
[1.628397] (follow-wall) StderrLine: {'line': b'   80 |   void callback(const sensor_msgs::\x1b[01;31m\x1b[Kmsg\x1b[m\x1b[K::LaserScan::SharedPtr msg);\n'}
[1.628451] (follow-wall) StderrLine: {'line': b'      |                                    \x1b[01;31m\x1b[K^~~\x1b[m\x1b[K\n'}
[1.628544] (follow-wall) StderrLine: {'line': b'      |                                       \x1b[32m\x1b[K;\x1b[m\x1b[K\n'}
[1.629098] (follow-wall) StderrLine: {'line': b'\x1b[01m\x1b[K/home/alumnos/acmp/colcon_ws/src/follow-wall-roboros/include/follow_wall_lifecycle/follow_wall_lifecycle.hpp:80:41:\x1b[m\x1b[K \x1b[01;31m\x1b[Kerror: \x1b[m\x1b[K\xe2\x80\x98\x1b[01m\x1b[KLaserScan\x1b[m\x1b[K\xe2\x80\x99 in namespace \xe2\x80\x98\x1b[01m\x1b[K::\x1b[m\x1b[K\xe2\x80\x99 does not name a type\n'}
[1.629154] (follow-wall) StderrLine: {'line': b'   80 |   void callback(const sensor_msgs::msg::\x1b[01;31m\x1b[KLaserScan\x1b[m\x1b[K::SharedPtr msg);\n'}
[1.629206] (follow-wall) StderrLine: {'line': b'      |                                         \x1b[01;31m\x1b[K^~~~~~~~~\x1b[m\x1b[K\n'}
[1.629257] (follow-wall) StderrLine: {'line': b'\x1b[01m\x1b[K/home/alumnos/acmp/colcon_ws/src/follow-wall-roboros/src/follow_wall_lifecycle/follow_wall_lifecycle.cpp:\x1b[m\x1b[K In function \xe2\x80\x98\x1b[01m\x1b[Kint rad2degr(float)\x1b[m\x1b[K\xe2\x80\x99:\n'}
[1.629327] (follow-wall) StderrLine: {'line': b'\x1b[01m\x1b[K/home/alumnos/acmp/colcon_ws/src/follow-wall-roboros/src/follow_wall_lifecycle/follow_wall_lifecycle.cpp:18:12:\x1b[m\x1b[K \x1b[01;31m\x1b[Kerror: \x1b[m\x1b[Kexpected primary-expression before \xe2\x80\x98\x1b[01m\x1b[Kfloat\x1b[m\x1b[K\xe2\x80\x99\n'}
[1.629971] (follow-wall) StderrLine: {'line': b'   18 |     return \x1b[01;31m\x1b[Kfloat\x1b[m\x1b[K*(180/3.1416);\n'}
[1.630023] (follow-wall) StderrLine: {'line': b'      |            \x1b[01;31m\x1b[K^~~~~\x1b[m\x1b[K\n'}
[1.630075] (follow-wall) StderrLine: {'line': b'\x1b[01m\x1b[K/home/alumnos/acmp/colcon_ws/src/follow-wall-roboros/src/follow_wall_lifecycle/follow_wall_lifecycle.cpp:18:11:\x1b[m\x1b[K \x1b[01;31m\x1b[Kerror: \x1b[m\x1b[Kexpected \xe2\x80\x98\x1b[01m\x1b[K;\x1b[m\x1b[K\xe2\x80\x99 before \xe2\x80\x98\x1b[01m\x1b[Kfloat\x1b[m\x1b[K\xe2\x80\x99\n'}
[1.630131] (follow-wall) StderrLine: {'line': b'   18 |     return\x1b[01;31m\x1b[K \x1b[m\x1b[K\x1b[32m\x1b[Kfloat\x1b[m\x1b[K*(180/3.1416);\n'}
[1.630194] (follow-wall) StderrLine: {'line': b'      |           \x1b[01;31m\x1b[K^\x1b[m\x1b[K\x1b[32m\x1b[K~~~~~\x1b[m\x1b[K\n'}
[1.634535] (follow-wall) StderrLine: {'line': b'      |           \x1b[32m\x1b[K;\x1b[m\x1b[K\n'}
[1.634729] (follow-wall) StderrLine: {'line': b'\x1b[01m\x1b[K/home/alumnos/acmp/colcon_ws/src/follow-wall-roboros/src/follow_wall_lifecycle/follow_wall_lifecycle.cpp:18:19:\x1b[m\x1b[K \x1b[01;31m\x1b[Kerror: \x1b[m\x1b[Kexpected unqualified-id before numeric constant\n'}
[1.635062] (follow-wall) StderrLine: {'line': b'   18 |     return float*(\x1b[01;31m\x1b[K180\x1b[m\x1b[K/3.1416);\n'}
[1.635573] (follow-wall) StderrLine: {'line': b'      |                   \x1b[01;31m\x1b[K^~~\x1b[m\x1b[K\n'}
[1.635636] (follow-wall) StderrLine: {'line': b'\x1b[01m\x1b[K/home/alumnos/acmp/colcon_ws/src/follow-wall-roboros/src/follow_wall_lifecycle/follow_wall_lifecycle.cpp:18:19:\x1b[m\x1b[K \x1b[01;31m\x1b[Kerror: \x1b[m\x1b[Kexpected \xe2\x80\x98\x1b[01m\x1b[K)\x1b[m\x1b[K\xe2\x80\x99 before numeric constant\n'}
[1.635698] (follow-wall) StderrLine: {'line': b'   18 |     return float*\x1b[34m\x1b[K(\x1b[m\x1b[K\x1b[01;31m\x1b[K1\x1b[m\x1b[K\x1b[32m\x1b[K80\x1b[m\x1b[K/3.1416);\n'}
[1.635786] (follow-wall) StderrLine: {'line': b'      |                  \x1b[34m\x1b[K~\x1b[m\x1b[K\x1b[01;31m\x1b[K^\x1b[m\x1b[K\x1b[32m\x1b[K~~\x1b[m\x1b[K\n'}
[1.636542] (follow-wall) StderrLine: {'line': b'      |                   \x1b[32m\x1b[K)\x1b[m\x1b[K\n'}
[1.636610] (follow-wall) StderrLine: {'line': b'\x1b[01m\x1b[K/home/alumnos/acmp/colcon_ws/src/follow-wall-roboros/src/follow_wall_lifecycle/follow_wall_lifecycle.cpp:17:20:\x1b[m\x1b[K \x1b[01;35m\x1b[Kwarning: \x1b[m\x1b[Kunused parameter \xe2\x80\x98\x1b[01m\x1b[Krad\x1b[m\x1b[K\xe2\x80\x99 [\x1b[01;35m\x1b[K-Wunused-parameter\x1b[m\x1b[K]\n'}
[1.636669] (follow-wall) StderrLine: {'line': b'   17 | int rad2degr(\x1b[01;35m\x1b[Kfloat rad\x1b[m\x1b[K){\n'}
[1.636752] (follow-wall) StderrLine: {'line': b'      |              \x1b[01;35m\x1b[K~~~~~~^~~\x1b[m\x1b[K\n'}
[1.640925] (follow-wall) StderrLine: {'line': b'\x1b[01m\x1b[K/home/alumnos/acmp/colcon_ws/src/follow-wall-roboros/src/follow_wall_lifecycle/follow_wall_lifecycle.cpp:\x1b[m\x1b[K In constructor \xe2\x80\x98\x1b[01m\x1b[KLCNcalc_dir::LCNcalc_dir()\x1b[m\x1b[K\xe2\x80\x99:\n'}
[1.641003] (follow-wall) StderrLine: {'line': b'\x1b[01m\x1b[K/home/alumnos/acmp/colcon_ws/src/follow-wall-roboros/src/follow_wall_lifecycle/follow_wall_lifecycle.cpp:47:5:\x1b[m\x1b[K \x1b[01;31m\x1b[Kerror: \x1b[m\x1b[K\xe2\x80\x98\x1b[01m\x1b[Klasersub_\x1b[m\x1b[K\xe2\x80\x99 was not declared in this scope\n'}
[1.641063] (follow-wall) StderrLine: {'line': b'   47 |     \x1b[01;31m\x1b[Klasersub_\x1b[m\x1b[K = create_subscription<sensor_msgs/msg/LaserScan>(\n'}
[1.641118] (follow-wall) StderrLine: {'line': b'      |     \x1b[01;31m\x1b[K^~~~~~~~~\x1b[m\x1b[K\n'}
[1.641197] (follow-wall) StderrLine: {'line': b'\x1b[01m\x1b[K/home/alumnos/acmp/colcon_ws/src/follow-wall-roboros/src/follow_wall_lifecycle/follow_wall_lifecycle.cpp:47:37:\x1b[m\x1b[K \x1b[01;31m\x1b[Kerror: \x1b[m\x1b[K\xe2\x80\x98\x1b[01m\x1b[Ksensor_msgs\x1b[m\x1b[K\xe2\x80\x99 was not declared in this scope\n'}
[1.641870] (follow-wall) StderrLine: {'line': b'   47 |     lasersub_ = create_subscription<\x1b[01;31m\x1b[Ksensor_msgs\x1b[m\x1b[K/msg/LaserScan>(\n'}
[1.641926] (follow-wall) StderrLine: {'line': b'      |                                     \x1b[01;31m\x1b[K^~~~~~~~~~~\x1b[m\x1b[K\n'}
[1.641978] (follow-wall) StderrLine: {'line': b'\x1b[01m\x1b[K/home/alumnos/acmp/colcon_ws/src/follow-wall-roboros/src/follow_wall_lifecycle/follow_wall_lifecycle.cpp:47:49:\x1b[m\x1b[K \x1b[01;31m\x1b[Kerror: \x1b[m\x1b[K\xe2\x80\x98\x1b[01m\x1b[Kmsg\x1b[m\x1b[K\xe2\x80\x99 was not declared in this scope\n'}
[1.642032] (follow-wall) StderrLine: {'line': b'   47 |     lasersub_ = create_subscription<sensor_msgs/\x1b[01;31m\x1b[Kmsg\x1b[m\x1b[K/LaserScan>(\n'}
[1.642084] (follow-wall) StderrLine: {'line': b'      |                                                 \x1b[01;31m\x1b[K^~~\x1b[m\x1b[K\n'}
[1.642163] (follow-wall) StderrLine: {'line': b'\x1b[01m\x1b[K/home/alumnos/acmp/colcon_ws/src/follow-wall-roboros/src/follow_wall_lifecycle/follow_wall_lifecycle.cpp:47:49:\x1b[m\x1b[K \x1b[01;36m\x1b[Knote: \x1b[m\x1b[Ksuggested alternatives:\n'}
[1.642230] (follow-wall) StderrLine: {'line': b'In file included from \x1b[01m\x1b[K/opt/ros/foxy/include/lifecycle_msgs/msg/state.hpp:7\x1b[m\x1b[K,\n'}
[1.643017] (follow-wall) StderrLine: {'line': b'                 from \x1b[01m\x1b[K/home/alumnos/acmp/colcon_ws/src/follow-wall-roboros/include/follow_wall_lifecycle/follow_wall_lifecycle.hpp:20\x1b[m\x1b[K,\n'}
[1.643089] (follow-wall) StderrLine: {'line': b'                 from \x1b[01m\x1b[K/home/alumnos/acmp/colcon_ws/src/follow-wall-roboros/src/follow_wall_lifecycle/follow_wall_lifecycle.cpp:15\x1b[m\x1b[K:\n'}
[1.643143] (follow-wall) StderrLine: {'line': b'\x1b[01m\x1b[K/opt/ros/foxy/include/lifecycle_msgs/msg/detail/state__struct.hpp:26:11:\x1b[m\x1b[K \x1b[01;36m\x1b[Knote: \x1b[m\x1b[K  \xe2\x80\x98\x1b[01m\x1b[Klifecycle_msgs::msg\x1b[m\x1b[K\xe2\x80\x99\n'}
[1.643201] (follow-wall) StderrLine: {'line': b'   26 | namespace \x1b[01;36m\x1b[Kmsg\x1b[m\x1b[K\n'}
[1.643283] (follow-wall) StderrLine: {'line': b'      |           \x1b[01;36m\x1b[K^~~\x1b[m\x1b[K\n'}
[1.644072] (follow-wall) StderrLine: {'line': b'In file included from \x1b[01m\x1b[K/opt/ros/foxy/include/std_msgs/msg/float64.hpp:7\x1b[m\x1b[K,\n'}
[1.644141] (follow-wall) StderrLine: {'line': b'                 from \x1b[01m\x1b[K/home/alumnos/acmp/colcon_ws/src/follow-wall-roboros/include/follow_wall_lifecycle/follow_wall_lifecycle.hpp:21\x1b[m\x1b[K,\n'}
[1.644198] (follow-wall) StderrLine: {'line': b'                 from \x1b[01m\x1b[K/home/alumnos/acmp/colcon_ws/src/follow-wall-roboros/src/follow_wall_lifecycle/follow_wall_lifecycle.cpp:15\x1b[m\x1b[K:\n'}
[1.644280] (follow-wall) StderrLine: {'line': b'\x1b[01m\x1b[K/opt/ros/foxy/include/std_msgs/msg/detail/float64__struct.hpp:26:11:\x1b[m\x1b[K \x1b[01;36m\x1b[Knote: \x1b[m\x1b[K  \xe2\x80\x98\x1b[01m\x1b[Kstd_msgs::msg\x1b[m\x1b[K\xe2\x80\x99\n'}
[1.644992] (follow-wall) StderrLine: {'line': b'   26 | namespace \x1b[01;36m\x1b[Kmsg\x1b[m\x1b[K\n'}
[1.645063] (follow-wall) StderrLine: {'line': b'      |           \x1b[01;36m\x1b[K^~~\x1b[m\x1b[K\n'}
[1.645121] (follow-wall) StderrLine: {'line': b'In file included from \x1b[01m\x1b[K/opt/ros/foxy/include/builtin_interfaces/msg/duration.hpp:7\x1b[m\x1b[K,\n'}
[1.645189] (follow-wall) StderrLine: {'line': b'                 from \x1b[01m\x1b[K/opt/ros/foxy/include/rclcpp/duration.hpp:20\x1b[m\x1b[K,\n'}
[1.649505] (follow-wall) StderrLine: {'line': b'                 from \x1b[01m\x1b[K/opt/ros/foxy/include/rclcpp/qos.hpp:20\x1b[m\x1b[K,\n'}
[1.649633] (follow-wall) StderrLine: {'line': b'                 from \x1b[01m\x1b[K/opt/ros/foxy/include/rclcpp/node_interfaces/node_graph_interface.hpp:31\x1b[m\x1b[K,\n'}
[1.649693] (follow-wall) StderrLine: {'line': b'                 from \x1b[01m\x1b[K/opt/ros/foxy/include/rclcpp/client.hpp:34\x1b[m\x1b[K,\n'}
[1.649777] (follow-wall) StderrLine: {'line': b'                 from \x1b[01m\x1b[K/opt/ros/foxy/include/rclcpp/callback_group.hpp:23\x1b[m\x1b[K,\n'}
[1.650480] (follow-wall) StderrLine: {'line': b'                 from \x1b[01m\x1b[K/opt/ros/foxy/include/rclcpp/any_executable.hpp:20\x1b[m\x1b[K,\n'}
[1.650536] (follow-wall) StderrLine: {'line': b'                 from \x1b[01m\x1b[K/opt/ros/foxy/include/rclcpp/memory_strategy.hpp:24\x1b[m\x1b[K,\n'}
[1.650589] (follow-wall) StderrLine: {'line': b'                 from \x1b[01m\x1b[K/opt/ros/foxy/include/rclcpp/memory_strategies.hpp:18\x1b[m\x1b[K,\n'}
[1.650654] (follow-wall) StderrLine: {'line': b'                 from \x1b[01m\x1b[K/opt/ros/foxy/include/rclcpp/executor_options.hpp:20\x1b[m\x1b[K,\n'}
[1.654891] (follow-wall) StderrLine: {'line': b'                 from \x1b[01m\x1b[K/opt/ros/foxy/include/rclcpp/executor.hpp:33\x1b[m\x1b[K,\n'}
[1.654983] (follow-wall) StderrLine: {'line': b'                 from \x1b[01m\x1b[K/opt/ros/foxy/include/rclcpp/executors/multi_threaded_executor.hpp:26\x1b[m\x1b[K,\n'}
[1.655741] (follow-wall) StderrLine: {'line': b'                 from \x1b[01m\x1b[K/opt/ros/foxy/include/rclcpp/executors.hpp:21\x1b[m\x1b[K,\n'}
[1.655799] (follow-wall) StderrLine: {'line': b'                 from \x1b[01m\x1b[K/opt/ros/foxy/include/rclcpp/rclcpp.hpp:146\x1b[m\x1b[K,\n'}
[1.655853] (follow-wall) StderrLine: {'line': b'                 from \x1b[01m\x1b[K/home/alumnos/acmp/colcon_ws/src/follow-wall-roboros/include/follow_wall_lifecycle/follow_wall_lifecycle.hpp:23\x1b[m\x1b[K,\n'}
[1.655907] (follow-wall) StderrLine: {'line': b'                 from \x1b[01m\x1b[K/home/alumnos/acmp/colcon_ws/src/follow-wall-roboros/src/follow_wall_lifecycle/follow_wall_lifecycle.cpp:15\x1b[m\x1b[K:\n'}
[1.655960] (follow-wall) StderrLine: {'line': b'\x1b[01m\x1b[K/opt/ros/foxy/include/builtin_interfaces/msg/detail/duration__struct.hpp:26:11:\x1b[m\x1b[K \x1b[01;36m\x1b[Knote: \x1b[m\x1b[K  \xe2\x80\x98\x1b[01m\x1b[Kbuiltin_interfaces::msg\x1b[m\x1b[K\xe2\x80\x99\n'}
[1.656601] (follow-wall) StderrLine: {'line': b'   26 | namespace \x1b[01;36m\x1b[Kmsg\x1b[m\x1b[K\n'}
[1.656662] (follow-wall) StderrLine: {'line': b'      |           \x1b[01;36m\x1b[K^~~\x1b[m\x1b[K\n'}
[1.656719] (follow-wall) StderrLine: {'line': b'In file included from \x1b[01m\x1b[K/opt/ros/foxy/include/statistics_msgs/msg/detail/metrics_message__struct.hpp:22\x1b[m\x1b[K,\n'}
[1.656772] (follow-wall) StderrLine: {'line': b'                 from \x1b[01m\x1b[K/opt/ros/foxy/include/statistics_msgs/msg/metrics_message.hpp:7\x1b[m\x1b[K,\n'}
[1.656850] (follow-wall) StderrLine: {'line': b'                 from \x1b[01m\x1b[K/opt/ros/foxy/include/libstatistics_collector/collector/generate_statistics_message.hpp:21\x1b[m\x1b[K,\n'}
[1.661085] (follow-wall) StderrLine: {'line': b'                 from \x1b[01m\x1b[K/opt/ros/foxy/include/rclcpp/topic_statistics/subscription_topic_statistics.hpp:23\x1b[m\x1b[K,\n'}
[1.661140] (follow-wall) StderrLine: {'line': b'                 from \x1b[01m\x1b[K/opt/ros/foxy/include/rclcpp/subscription.hpp:50\x1b[m\x1b[K,\n'}
[1.661192] (follow-wall) StderrLine: {'line': b'                 from \x1b[01m\x1b[K/opt/ros/foxy/include/rclcpp/any_executable.hpp:25\x1b[m\x1b[K,\n'}
[1.661249] (follow-wall) StderrLine: {'line': b'                 from \x1b[01m\x1b[K/opt/ros/foxy/include/rclcpp/memory_strategy.hpp:24\x1b[m\x1b[K,\n'}
[1.661301] (follow-wall) StderrLine: {'line': b'                 from \x1b[01m\x1b[K/opt/ros/foxy/include/rclcpp/memory_strategies.hpp:18\x1b[m\x1b[K,\n'}
[1.661393] (follow-wall) StderrLine: {'line': b'                 from \x1b[01m\x1b[K/opt/ros/foxy/include/rclcpp/executor_options.hpp:20\x1b[m\x1b[K,\n'}
[1.661998] (follow-wall) StderrLine: {'line': b'                 from \x1b[01m\x1b[K/opt/ros/foxy/include/rclcpp/executor.hpp:33\x1b[m\x1b[K,\n'}
[1.662067] (follow-wall) StderrLine: {'line': b'                 from \x1b[01m\x1b[K/opt/ros/foxy/include/rclcpp/executors/multi_threaded_executor.hpp:26\x1b[m\x1b[K,\n'}
[1.662728] (follow-wall) StderrLine: {'line': b'                 from \x1b[01m\x1b[K/opt/ros/foxy/include/rclcpp/executors.hpp:21\x1b[m\x1b[K,\n'}
[1.662789] (follow-wall) StderrLine: {'line': b'                 from \x1b[01m\x1b[K/opt/ros/foxy/include/rclcpp/rclcpp.hpp:146\x1b[m\x1b[K,\n'}
[1.662847] (follow-wall) StderrLine: {'line': b'                 from \x1b[01m\x1b[K/home/alumnos/acmp/colcon_ws/src/follow-wall-roboros/include/follow_wall_lifecycle/follow_wall_lifecycle.hpp:23\x1b[m\x1b[K,\n'}
[1.662914] (follow-wall) StderrLine: {'line': b'                 from \x1b[01m\x1b[K/home/alumnos/acmp/colcon_ws/src/follow-wall-roboros/src/follow_wall_lifecycle/follow_wall_lifecycle.cpp:15\x1b[m\x1b[K:\n'}
[1.663530] (follow-wall) StderrLine: {'line': b'\x1b[01m\x1b[K/opt/ros/foxy/include/statistics_msgs/msg/detail/statistic_data_point__struct.hpp:26:11:\x1b[m\x1b[K \x1b[01;36m\x1b[Knote: \x1b[m\x1b[K  \xe2\x80\x98\x1b[01m\x1b[Kstatistics_msgs::msg\x1b[m\x1b[K\xe2\x80\x99\n'}
[1.663623] (follow-wall) StderrLine: {'line': b'   26 | namespace \x1b[01;36m\x1b[Kmsg\x1b[m\x1b[K\n'}
[1.663681] (follow-wall) StderrLine: {'line': b'      |           \x1b[01;36m\x1b[K^~~\x1b[m\x1b[K\n'}
[1.663778] (follow-wall) StderrLine: {'line': b'In file included from \x1b[01m\x1b[K/opt/ros/foxy/include/rcl_interfaces/msg/list_parameters_result.hpp:7\x1b[m\x1b[K,\n'}
[1.664358] (follow-wall) StderrLine: {'line': b'                 from \x1b[01m\x1b[K/opt/ros/foxy/include/rclcpp/node.hpp:34\x1b[m\x1b[K,\n'}
[1.664420] (follow-wall) StderrLine: {'line': b'                 from \x1b[01m\x1b[K/opt/ros/foxy/include/rclcpp/executors/single_threaded_executor.hpp:28\x1b[m\x1b[K,\n'}
[1.664493] (follow-wall) StderrLine: {'line': b'                 from \x1b[01m\x1b[K/opt/ros/foxy/include/rclcpp/executors.hpp:22\x1b[m\x1b[K,\n'}
[1.665007] (follow-wall) StderrLine: {'line': b'                 from \x1b[01m\x1b[K/opt/ros/foxy/include/rclcpp/rclcpp.hpp:146\x1b[m\x1b[K,\n'}
[1.665062] (follow-wall) StderrLine: {'line': b'                 from \x1b[01m\x1b[K/home/alumnos/acmp/colcon_ws/src/follow-wall-roboros/include/follow_wall_lifecycle/follow_wall_lifecycle.hpp:23\x1b[m\x1b[K,\n'}
[1.665113] (follow-wall) StderrLine: {'line': b'                 from \x1b[01m\x1b[K/home/alumnos/acmp/colcon_ws/src/follow-wall-roboros/src/follow_wall_lifecycle/follow_wall_lifecycle.cpp:15\x1b[m\x1b[K:\n'}
[1.665198] (follow-wall) StderrLine: {'line': b'\x1b[01m\x1b[K/opt/ros/foxy/include/rcl_interfaces/msg/detail/list_parameters_result__struct.hpp:26:11:\x1b[m\x1b[K \x1b[01;36m\x1b[Knote: \x1b[m\x1b[K  \xe2\x80\x98\x1b[01m\x1b[Krcl_interfaces::msg\x1b[m\x1b[K\xe2\x80\x99\n'}
[1.665830] (follow-wall) StderrLine: {'line': b'   26 | namespace \x1b[01;36m\x1b[Kmsg\x1b[m\x1b[K\n'}
[1.665882] (follow-wall) StderrLine: {'line': b'      |           \x1b[01;36m\x1b[K^~~\x1b[m\x1b[K\n'}
[1.665935] (follow-wall) StderrLine: {'line': b'In file included from \x1b[01m\x1b[K/opt/ros/foxy/include/geometry_msgs/msg/detail/twist__struct.hpp:20\x1b[m\x1b[K,\n'}
[1.665987] (follow-wall) StderrLine: {'line': b'                 from \x1b[01m\x1b[K/opt/ros/foxy/include/geometry_msgs/msg/twist.hpp:7\x1b[m\x1b[K,\n'}
[1.666052] (follow-wall) StderrLine: {'line': b'                 from \x1b[01m\x1b[K/home/alumnos/acmp/colcon_ws/src/follow-wall-roboros/include/follow_wall_lifecycle/follow_wall_lifecycle.hpp:25\x1b[m\x1b[K,\n'}
[1.666595] (follow-wall) StderrLine: {'line': b'                 from \x1b[01m\x1b[K/home/alumnos/acmp/colcon_ws/src/follow-wall-roboros/src/follow_wall_lifecycle/follow_wall_lifecycle.cpp:15\x1b[m\x1b[K:\n'}
[1.666677] (follow-wall) StderrLine: {'line': b'\x1b[01m\x1b[K/opt/ros/foxy/include/geometry_msgs/msg/detail/vector3__struct.hpp:26:11:\x1b[m\x1b[K \x1b[01;36m\x1b[Knote: \x1b[m\x1b[K  \xe2\x80\x98\x1b[01m\x1b[Kgeometry_msgs::msg\x1b[m\x1b[K\xe2\x80\x99\n'}
[1.666736] (follow-wall) StderrLine: {'line': b'   26 | namespace \x1b[01;36m\x1b[Kmsg\x1b[m\x1b[K\n'}
[1.666805] (follow-wall) StderrLine: {'line': b'      |           \x1b[01;36m\x1b[K^~~\x1b[m\x1b[K\n'}
[1.667650] (follow-wall) StderrLine: {'line': b'\x1b[01m\x1b[K/home/alumnos/acmp/colcon_ws/src/follow-wall-roboros/src/follow_wall_lifecycle/follow_wall_lifecycle.cpp:47:53:\x1b[m\x1b[K \x1b[01;31m\x1b[Kerror: \x1b[m\x1b[K\xe2\x80\x98\x1b[01m\x1b[KLaserScan\x1b[m\x1b[K\xe2\x80\x99 was not declared in this scope\n'}
[1.667714] (follow-wall) StderrLine: {'line': b'   47 |     lasersub_ = create_subscription<sensor_msgs/msg/\x1b[01;31m\x1b[KLaserScan\x1b[m\x1b[K>(\n'}
[1.667783] (follow-wall) StderrLine: {'line': b'      |                                                     \x1b[01;31m\x1b[K^~~~~~~~~\x1b[m\x1b[K\n'}
[1.672271] (follow-wall) StderrLine: {'line': b'\x1b[01m\x1b[K/home/alumnos/acmp/colcon_ws/src/follow-wall-roboros/src/follow_wall_lifecycle/follow_wall_lifecycle.cpp:48:34:\x1b[m\x1b[K \x1b[01;31m\x1b[Kerror: \x1b[m\x1b[K\xe2\x80\x98\x1b[01m\x1b[KEngineNode\x1b[m\x1b[K\xe2\x80\x99 has not been declared\n'}
[1.672358] (follow-wall) StderrLine: {'line': b'   48 |       "scan_raw", 10, std::bind(&\x1b[01;31m\x1b[KEngineNode\x1b[m\x1b[K::callback, this, _1));\n'}
[1.672417] (follow-wall) StderrLine: {'line': b'      |                                  \x1b[01;31m\x1b[K^~~~~~~~~~\x1b[m\x1b[K\n'}
[1.672520] (follow-wall) StderrLine: {'line': b'\x1b[01m\x1b[K/home/alumnos/acmp/colcon_ws/src/follow-wall-roboros/src/follow_wall_lifecycle/follow_wall_lifecycle.cpp:\x1b[m\x1b[K At global scope:\n'}
[1.673090] (follow-wall) StderrLine: {'line': b'\x1b[01m\x1b[K/home/alumnos/acmp/colcon_ws/src/follow-wall-roboros/src/follow_wall_lifecycle/follow_wall_lifecycle.cpp:104:22:\x1b[m\x1b[K \x1b[01;31m\x1b[Kerror: \x1b[m\x1b[K\xe2\x80\x98\x1b[01m\x1b[Ksensor_msgs\x1b[m\x1b[K\xe2\x80\x99 does not name a type\n'}
[1.673164] (follow-wall) StderrLine: {'line': b'  104 |  void callback(const \x1b[01;31m\x1b[Ksensor_msgs\x1b[m\x1b[K::msg::LaserScan::SharedPtr msg) const\n'}
[1.673248] (follow-wall) StderrLine: {'line': b'      |                      \x1b[01;31m\x1b[K^~~~~~~~~~~\x1b[m\x1b[K\n'}
[1.673716] (follow-wall) StderrLine: {'line': b'\x1b[01m\x1b[K/home/alumnos/acmp/colcon_ws/src/follow-wall-roboros/src/follow_wall_lifecycle/follow_wall_lifecycle.cpp:104:38:\x1b[m\x1b[K \x1b[01;31m\x1b[Kerror: \x1b[m\x1b[Kexpected unqualified-id before \xe2\x80\x98\x1b[01m\x1b[K::\x1b[m\x1b[K\xe2\x80\x99 token\n'}
[1.673786] (follow-wall) StderrLine: {'line': b'  104 |  void callback(const sensor_msgs::msg\x1b[01;31m\x1b[K::\x1b[m\x1b[KLaserScan::SharedPtr msg) const\n'}
[1.673841] (follow-wall) StderrLine: {'line': b'      |                                      \x1b[01;31m\x1b[K^~\x1b[m\x1b[K\n'}
[1.673909] (follow-wall) StderrLine: {'line': b'\x1b[01m\x1b[K/home/alumnos/acmp/colcon_ws/src/follow-wall-roboros/src/follow_wall_lifecycle/follow_wall_lifecycle.cpp:104:38:\x1b[m\x1b[K \x1b[01;31m\x1b[Kerror: \x1b[m\x1b[Kexpected \xe2\x80\x98\x1b[01m\x1b[K)\x1b[m\x1b[K\xe2\x80\x99 before \xe2\x80\x98\x1b[01m\x1b[K::\x1b[m\x1b[K\xe2\x80\x99 token\n'}
[1.674488] (follow-wall) StderrLine: {'line': b'  104 |  void callback\x1b[34m\x1b[K(\x1b[m\x1b[Kconst sensor_msgs::msg\x1b[01;31m\x1b[K:\x1b[m\x1b[K\x1b[32m\x1b[K:\x1b[m\x1b[KLaserScan::SharedPtr msg) const\n'}
[1.674540] (follow-wall) StderrLine: {'line': b'      |               \x1b[34m\x1b[K~\x1b[m\x1b[K                      \x1b[01;31m\x1b[K^\x1b[m\x1b[K\x1b[32m\x1b[K~\x1b[m\x1b[K\n'}
[1.674592] (follow-wall) StderrLine: {'line': b'      |                                      \x1b[32m\x1b[K)\x1b[m\x1b[K\n'}
[1.674643] (follow-wall) StderrLine: {'line': b'\x1b[01m\x1b[K/home/alumnos/acmp/colcon_ws/src/follow-wall-roboros/src/follow_wall_lifecycle/follow_wall_lifecycle.cpp:104:38:\x1b[m\x1b[K \x1b[01;31m\x1b[Kerror: \x1b[m\x1b[Kexpected initializer before \xe2\x80\x98\x1b[01m\x1b[K::\x1b[m\x1b[K\xe2\x80\x99 token\n'}
[1.675228] (follow-wall) StderrLine: {'line': b'  104 |  void callback(const sensor_msgs::msg\x1b[01;31m\x1b[K::\x1b[m\x1b[KLaserScan::SharedPtr msg) const\n'}
[1.675297] (follow-wall) StderrLine: {'line': b'      |                                      \x1b[01;31m\x1b[K^~\x1b[m\x1b[K\n'}
[1.723296] (-) TimerEvent: {}
[1.823600] (-) TimerEvent: {}
[1.923899] (-) TimerEvent: {}
[2.024182] (-) TimerEvent: {}
[2.124496] (-) TimerEvent: {}
[2.224814] (-) TimerEvent: {}
[2.325136] (-) TimerEvent: {}
[2.425431] (-) TimerEvent: {}
[2.453478] (follow-wall) StderrLine: {'line': b'make[2]: *** [CMakeFiles/follow_wall_lifecycle.dir/build.make:63: CMakeFiles/follow_wall_lifecycle.dir/src/follow_wall_lifecycle/follow_wall_lifecycle.cpp.o] Error 1\n'}
[2.453876] (follow-wall) StderrLine: {'line': b'make[1]: *** [CMakeFiles/Makefile2:148: CMakeFiles/follow_wall_lifecycle.dir/all] Error 2\n'}
[2.454509] (follow-wall) StderrLine: {'line': b'make: *** [Makefile:141: all] Error 2\n'}
[2.456290] (follow-wall) CommandEnded: {'returncode': 2}
[2.525768] (-) TimerEvent: {}
[2.566047] (follow-wall) JobEnded: {'identifier': 'follow-wall', 'rc': 2}
[2.577774] (-) EventReactorShutdown: {}
