[0.296s] DEBUG:colcon:Command line arguments: ['/usr/bin/colcon', 'build', '--symlink-install', '--packages-select', 'follow-wall']
[0.296s] DEBUG:colcon:Parsed command line arguments: Namespace(allow_overriding=[], ament_cmake_args=None, base_paths=['.'], build_base='build', catkin_cmake_args=None, catkin_skip_building_tests=False, cmake_args=None, cmake_clean_cache=False, cmake_clean_first=False, cmake_force_configure=False, cmake_target=None, cmake_target_skip_unavailable=False, continue_on_error=False, event_handlers=None, executor='parallel', ignore_user_meta=False, install_base='install', log_base=None, log_level=None, main=<bound method BuildVerb.main of <colcon_core.verb.build.BuildVerb object at 0x7f322f1fdd30>>, merge_install=False, metas=['./colcon.meta'], mixin=None, mixin_files=None, mixin_verb=('build',), packages_above=None, packages_above_and_dependencies=None, packages_above_depth=None, packages_end=None, packages_ignore=None, packages_ignore_regex=None, packages_select=['follow-wall'], packages_select_build_failed=False, packages_select_by_dep=None, packages_select_regex=None, packages_select_test_failures=False, packages_skip=None, packages_skip_build_finished=False, packages_skip_by_dep=None, packages_skip_regex=None, packages_skip_test_passed=False, packages_skip_up_to=None, packages_start=None, packages_up_to=None, packages_up_to_regex=None, parallel_workers=4, paths=None, symlink_install=True, test_result_base=None, verb_extension=<colcon_core.verb.build.BuildVerb object at 0x7f322f1fdd30>, verb_name='build', verb_parser=<colcon_mixin.mixin.mixin_argument.MixinArgumentDecorator object at 0x7f322f111970>)
[0.350s] Level 1:colcon.colcon_core.package_discovery:discover_packages(colcon_meta) check parameters
[0.351s] Level 1:colcon.colcon_core.package_discovery:discover_packages(recursive) check parameters
[0.351s] Level 1:colcon.colcon_core.package_discovery:discover_packages(ignore) check parameters
[0.351s] Level 1:colcon.colcon_core.package_discovery:discover_packages(path) check parameters
[0.352s] Level 1:colcon.colcon_core.package_discovery:discover_packages(colcon_meta) discover
[0.353s] Level 1:colcon.colcon_core.package_discovery:discover_packages(recursive) discover
[0.353s] INFO:colcon.colcon_core.package_discovery:Crawling recursively for packages in '/home/alumnos/acmp/colcon_ws/src/follow-wall-roboros'
[0.353s] Level 1:colcon.colcon_core.package_identification:_identify(.) by extensions ['ignore', 'ignore_ament_install']
[0.354s] Level 1:colcon.colcon_core.package_identification:_identify(.) by extension 'ignore'
[0.355s] Level 1:colcon.colcon_core.package_identification:_identify(.) by extension 'ignore_ament_install'
[0.355s] Level 1:colcon.colcon_core.package_identification:_identify(.) by extensions ['colcon_pkg']
[0.356s] Level 1:colcon.colcon_core.package_identification:_identify(.) by extension 'colcon_pkg'
[0.356s] Level 1:colcon.colcon_core.package_identification:_identify(.) by extensions ['colcon_meta']
[0.356s] Level 1:colcon.colcon_core.package_identification:_identify(.) by extension 'colcon_meta'
[0.356s] Level 1:colcon.colcon_core.package_identification:_identify(.) by extensions ['ros']
[0.356s] Level 1:colcon.colcon_core.package_identification:_identify(.) by extension 'ros'
[0.373s] DEBUG:colcon.colcon_core.package_identification:Package '.' with type 'ros.ament_cmake' and name 'follow-wall'
[0.373s] Level 1:colcon.colcon_core.package_discovery:discover_packages(recursive) using defaults
[0.373s] Level 1:colcon.colcon_core.package_discovery:discover_packages(ignore) discover
[0.373s] Level 1:colcon.colcon_core.package_discovery:discover_packages(ignore) using defaults
[0.373s] Level 1:colcon.colcon_core.package_discovery:discover_packages(path) discover
[0.373s] Level 1:colcon.colcon_core.package_discovery:discover_packages(path) using defaults
[0.412s] Level 5:colcon.colcon_core.verb:set package 'follow-wall' build argument 'cmake_args' from command line to 'None'
[0.412s] Level 5:colcon.colcon_core.verb:set package 'follow-wall' build argument 'cmake_target' from command line to 'None'
[0.412s] Level 5:colcon.colcon_core.verb:set package 'follow-wall' build argument 'cmake_target_skip_unavailable' from command line to 'False'
[0.413s] Level 5:colcon.colcon_core.verb:set package 'follow-wall' build argument 'cmake_clean_cache' from command line to 'False'
[0.413s] Level 5:colcon.colcon_core.verb:set package 'follow-wall' build argument 'cmake_clean_first' from command line to 'False'
[0.413s] Level 5:colcon.colcon_core.verb:set package 'follow-wall' build argument 'cmake_force_configure' from command line to 'False'
[0.413s] Level 5:colcon.colcon_core.verb:set package 'follow-wall' build argument 'ament_cmake_args' from command line to 'None'
[0.413s] Level 5:colcon.colcon_core.verb:set package 'follow-wall' build argument 'catkin_cmake_args' from command line to 'None'
[0.413s] Level 5:colcon.colcon_core.verb:set package 'follow-wall' build argument 'catkin_skip_building_tests' from command line to 'False'
[0.413s] DEBUG:colcon.colcon_core.verb:Building package 'follow-wall' with the following arguments: {'ament_cmake_args': None, 'build_base': '/home/alumnos/acmp/colcon_ws/src/follow-wall-roboros/build/follow-wall', 'catkin_cmake_args': None, 'catkin_skip_building_tests': False, 'cmake_args': None, 'cmake_clean_cache': False, 'cmake_clean_first': False, 'cmake_force_configure': False, 'cmake_target': None, 'cmake_target_skip_unavailable': False, 'install_base': '/home/alumnos/acmp/colcon_ws/src/follow-wall-roboros/install/follow-wall', 'merge_install': False, 'path': '/home/alumnos/acmp/colcon_ws/src/follow-wall-roboros', 'symlink_install': True, 'test_result_base': None}
[0.523s] INFO:colcon.colcon_core.executor:Executing jobs using 'parallel' executor
[0.525s] DEBUG:colcon.colcon_parallel_executor.executor.parallel:run_until_complete
[0.525s] INFO:colcon.colcon_ros.task.ament_cmake.build:Building ROS package in '/home/alumnos/acmp/colcon_ws/src/follow-wall-roboros' with build type 'ament_cmake'
[0.526s] INFO:colcon.colcon_cmake.task.cmake.build:Building CMake package in '/home/alumnos/acmp/colcon_ws/src/follow-wall-roboros'
[0.531s] INFO:colcon.colcon_core.plugin_system:Skipping extension 'colcon_core.shell.bat': Not used on non-Windows systems
[0.531s] INFO:colcon.colcon_core.shell:Skip shell extension 'powershell' for command environment: Not usable outside of PowerShell
[0.532s] DEBUG:colcon.colcon_core.shell:Skip shell extension 'dsv' for command environment
[0.660s] DEBUG:colcon.colcon_core.event_handler.log_command:Invoking command in '/home/alumnos/acmp/colcon_ws/src/follow-wall-roboros/build/follow-wall': CMAKE_PREFIX_PATH=${CMAKE_PREFIX_PATH}:/home/alumnos/acmp/colcon_ws/install/ros2controlcli:/home/alumnos/acmp/colcon_ws/install/launch_pal:/home/alumnos/acmp/colcon_ws/install/intro_py_ros2:/opt/ros/foxy /usr/bin/cmake --build /home/alumnos/acmp/colcon_ws/src/follow-wall-roboros/build/follow-wall -- -j4 -l4
[11.685s] DEBUG:colcon.colcon_core.event_handler.log_command:Invoked command in '/home/alumnos/acmp/colcon_ws/src/follow-wall-roboros/build/follow-wall' returned '2': CMAKE_PREFIX_PATH=${CMAKE_PREFIX_PATH}:/home/alumnos/acmp/colcon_ws/install/ros2controlcli:/home/alumnos/acmp/colcon_ws/install/launch_pal:/home/alumnos/acmp/colcon_ws/install/intro_py_ros2:/opt/ros/foxy /usr/bin/cmake --build /home/alumnos/acmp/colcon_ws/src/follow-wall-roboros/build/follow-wall -- -j4 -l4
[11.780s] Level 1:colcon.colcon_core.environment:create_environment_scripts_only(follow-wall)
[11.801s] Level 1:colcon.colcon_core.environment:checking '/home/alumnos/acmp/colcon_ws/src/follow-wall-roboros/install/follow-wall' for CMake module files
[11.807s] Level 1:colcon.colcon_core.environment:checking '/home/alumnos/acmp/colcon_ws/src/follow-wall-roboros/install/follow-wall' for CMake config files
[11.811s] Level 1:colcon.colcon_core.environment:checking '/home/alumnos/acmp/colcon_ws/src/follow-wall-roboros/install/follow-wall/bin'
[11.811s] Level 1:colcon.colcon_core.environment:checking '/home/alumnos/acmp/colcon_ws/src/follow-wall-roboros/install/follow-wall/lib/pkgconfig/follow-wall.pc'
[11.812s] Level 1:colcon.colcon_core.environment:checking '/home/alumnos/acmp/colcon_ws/src/follow-wall-roboros/install/follow-wall/lib/python3.8/site-packages'
[11.813s] INFO:colcon.colcon_core.shell:Creating package script '/home/alumnos/acmp/colcon_ws/src/follow-wall-roboros/install/follow-wall/share/follow-wall/package.ps1'
[11.821s] INFO:colcon.colcon_core.shell:Creating package descriptor '/home/alumnos/acmp/colcon_ws/src/follow-wall-roboros/install/follow-wall/share/follow-wall/package.dsv'
[11.825s] INFO:colcon.colcon_core.shell:Creating package script '/home/alumnos/acmp/colcon_ws/src/follow-wall-roboros/install/follow-wall/share/follow-wall/package.sh'
[11.834s] INFO:colcon.colcon_core.shell:Creating package script '/home/alumnos/acmp/colcon_ws/src/follow-wall-roboros/install/follow-wall/share/follow-wall/package.bash'
[11.839s] INFO:colcon.colcon_core.shell:Creating package script '/home/alumnos/acmp/colcon_ws/src/follow-wall-roboros/install/follow-wall/share/follow-wall/package.zsh'
[11.848s] Level 1:colcon.colcon_core.environment:create_file_with_runtime_dependencies(/home/alumnos/acmp/colcon_ws/src/follow-wall-roboros/install/follow-wall/share/colcon-core/packages/follow-wall)
[11.852s] DEBUG:colcon.colcon_parallel_executor.executor.parallel:closing loop
[11.852s] DEBUG:colcon.colcon_parallel_executor.executor.parallel:loop closed
[11.853s] DEBUG:colcon.colcon_parallel_executor.executor.parallel:run_until_complete finished with '2'
[11.853s] DEBUG:colcon.colcon_core.event_reactor:joining thread
[11.878s] INFO:colcon.colcon_core.plugin_system:Skipping extension 'colcon_notification.desktop_notification.terminal_notifier': Not used on non-Darwin systems
[11.878s] INFO:colcon.colcon_core.plugin_system:Skipping extension 'colcon_notification.desktop_notification.win32': Not used on non-Windows systems
[11.879s] INFO:colcon.colcon_notification.desktop_notification:Sending desktop notification using 'notify2'
[11.925s] DEBUG:colcon.colcon_core.event_reactor:joined thread
[11.926s] INFO:colcon.colcon_core.shell:Creating prefix script '/home/alumnos/acmp/colcon_ws/src/follow-wall-roboros/install/local_setup.ps1'
[11.935s] INFO:colcon.colcon_core.shell:Creating prefix util module '/home/alumnos/acmp/colcon_ws/src/follow-wall-roboros/install/_local_setup_util_ps1.py'
[11.946s] INFO:colcon.colcon_core.shell:Creating prefix chain script '/home/alumnos/acmp/colcon_ws/src/follow-wall-roboros/install/setup.ps1'
[11.986s] INFO:colcon.colcon_core.shell:Creating prefix script '/home/alumnos/acmp/colcon_ws/src/follow-wall-roboros/install/local_setup.sh'
[11.993s] INFO:colcon.colcon_core.shell:Creating prefix util module '/home/alumnos/acmp/colcon_ws/src/follow-wall-roboros/install/_local_setup_util_sh.py'
[12.003s] INFO:colcon.colcon_core.shell:Creating prefix chain script '/home/alumnos/acmp/colcon_ws/src/follow-wall-roboros/install/setup.sh'
[12.042s] INFO:colcon.colcon_core.shell:Creating prefix script '/home/alumnos/acmp/colcon_ws/src/follow-wall-roboros/install/local_setup.bash'
[12.047s] INFO:colcon.colcon_core.shell:Creating prefix chain script '/home/alumnos/acmp/colcon_ws/src/follow-wall-roboros/install/setup.bash'
[12.103s] INFO:colcon.colcon_core.shell:Creating prefix script '/home/alumnos/acmp/colcon_ws/src/follow-wall-roboros/install/local_setup.zsh'
[12.109s] INFO:colcon.colcon_core.shell:Creating prefix chain script '/home/alumnos/acmp/colcon_ws/src/follow-wall-roboros/install/setup.zsh'
