[0.000000] (-) TimerEvent: {}
[0.000127] (follow-wall) JobQueued: {'identifier': 'follow-wall', 'dependencies': OrderedDict()}
[0.000161] (follow-wall) JobStarted: {'identifier': 'follow-wall'}
[0.045065] (follow-wall) JobProgress: {'identifier': 'follow-wall', 'progress': 'cmake'}
[0.049886] (follow-wall) JobProgress: {'identifier': 'follow-wall', 'progress': 'build'}
[0.050737] (follow-wall) Command: {'cmd': ['/usr/bin/cmake', '--build', '/home/alumnos/acmp/colcon_ws/src/follow-wall-roboros/build/follow-wall', '--', '-j4', '-l4'], 'cwd': '/home/alumnos/acmp/colcon_ws/src/follow-wall-roboros/build/follow-wall', 'env': OrderedDict([('GJS_DEBUG_TOPICS', 'JS ERROR;JS LOG'), ('VNCDESKTOP', 'f-l3210-pc04.aulas.etsit.urjc.es:1 (acmp)'), ('USER', 'acmp'), ('SSH_CLIENT', '193.147.79.63 40366 22'), ('XDG_SESSION_TYPE', 'tty'), ('SHLVL', '2'), ('LD_LIBRARY_PATH', '/home/alumnos/acmp/colcon_ws/install/velocity_controllers/lib:/home/alumnos/acmp/colcon_ws/install/test_ci/lib:/home/alumnos/acmp/colcon_ws/install/rqt_cascade_hfsm/lib:/home/alumnos/acmp/colcon_ws/install/ros2talk_msgs/lib:/home/alumnos/acmp/colcon_ws/install/position_controllers/lib:/home/alumnos/acmp/colcon_ws/install/joint_trajectory_controller/lib:/home/alumnos/acmp/colcon_ws/install/joint_state_controller/lib:/home/alumnos/acmp/colcon_ws/install/joint_state_broadcaster/lib:/home/alumnos/acmp/colcon_ws/install/imu_sensor_broadcaster/lib:/home/alumnos/acmp/colcon_ws/install/gripper_controllers/lib:/home/alumnos/acmp/colcon_ws/install/gazebo_ros2_control/lib:/home/alumnos/acmp/colcon_ws/install/effort_controllers/lib:/home/alumnos/acmp/colcon_ws/install/forward_command_controller/lib:/home/alumnos/acmp/colcon_ws/install/force_torque_sensor_broadcaster/lib:/home/alumnos/acmp/colcon_ws/install/diff_drive_controller/lib:/home/alumnos/acmp/colcon_ws/install/controller_manager/lib:/home/alumnos/acmp/colcon_ws/install/controller_interface/lib:/home/alumnos/acmp/colcon_ws/install/hardware_interface/lib:/home/alumnos/acmp/colcon_ws/install/groot/lib:/home/alumnos/acmp/colcon_ws/install/example_test/lib:/home/alumnos/acmp/colcon_ws/install/controller_manager_msgs/lib:/home/alumnos/acmp/colcon_ws/install/blackboard/lib:/home/alumnos/acmp/colcon_ws/install/blackboard_msgs/lib:/usr/lib/x86_64-linux-gnu/gazebo-11/plugins:/opt/ros/foxy/opt/yaml_cpp_vendor/lib:/opt/ros/foxy/opt/rviz_ogre_vendor/lib:/opt/ros/foxy/lib/x86_64-linux-gnu:/opt/ros/foxy/lib'), ('MOTD_SHOWN', 'pam'), ('HOME', '/home/alumnos/acmp'), ('OLDPWD', '/home/alumnos/acmp'), ('ROS_PYTHON_VERSION', '3'), ('GOROOT', '/usr/lib/go'), ('DBUS_SESSION_BUS_ADDRESS', 'unix:abstract=/tmp/dbus-ga7EHV6GHy,guid=dfbc2217ba25237c383114126208f317'), ('MESG', 'y'), ('COLORTERM', 'truecolor'), ('COLCON_PREFIX_PATH', '/home/alumnos/acmp/colcon_ws/install'), ('ROS_DISTRO', 'foxy'), ('LOGNAME', 'acmp'), ('_', '/usr/bin/colcon'), ('ROS_VERSION', '2'), ('XDG_SESSION_CLASS', 'user'), ('TERM', 'xterm-256color'), ('GNOME_DESKTOP_SESSION_ID', 'this-is-deprecated'), ('ROS_LOCALHOST_ONLY', '0'), ('PATH', '/opt/ros/foxy/bin:/usr/local/bin:/usr/bin:/bin:/usr/games:/usr/local/games:/usr/lib/go/bin:./'), ('SESSION_MANAGER', 'local/f-l3210-pc04:@/tmp/.ICE-unix/260190,unix/f-l3210-pc04:/tmp/.ICE-unix/260190'), ('XDG_MENU_PREFIX', 'gnome-'), ('GNOME_TERMINAL_SCREEN', '/org/gnome/Terminal/screen/3177b1e4_7e07_4964_b343_6fbe93c4aff5'), ('XDG_RUNTIME_DIR', '/run/user/9400'), ('DISPLAY', ':1'), ('LANG', 'es_ES.UTF-8'), ('XDG_CURRENT_DESKTOP', 'GNOME'), ('XMODIFIERS', '@im=ibus'), ('GNOME_TERMINAL_SERVICE', ':1.74'), ('SSH_AUTH_SOCK', '/run/user/9400/keyring/ssh'), ('ROS_DOMAIN_ID', '39'), ('AMENT_PREFIX_PATH', '/home/alumnos/acmp/colcon_ws/install/gazebo_ros2_control_demos:/home/alumnos/acmp/colcon_ws/install/ros2_controllers:/home/alumnos/acmp/colcon_ws/install/velocity_controllers:/home/alumnos/acmp/colcon_ws/install/urdf_test:/home/alumnos/acmp/colcon_ws/install/tiago_simulation:/home/alumnos/acmp/colcon_ws/install/tiago_robot:/home/alumnos/acmp/colcon_ws/install/tiago_2dnav_gazebo:/home/alumnos/acmp/colcon_ws/install/tiago_gazebo:/home/alumnos/acmp/colcon_ws/install/tiago_bringup:/home/alumnos/acmp/colcon_ws/install/pmb2_robot:/home/alumnos/acmp/colcon_ws/install/pmb2_bringup:/home/alumnos/acmp/colcon_ws/install/twist_mux:/home/alumnos/acmp/colcon_ws/install/transmission_interface:/home/alumnos/acmp/colcon_ws/install/tiago_description:/home/alumnos/acmp/colcon_ws/install/tiago_description_calibration:/home/alumnos/acmp/colcon_ws/install/tiago_controller_configuration:/home/alumnos/acmp/colcon_ws/install/test_hfsm:/home/alumnos/acmp/colcon_ws/install/test_ci:/home/alumnos/acmp/colcon_ws/install/services_ros2:/home/alumnos/acmp/colcon_ws/install/rqt_cascade_hfsm:/home/alumnos/acmp/colcon_ws/install/actions_ros2:/home/alumnos/acmp/colcon_ws/install/ros2talk_msgs:/home/alumnos/acmp/colcon_ws/install/ros2_control:/home/alumnos/acmp/colcon_ws/install/ros2controlcli:/home/alumnos/acmp/colcon_ws/install/ros2_control_test_assets:/home/alumnos/acmp/colcon_ws/install/pal_gripper:/home/alumnos/acmp/colcon_ws/install/pal_gripper_controller_configuration:/home/alumnos/acmp/colcon_ws/install/position_controllers:/home/alumnos/acmp/colcon_ws/install/pmb2_navigation:/home/alumnos/acmp/colcon_ws/install/pmb2_2dnav:/home/alumnos/acmp/colcon_ws/install/pmb2_maps:/home/alumnos/acmp/colcon_ws/install/pmb2_description:/home/alumnos/acmp/colcon_ws/install/pmb2_controller_configuration:/home/alumnos/acmp/colcon_ws/install/parameters_ros2:/home/alumnos/acmp/colcon_ws/install/pal_gripper_description:/home/alumnos/acmp/colcon_ws/install/pal_gazebo_worlds:/home/alumnos/acmp/colcon_ws/install/lifecycle_nodes_ros2:/home/alumnos/acmp/colcon_ws/install/launchers_ros2:/home/alumnos/acmp/colcon_ws/install/launch_pal:/home/alumnos/acmp/colcon_ws/install/joint_trajectory_controller:/home/alumnos/acmp/colcon_ws/install/joint_state_controller:/home/alumnos/acmp/colcon_ws/install/joint_state_broadcaster:/home/alumnos/acmp/colcon_ws/install/intro_ros2:/home/alumnos/acmp/colcon_ws/install/intro_py_ros2:/home/alumnos/acmp/colcon_ws/install/imu_sensor_broadcaster:/home/alumnos/acmp/colcon_ws/install/hey5_description:/home/alumnos/acmp/colcon_ws/install/gripper_controllers:/home/alumnos/acmp/colcon_ws/install/gazebo_ros2_control:/home/alumnos/acmp/colcon_ws/install/effort_controllers:/home/alumnos/acmp/colcon_ws/install/forward_command_controller:/home/alumnos/acmp/colcon_ws/install/force_torque_sensor_broadcaster:/home/alumnos/acmp/colcon_ws/install/diff_drive_controller:/home/alumnos/acmp/colcon_ws/install/controller_manager:/home/alumnos/acmp/colcon_ws/install/controller_interface:/home/alumnos/acmp/colcon_ws/install/hardware_interface:/home/alumnos/acmp/colcon_ws/install/groot:/home/alumnos/acmp/colcon_ws/install/example_test:/home/alumnos/acmp/colcon_ws/install/controller_manager_msgs:/home/alumnos/acmp/colcon_ws/install/br2_tiago:/home/alumnos/acmp/colcon_ws/install/br2_navigation:/home/alumnos/acmp/colcon_ws/install/blackboard:/home/alumnos/acmp/colcon_ws/install/blackboard_msgs:/opt/ros/foxy'), ('SHELL', '/bin/bash'), ('GJS_DEBUG_OUTPUT', 'stderr'), ('QT_IM_MODULE', 'ibus'), ('PWD', '/home/alumnos/acmp/colcon_ws/src/follow-wall-roboros/build/follow-wall'), ('SSH_CONNECTION', '193.147.79.63 40366 212.128.255.184 22'), ('PYTHONPATH', '/home/alumnos/acmp/colcon_ws/install/urdf_test/lib/python3.8/site-packages:/home/alumnos/acmp/colcon_ws/install/tiago_description/lib/python3.8/site-packages:/home/alumnos/acmp/colcon_ws/install/ros2talk_msgs/lib/python3.8/site-packages:/home/alumnos/acmp/colcon_ws/build/ros2controlcli:/home/alumnos/acmp/colcon_ws/install/ros2controlcli/lib/python3.8/site-packages:/home/alumnos/acmp/colcon_ws/install/pmb2_description/lib/python3.8/site-packages:/home/alumnos/acmp/colcon_ws/build/launch_pal:/home/alumnos/acmp/colcon_ws/install/launch_pal/lib/python3.8/site-packages:/home/alumnos/acmp/colcon_ws/build/intro_py_ros2:/home/alumnos/acmp/colcon_ws/install/intro_py_ros2/lib/python3.8/site-packages:/home/alumnos/acmp/colcon_ws/install/controller_manager/lib/python3.8/site-packages:/home/alumnos/acmp/colcon_ws/install/controller_manager_msgs/lib/python3.8/site-packages:/home/alumnos/acmp/colcon_ws/install/blackboard_msgs/lib/python3.8/site-packages:/opt/ros/foxy/lib/python3.8/site-packages'), ('COLCON', '1'), ('VTE_VERSION', '6003'), ('EDITOR', '/usr/bin/vim'), ('CMAKE_PREFIX_PATH', '/home/alumnos/acmp/colcon_ws/install/gazebo_ros2_control_demos:/home/alumnos/acmp/colcon_ws/install/ros2_controllers:/home/alumnos/acmp/colcon_ws/install/velocity_controllers:/home/alumnos/acmp/colcon_ws/install/urdf_test:/home/alumnos/acmp/colcon_ws/install/tiago_simulation:/home/alumnos/acmp/colcon_ws/install/tiago_robot:/home/alumnos/acmp/colcon_ws/install/tiago_2dnav_gazebo:/home/alumnos/acmp/colcon_ws/install/tiago_gazebo:/home/alumnos/acmp/colcon_ws/install/tiago_bringup:/home/alumnos/acmp/colcon_ws/install/pmb2_robot:/home/alumnos/acmp/colcon_ws/install/pmb2_bringup:/home/alumnos/acmp/colcon_ws/install/twist_mux:/home/alumnos/acmp/colcon_ws/install/transmission_interface:/home/alumnos/acmp/colcon_ws/install/tiago_description:/home/alumnos/acmp/colcon_ws/install/tiago_description_calibration:/home/alumnos/acmp/colcon_ws/install/tiago_controller_configuration:/home/alumnos/acmp/colcon_ws/install/test_hfsm:/home/alumnos/acmp/colcon_ws/install/test_ci:/home/alumnos/acmp/colcon_ws/install/services_ros2:/home/alumnos/acmp/colcon_ws/install/rqt_cascade_hfsm:/home/alumnos/acmp/colcon_ws/install/actions_ros2:/home/alumnos/acmp/colcon_ws/install/ros2talk_msgs:/home/alumnos/acmp/colcon_ws/install/ros2_control:/home/alumnos/acmp/colcon_ws/install/ros2_control_test_assets:/home/alumnos/acmp/colcon_ws/install/pal_gripper:/home/alumnos/acmp/colcon_ws/install/pal_gripper_controller_configuration:/home/alumnos/acmp/colcon_ws/install/position_controllers:/home/alumnos/acmp/colcon_ws/install/pmb2_navigation:/home/alumnos/acmp/colcon_ws/install/pmb2_2dnav:/home/alumnos/acmp/colcon_ws/install/pmb2_maps:/home/alumnos/acmp/colcon_ws/install/pmb2_description:/home/alumnos/acmp/colcon_ws/install/pmb2_controller_configuration:/home/alumnos/acmp/colcon_ws/install/parameters_ros2:/home/alumnos/acmp/colcon_ws/install/pal_gripper_description:/home/alumnos/acmp/colcon_ws/install/pal_gazebo_worlds:/home/alumnos/acmp/colcon_ws/install/lifecycle_nodes_ros2:/home/alumnos/acmp/colcon_ws/install/launchers_ros2:/home/alumnos/acmp/colcon_ws/install/joint_trajectory_controller:/home/alumnos/acmp/colcon_ws/install/joint_state_controller:/home/alumnos/acmp/colcon_ws/install/joint_state_broadcaster:/home/alumnos/acmp/colcon_ws/install/intro_ros2:/home/alumnos/acmp/colcon_ws/install/imu_sensor_broadcaster:/home/alumnos/acmp/colcon_ws/install/hey5_description:/home/alumnos/acmp/colcon_ws/install/gripper_controllers:/home/alumnos/acmp/colcon_ws/install/gazebo_ros2_control:/home/alumnos/acmp/colcon_ws/install/effort_controllers:/home/alumnos/acmp/colcon_ws/install/forward_command_controller:/home/alumnos/acmp/colcon_ws/install/force_torque_sensor_broadcaster:/home/alumnos/acmp/colcon_ws/install/diff_drive_controller:/home/alumnos/acmp/colcon_ws/install/controller_manager:/home/alumnos/acmp/colcon_ws/install/controller_interface:/home/alumnos/acmp/colcon_ws/install/hardware_interface:/home/alumnos/acmp/colcon_ws/install/groot:/home/alumnos/acmp/colcon_ws/install/example_test:/home/alumnos/acmp/colcon_ws/install/controller_manager_msgs:/home/alumnos/acmp/colcon_ws/install/br2_tiago:/home/alumnos/acmp/colcon_ws/install/br2_navigation:/home/alumnos/acmp/colcon_ws/install/blackboard:/home/alumnos/acmp/colcon_ws/install/blackboard_msgs:/home/alumnos/acmp/colcon_ws/install/ros2controlcli:/home/alumnos/acmp/colcon_ws/install/launch_pal:/home/alumnos/acmp/colcon_ws/install/intro_py_ros2:/opt/ros/foxy')]), 'shell': False}
[0.099085] (-) TimerEvent: {}
[0.150580] (follow-wall) StdoutLine: {'line': b'\x1b[35m\x1b[1mScanning dependencies of target follow_wall_lifecycle\x1b[0m\n'}
[0.183451] (follow-wall) StdoutLine: {'line': b'[ 30%] Built target gtest\n'}
[0.199230] (-) TimerEvent: {}
[0.205336] (follow-wall) StdoutLine: {'line': b'[ 40%] Built target gtest_main\n'}
[0.235283] (follow-wall) StderrLine: {'line': b"make[2]: Atenci\xc3\xb3n: El archivo 'CMakeFiles/follow_wall_lifecycle.dir/depend.make' tiene una hora de modificaci\xc3\xb3n 0,057 s en el futuro\n"}
[0.276009] (follow-wall) StdoutLine: {'line': b'[ 50%] \x1b[32mBuilding CXX object CMakeFiles/follow_wall_lifecycle.dir/src/follow_wall_lifecycle/follow_wall_lifecycle.cpp.o\x1b[0m\n'}
[0.299356] (-) TimerEvent: {}
[0.399661] (-) TimerEvent: {}
[0.499930] (-) TimerEvent: {}
[0.600234] (-) TimerEvent: {}
[0.700552] (-) TimerEvent: {}
[0.800853] (-) TimerEvent: {}
[0.901168] (-) TimerEvent: {}
[1.001478] (-) TimerEvent: {}
[1.101793] (-) TimerEvent: {}
[1.202104] (-) TimerEvent: {}
[1.302368] (-) TimerEvent: {}
[1.402660] (-) TimerEvent: {}
[1.502983] (-) TimerEvent: {}
[1.524017] (follow-wall) StderrLine: {'line': b'In file included from \x1b[01m\x1b[K/home/alumnos/acmp/colcon_ws/src/follow-wall-roboros/src/follow_wall_lifecycle/follow_wall_lifecycle.cpp:15\x1b[m\x1b[K:\n'}
[1.524206] (follow-wall) StderrLine: {'line': b'\x1b[01m\x1b[K/home/alumnos/acmp/colcon_ws/src/follow-wall-roboros/include/follow_wall_lifecycle/follow_wall_lifecycle.hpp:75:51:\x1b[m\x1b[K \x1b[01;31m\x1b[Kerror: \x1b[m\x1b[Ktemplate argument 1 is invalid\n'}
[1.524984] (follow-wall) StderrLine: {'line': b'   75 |     rclcpp::Subscription<sensor_msgs/msg/LaserScan\x1b[01;31m\x1b[K>\x1b[m\x1b[K::SharedPtr lasersub_;\n'}
[1.525043] (follow-wall) StderrLine: {'line': b'      |                                                   \x1b[01;31m\x1b[K^\x1b[m\x1b[K\n'}
[1.525098] (follow-wall) StderrLine: {'line': b'\x1b[01m\x1b[K/home/alumnos/acmp/colcon_ws/src/follow-wall-roboros/include/follow_wall_lifecycle/follow_wall_lifecycle.hpp:75:51:\x1b[m\x1b[K \x1b[01;31m\x1b[Kerror: \x1b[m\x1b[Ktemplate argument 3 is invalid\n'}
[1.525179] (follow-wall) StderrLine: {'line': b'\x1b[01m\x1b[K/home/alumnos/acmp/colcon_ws/src/follow-wall-roboros/include/follow_wall_lifecycle/follow_wall_lifecycle.hpp:75:54:\x1b[m\x1b[K \x1b[01;31m\x1b[Kerror: \x1b[m\x1b[Kexpected \xe2\x80\x98\x1b[01m\x1b[K;\x1b[m\x1b[K\xe2\x80\x99 at end of member declaration\n'}
[1.525914] (follow-wall) StderrLine: {'line': b'   75 |     rclcpp::Subscription<sensor_msgs/msg/LaserScan>::\x1b[01;31m\x1b[KSharedPtr\x1b[m\x1b[K lasersub_;\n'}
[1.525983] (follow-wall) StderrLine: {'line': b'      |                                                      \x1b[01;31m\x1b[K^~~~~~~~~\x1b[m\x1b[K\n'}
[1.526180] (follow-wall) StderrLine: {'line': b'      |                                                               \x1b[32m\x1b[K;\x1b[m\x1b[K\n'}
[1.526763] (follow-wall) StderrLine: {'line': b'\x1b[01m\x1b[K/home/alumnos/acmp/colcon_ws/src/follow-wall-roboros/include/follow_wall_lifecycle/follow_wall_lifecycle.hpp:75:64:\x1b[m\x1b[K \x1b[01;31m\x1b[Kerror: \x1b[m\x1b[K\xe2\x80\x98\x1b[01m\x1b[Klasersub_\x1b[m\x1b[K\xe2\x80\x99 does not name a type\n'}
[1.526828] (follow-wall) StderrLine: {'line': b'   75 |     rclcpp::Subscription<sensor_msgs/msg/LaserScan>::SharedPtr \x1b[01;31m\x1b[Klasersub_\x1b[m\x1b[K;\n'}
[1.526886] (follow-wall) StderrLine: {'line': b'      |                                                                \x1b[01;31m\x1b[K^~~~~~~~~\x1b[m\x1b[K\n'}
[1.531449] (follow-wall) StderrLine: {'line': b'\x1b[01m\x1b[K/home/alumnos/acmp/colcon_ws/src/follow-wall-roboros/src/follow_wall_lifecycle/follow_wall_lifecycle.cpp:\x1b[m\x1b[K In constructor \xe2\x80\x98\x1b[01m\x1b[KLCNcalc_dir::LCNcalc_dir()\x1b[m\x1b[K\xe2\x80\x99:\n'}
[1.531668] (follow-wall) StderrLine: {'line': b'\x1b[01m\x1b[K/home/alumnos/acmp/colcon_ws/src/follow-wall-roboros/src/follow_wall_lifecycle/follow_wall_lifecycle.cpp:43:5:\x1b[m\x1b[K \x1b[01;31m\x1b[Kerror: \x1b[m\x1b[K\xe2\x80\x98\x1b[01m\x1b[Klasersub_\x1b[m\x1b[K\xe2\x80\x99 was not declared in this scope\n'}
[1.532301] (follow-wall) StderrLine: {'line': b'   43 |     \x1b[01;31m\x1b[Klasersub_\x1b[m\x1b[K = create_subscription<sensor_msgs/msg/LaserScan>(\n'}
[1.532395] (follow-wall) StderrLine: {'line': b'      |     \x1b[01;31m\x1b[K^~~~~~~~~\x1b[m\x1b[K\n'}
[1.532454] (follow-wall) StderrLine: {'line': b'\x1b[01m\x1b[K/home/alumnos/acmp/colcon_ws/src/follow-wall-roboros/src/follow_wall_lifecycle/follow_wall_lifecycle.cpp:43:17:\x1b[m\x1b[K \x1b[01;31m\x1b[Kerror: \x1b[m\x1b[Kparse error in template argument list\n'}
[1.533051] (follow-wall) StderrLine: {'line': b'   43 |     lasersub_ = \x1b[01;31m\x1b[Kcreate_subscription<sensor_msgs/msg/LaserScan>\x1b[m\x1b[K(\n'}
[1.533128] (follow-wall) StderrLine: {'line': b'      |                 \x1b[01;31m\x1b[K^~~~~~~~~~~~~~~~~~~~~~~~~~~~~~~~~~~~~~~~~~~~~~\x1b[m\x1b[K\n'}
[1.538854] (follow-wall) StderrLine: {'line': b'\x1b[01m\x1b[K/home/alumnos/acmp/colcon_ws/src/follow-wall-roboros/src/follow_wall_lifecycle/follow_wall_lifecycle.cpp:44:66:\x1b[m\x1b[K \x1b[01;31m\x1b[Kerror: \x1b[m\x1b[Kno matching function for call to \xe2\x80\x98\x1b[01m\x1b[KLCNcalc_dir::create_subscription<<expression error> >(const char [9], int, std::_Bind_helper<false, void (LCNcalc_dir::*)(std::shared_ptr<sensor_msgs::msg::LaserScan_<std::allocator<void> > >), LCNcalc_dir*, const std::_Placeholder<1>&>::type)\x1b[m\x1b[K\xe2\x80\x99\n'}
[1.539027] (follow-wall) StderrLine: {'line': b'   44 |       "scan_raw", 10, std::bind(&LCNcalc_dir::callback, this, _1)\x1b[01;31m\x1b[K)\x1b[m\x1b[K;\n'}
[1.539770] (follow-wall) StderrLine: {'line': b'      |                                                                  \x1b[01;31m\x1b[K^\x1b[m\x1b[K\n'}
[1.539839] (follow-wall) StderrLine: {'line': b'In file included from \x1b[01m\x1b[K/home/alumnos/acmp/colcon_ws/src/follow-wall-roboros/include/follow_wall_lifecycle/follow_wall_lifecycle.hpp:24\x1b[m\x1b[K,\n'}
[1.539915] (follow-wall) StderrLine: {'line': b'                 from \x1b[01m\x1b[K/home/alumnos/acmp/colcon_ws/src/follow-wall-roboros/src/follow_wall_lifecycle/follow_wall_lifecycle.cpp:15\x1b[m\x1b[K:\n'}
[1.540647] (follow-wall) StderrLine: {'line': b'\x1b[01m\x1b[K/opt/ros/foxy/include/rclcpp_lifecycle/lifecycle_node.hpp:230:3:\x1b[m\x1b[K \x1b[01;36m\x1b[Knote: \x1b[m\x1b[Kcandidate: \xe2\x80\x98\x1b[01m\x1b[Ktemplate<class MessageT, class CallbackT, class AllocatorT, class CallbackMessageT, class SubscriptionT, class MessageMemoryStrategyT> std::shared_ptr<SubscriptionT> rclcpp_lifecycle::LifecycleNode::create_subscription(const string&, const rclcpp::QoS&, CallbackT&&, const rclcpp::SubscriptionOptionsWithAllocator<AllocatorT>&, typename MessageMemoryStrategyT::SharedPtr)\x1b[m\x1b[K\xe2\x80\x99\n'}
[1.540733] (follow-wall) StderrLine: {'line': b'  230 |   \x1b[01;36m\x1b[Kcreate_subscription\x1b[m\x1b[K(\n'}
[1.540804] (follow-wall) StderrLine: {'line': b'      |   \x1b[01;36m\x1b[K^~~~~~~~~~~~~~~~~~~\x1b[m\x1b[K\n'}
[1.541535] (follow-wall) StderrLine: {'line': b'\x1b[01m\x1b[K/opt/ros/foxy/include/rclcpp_lifecycle/lifecycle_node.hpp:230:3:\x1b[m\x1b[K \x1b[01;36m\x1b[Knote: \x1b[m\x1b[K  template argument deduction/substitution failed:\n'}
[1.541596] (follow-wall) StderrLine: {'line': b'\x1b[01m\x1b[K/home/alumnos/acmp/colcon_ws/src/follow-wall-roboros/src/follow_wall_lifecycle/follow_wall_lifecycle.cpp:44:66:\x1b[m\x1b[K \x1b[01;31m\x1b[Kerror: \x1b[m\x1b[Ktemplate argument 1 is invalid\n'}
[1.541653] (follow-wall) StderrLine: {'line': b'   44 |       "scan_raw", 10, std::bind(&LCNcalc_dir::callback, this, _1)\x1b[01;31m\x1b[K)\x1b[m\x1b[K;\n'}
[1.541706] (follow-wall) StderrLine: {'line': b'      |                                                                  \x1b[01;31m\x1b[K^\x1b[m\x1b[K\n'}
[1.549129] (follow-wall) StderrLine: {'line': b'\x1b[01m\x1b[K/home/alumnos/acmp/colcon_ws/src/follow-wall-roboros/src/follow_wall_lifecycle/follow_wall_lifecycle.cpp:\x1b[m\x1b[K At global scope:\n'}
[1.549306] (follow-wall) StderrLine: {'line': b'\x1b[01m\x1b[K/home/alumnos/acmp/colcon_ws/src/follow-wall-roboros/src/follow_wall_lifecycle/follow_wall_lifecycle.cpp:100:14:\x1b[m\x1b[K \x1b[01;31m\x1b[Kerror: \x1b[m\x1b[Kexpected unqualified-id before \xe2\x80\x98\x1b[01m\x1b[Kvoid\x1b[m\x1b[K\xe2\x80\x99\n'}
[1.550065] (follow-wall) StderrLine: {'line': b'  100 | LCNcalc_dir::\x1b[01;31m\x1b[Kvoid\x1b[m\x1b[K callback(const sensor_msgs::msg::LaserScan::SharedPtr msg) const\n'}
[1.550130] (follow-wall) StderrLine: {'line': b'      |              \x1b[01;31m\x1b[K^~~~\x1b[m\x1b[K\n'}
[1.603103] (-) TimerEvent: {}
[1.703380] (-) TimerEvent: {}
[1.803620] (-) TimerEvent: {}
[1.903935] (-) TimerEvent: {}
[2.004228] (-) TimerEvent: {}
[2.104469] (-) TimerEvent: {}
[2.204751] (-) TimerEvent: {}
[2.305028] (-) TimerEvent: {}
[2.398680] (follow-wall) StderrLine: {'line': b'make[2]: *** [CMakeFiles/follow_wall_lifecycle.dir/build.make:63: CMakeFiles/follow_wall_lifecycle.dir/src/follow_wall_lifecycle/follow_wall_lifecycle.cpp.o] Error 1\n'}
[2.399165] (follow-wall) StderrLine: {'line': b'make[1]: *** [CMakeFiles/Makefile2:148: CMakeFiles/follow_wall_lifecycle.dir/all] Error 2\n'}
[2.399692] (follow-wall) StderrLine: {'line': b'make: *** [Makefile:141: all] Error 2\n'}
[2.401370] (follow-wall) CommandEnded: {'returncode': 2}
[2.405220] (-) TimerEvent: {}
[2.490700] (follow-wall) JobEnded: {'identifier': 'follow-wall', 'rc': 2}
[2.501923] (-) EventReactorShutdown: {}
