[0.118s] Invoking command in '/home/alumnos/acmp/colcon_ws/src/follow-wall-roboros/build/follow-wall': CMAKE_PREFIX_PATH=${CMAKE_PREFIX_PATH}:/home/alumnos/acmp/colcon_ws/install/ros2controlcli:/home/alumnos/acmp/colcon_ws/install/launch_pal:/home/alumnos/acmp/colcon_ws/install/intro_py_ros2:/opt/ros/foxy /usr/bin/cmake --build /home/alumnos/acmp/colcon_ws/src/follow-wall-roboros/build/follow-wall -- -j4 -l4
[0.259s] [35m[1mScanning dependencies of target follow_wall_lifecycle[0m
[0.283s] [ 40%] Built target gtest
[0.284s] [ 40%] Built target gtest_main
[0.329s] make[2]: Atención: El archivo 'CMakeFiles/follow_wall_lifecycle.dir/depend.make' tiene una hora de modificación 0,072 s en el futuro
[0.375s] [ 50%] [32mBuilding CXX object CMakeFiles/follow_wall_lifecycle.dir/src/follow_wall_lifecycle/follow_wall_lifecycle.cpp.o[0m
[1.614s] In file included from [01m[K/home/alumnos/acmp/colcon_ws/src/follow-wall-roboros/src/follow_wall_lifecycle/follow_wall_lifecycle.cpp:15[m[K:
[1.615s] [01m[K/home/alumnos/acmp/colcon_ws/src/follow-wall-roboros/include/follow_wall_lifecycle/follow_wall_lifecycle.hpp:62:31:[m[K [01;31m[Kerror: [m[K‘[01m[KLASERPARTITION[m[K’ was not declared in this scope
[1.615s]    62 |     float average_side_values[[01;31m[KLASERPARTITION[m[K][2];
[1.616s]       |                               [01;31m[K^~~~~~~~~~~~~~[m[K
[1.624s] [01m[K/home/alumnos/acmp/colcon_ws/src/follow-wall-roboros/include/follow_wall_lifecycle/follow_wall_lifecycle.hpp:66:23:[m[K [01;31m[Kerror: [m[K‘[01m[KLifecycleSuscriptor[m[K’ in namespace ‘[01m[Krclcpp_lifecycle[m[K’ does not name a template type
[1.624s]    66 |     rclcpp_lifecycle::[01;31m[KLifecycleSuscriptor[m[K<geometry_msgs::msg::Twist>::SharedPtr lasersub_;
[1.624s]       |                       [01;31m[K^~~~~~~~~~~~~~~~~~~[m[K
[1.626s] [01m[K/home/alumnos/acmp/colcon_ws/src/follow-wall-roboros/include/follow_wall_lifecycle/follow_wall_lifecycle.hpp:80:23:[m[K [01;31m[Kerror: [m[K‘[01m[Ksensor_msgs[m[K’ does not name a type
[1.626s]    80 |   void callback(const [01;31m[Ksensor_msgs[m[K::msg::LaserScan::SharedPtr msg);
[1.626s]       |                       [01;31m[K^~~~~~~~~~~[m[K
[1.627s] [01m[K/home/alumnos/acmp/colcon_ws/src/follow-wall-roboros/include/follow_wall_lifecycle/follow_wall_lifecycle.hpp:80:39:[m[K [01;31m[Kerror: [m[Kexpected unqualified-id before ‘[01m[K::[m[K’ token
[1.627s]    80 |   void callback(const sensor_msgs::msg[01;31m[K::[m[KLaserScan::SharedPtr msg);
[1.627s]       |                                       [01;31m[K^~[m[K
[1.627s] [01m[K/home/alumnos/acmp/colcon_ws/src/follow-wall-roboros/include/follow_wall_lifecycle/follow_wall_lifecycle.hpp:80:39:[m[K [01;31m[Kerror: [m[Kexpected ‘[01m[K)[m[K’ before ‘[01m[K::[m[K’ token
[1.627s]    80 |   void callback[34m[K([m[Kconst sensor_msgs::msg[01;31m[K:[m[K[32m[K:[m[KLaserScan::SharedPtr msg);
[1.628s]       |                [34m[K~[m[K                      [01;31m[K^[m[K[32m[K~[m[K
[1.628s]       |                                       [32m[K)[m[K
[1.628s] [01m[K/home/alumnos/acmp/colcon_ws/src/follow-wall-roboros/include/follow_wall_lifecycle/follow_wall_lifecycle.hpp:80:36:[m[K [01;31m[Kerror: [m[Kexpected ‘[01m[K;[m[K’ at end of member declaration
[1.628s]    80 |   void callback(const sensor_msgs::[01;31m[Kmsg[m[K::LaserScan::SharedPtr msg);
[1.628s]       |                                    [01;31m[K^~~[m[K
[1.629s]       |                                       [32m[K;[m[K
[1.629s] [01m[K/home/alumnos/acmp/colcon_ws/src/follow-wall-roboros/include/follow_wall_lifecycle/follow_wall_lifecycle.hpp:80:41:[m[K [01;31m[Kerror: [m[K‘[01m[KLaserScan[m[K’ in namespace ‘[01m[K::[m[K’ does not name a type
[1.629s]    80 |   void callback(const sensor_msgs::msg::[01;31m[KLaserScan[m[K::SharedPtr msg);
[1.629s]       |                                         [01;31m[K^~~~~~~~~[m[K
[1.629s] [01m[K/home/alumnos/acmp/colcon_ws/src/follow-wall-roboros/src/follow_wall_lifecycle/follow_wall_lifecycle.cpp:[m[K In function ‘[01m[Kint rad2degr(float)[m[K’:
[1.630s] [01m[K/home/alumnos/acmp/colcon_ws/src/follow-wall-roboros/src/follow_wall_lifecycle/follow_wall_lifecycle.cpp:18:12:[m[K [01;31m[Kerror: [m[Kexpected primary-expression before ‘[01m[Kfloat[m[K’
[1.630s]    18 |     return [01;31m[Kfloat[m[K*(180/3.1416);
[1.630s]       |            [01;31m[K^~~~~[m[K
[1.630s] [01m[K/home/alumnos/acmp/colcon_ws/src/follow-wall-roboros/src/follow_wall_lifecycle/follow_wall_lifecycle.cpp:18:11:[m[K [01;31m[Kerror: [m[Kexpected ‘[01m[K;[m[K’ before ‘[01m[Kfloat[m[K’
[1.630s]    18 |     return[01;31m[K [m[K[32m[Kfloat[m[K*(180/3.1416);
[1.630s]       |           [01;31m[K^[m[K[32m[K~~~~~[m[K
[1.634s]       |           [32m[K;[m[K
[1.635s] [01m[K/home/alumnos/acmp/colcon_ws/src/follow-wall-roboros/src/follow_wall_lifecycle/follow_wall_lifecycle.cpp:18:19:[m[K [01;31m[Kerror: [m[Kexpected unqualified-id before numeric constant
[1.635s]    18 |     return float*([01;31m[K180[m[K/3.1416);
[1.635s]       |                   [01;31m[K^~~[m[K
[1.635s] [01m[K/home/alumnos/acmp/colcon_ws/src/follow-wall-roboros/src/follow_wall_lifecycle/follow_wall_lifecycle.cpp:18:19:[m[K [01;31m[Kerror: [m[Kexpected ‘[01m[K)[m[K’ before numeric constant
[1.636s]    18 |     return float*[34m[K([m[K[01;31m[K1[m[K[32m[K80[m[K/3.1416);
[1.636s]       |                  [34m[K~[m[K[01;31m[K^[m[K[32m[K~~[m[K
[1.636s]       |                   [32m[K)[m[K
[1.636s] [01m[K/home/alumnos/acmp/colcon_ws/src/follow-wall-roboros/src/follow_wall_lifecycle/follow_wall_lifecycle.cpp:17:20:[m[K [01;35m[Kwarning: [m[Kunused parameter ‘[01m[Krad[m[K’ [[01;35m[K-Wunused-parameter[m[K]
[1.637s]    17 | int rad2degr([01;35m[Kfloat rad[m[K){
[1.641s]       |              [01;35m[K~~~~~~^~~[m[K
[1.641s] [01m[K/home/alumnos/acmp/colcon_ws/src/follow-wall-roboros/src/follow_wall_lifecycle/follow_wall_lifecycle.cpp:[m[K In constructor ‘[01m[KLCNcalc_dir::LCNcalc_dir()[m[K’:
[1.641s] [01m[K/home/alumnos/acmp/colcon_ws/src/follow-wall-roboros/src/follow_wall_lifecycle/follow_wall_lifecycle.cpp:47:5:[m[K [01;31m[Kerror: [m[K‘[01m[Klasersub_[m[K’ was not declared in this scope
[1.641s]    47 |     [01;31m[Klasersub_[m[K = create_subscription<sensor_msgs/msg/LaserScan>(
[1.641s]       |     [01;31m[K^~~~~~~~~[m[K
[1.641s] [01m[K/home/alumnos/acmp/colcon_ws/src/follow-wall-roboros/src/follow_wall_lifecycle/follow_wall_lifecycle.cpp:47:37:[m[K [01;31m[Kerror: [m[K‘[01m[Ksensor_msgs[m[K’ was not declared in this scope
[1.642s]    47 |     lasersub_ = create_subscription<[01;31m[Ksensor_msgs[m[K/msg/LaserScan>(
[1.642s]       |                                     [01;31m[K^~~~~~~~~~~[m[K
[1.642s] [01m[K/home/alumnos/acmp/colcon_ws/src/follow-wall-roboros/src/follow_wall_lifecycle/follow_wall_lifecycle.cpp:47:49:[m[K [01;31m[Kerror: [m[K‘[01m[Kmsg[m[K’ was not declared in this scope
[1.642s]    47 |     lasersub_ = create_subscription<sensor_msgs/[01;31m[Kmsg[m[K/LaserScan>(
[1.642s]       |                                                 [01;31m[K^~~[m[K
[1.642s] [01m[K/home/alumnos/acmp/colcon_ws/src/follow-wall-roboros/src/follow_wall_lifecycle/follow_wall_lifecycle.cpp:47:49:[m[K [01;36m[Knote: [m[Ksuggested alternatives:
[1.643s] In file included from [01m[K/opt/ros/foxy/include/lifecycle_msgs/msg/state.hpp:7[m[K,
[1.643s]                  from [01m[K/home/alumnos/acmp/colcon_ws/src/follow-wall-roboros/include/follow_wall_lifecycle/follow_wall_lifecycle.hpp:20[m[K,
[1.643s]                  from [01m[K/home/alumnos/acmp/colcon_ws/src/follow-wall-roboros/src/follow_wall_lifecycle/follow_wall_lifecycle.cpp:15[m[K:
[1.643s] [01m[K/opt/ros/foxy/include/lifecycle_msgs/msg/detail/state__struct.hpp:26:11:[m[K [01;36m[Knote: [m[K  ‘[01m[Klifecycle_msgs::msg[m[K’
[1.643s]    26 | namespace [01;36m[Kmsg[m[K
[1.644s]       |           [01;36m[K^~~[m[K
[1.644s] In file included from [01m[K/opt/ros/foxy/include/std_msgs/msg/float64.hpp:7[m[K,
[1.644s]                  from [01m[K/home/alumnos/acmp/colcon_ws/src/follow-wall-roboros/include/follow_wall_lifecycle/follow_wall_lifecycle.hpp:21[m[K,
[1.644s]                  from [01m[K/home/alumnos/acmp/colcon_ws/src/follow-wall-roboros/src/follow_wall_lifecycle/follow_wall_lifecycle.cpp:15[m[K:
[1.645s] [01m[K/opt/ros/foxy/include/std_msgs/msg/detail/float64__struct.hpp:26:11:[m[K [01;36m[Knote: [m[K  ‘[01m[Kstd_msgs::msg[m[K’
[1.645s]    26 | namespace [01;36m[Kmsg[m[K
[1.645s]       |           [01;36m[K^~~[m[K
[1.645s] In file included from [01m[K/opt/ros/foxy/include/builtin_interfaces/msg/duration.hpp:7[m[K,
[1.645s]                  from [01m[K/opt/ros/foxy/include/rclcpp/duration.hpp:20[m[K,
[1.649s]                  from [01m[K/opt/ros/foxy/include/rclcpp/qos.hpp:20[m[K,
[1.649s]                  from [01m[K/opt/ros/foxy/include/rclcpp/node_interfaces/node_graph_interface.hpp:31[m[K,
[1.650s]                  from [01m[K/opt/ros/foxy/include/rclcpp/client.hpp:34[m[K,
[1.650s]                  from [01m[K/opt/ros/foxy/include/rclcpp/callback_group.hpp:23[m[K,
[1.650s]                  from [01m[K/opt/ros/foxy/include/rclcpp/any_executable.hpp:20[m[K,
[1.650s]                  from [01m[K/opt/ros/foxy/include/rclcpp/memory_strategy.hpp:24[m[K,
[1.650s]                  from [01m[K/opt/ros/foxy/include/rclcpp/memory_strategies.hpp:18[m[K,
[1.655s]                  from [01m[K/opt/ros/foxy/include/rclcpp/executor_options.hpp:20[m[K,
[1.655s]                  from [01m[K/opt/ros/foxy/include/rclcpp/executor.hpp:33[m[K,
[1.656s]                  from [01m[K/opt/ros/foxy/include/rclcpp/executors/multi_threaded_executor.hpp:26[m[K,
[1.656s]                  from [01m[K/opt/ros/foxy/include/rclcpp/executors.hpp:21[m[K,
[1.656s]                  from [01m[K/opt/ros/foxy/include/rclcpp/rclcpp.hpp:146[m[K,
[1.656s]                  from [01m[K/home/alumnos/acmp/colcon_ws/src/follow-wall-roboros/include/follow_wall_lifecycle/follow_wall_lifecycle.hpp:23[m[K,
[1.656s]                  from [01m[K/home/alumnos/acmp/colcon_ws/src/follow-wall-roboros/src/follow_wall_lifecycle/follow_wall_lifecycle.cpp:15[m[K:
[1.656s] [01m[K/opt/ros/foxy/include/builtin_interfaces/msg/detail/duration__struct.hpp:26:11:[m[K [01;36m[Knote: [m[K  ‘[01m[Kbuiltin_interfaces::msg[m[K’
[1.656s]    26 | namespace [01;36m[Kmsg[m[K
[1.657s]       |           [01;36m[K^~~[m[K
[1.657s] In file included from [01m[K/opt/ros/foxy/include/statistics_msgs/msg/detail/metrics_message__struct.hpp:22[m[K,
[1.657s]                  from [01m[K/opt/ros/foxy/include/statistics_msgs/msg/metrics_message.hpp:7[m[K,
[1.661s]                  from [01m[K/opt/ros/foxy/include/libstatistics_collector/collector/generate_statistics_message.hpp:21[m[K,
[1.661s]                  from [01m[K/opt/ros/foxy/include/rclcpp/topic_statistics/subscription_topic_statistics.hpp:23[m[K,
[1.661s]                  from [01m[K/opt/ros/foxy/include/rclcpp/subscription.hpp:50[m[K,
[1.661s]                  from [01m[K/opt/ros/foxy/include/rclcpp/any_executable.hpp:25[m[K,
[1.661s]                  from [01m[K/opt/ros/foxy/include/rclcpp/memory_strategy.hpp:24[m[K,
[1.661s]                  from [01m[K/opt/ros/foxy/include/rclcpp/memory_strategies.hpp:18[m[K,
[1.662s]                  from [01m[K/opt/ros/foxy/include/rclcpp/executor_options.hpp:20[m[K,
[1.662s]                  from [01m[K/opt/ros/foxy/include/rclcpp/executor.hpp:33[m[K,
[1.662s]                  from [01m[K/opt/ros/foxy/include/rclcpp/executors/multi_threaded_executor.hpp:26[m[K,
[1.663s]                  from [01m[K/opt/ros/foxy/include/rclcpp/executors.hpp:21[m[K,
[1.663s]                  from [01m[K/opt/ros/foxy/include/rclcpp/rclcpp.hpp:146[m[K,
[1.663s]                  from [01m[K/home/alumnos/acmp/colcon_ws/src/follow-wall-roboros/include/follow_wall_lifecycle/follow_wall_lifecycle.hpp:23[m[K,
[1.663s]                  from [01m[K/home/alumnos/acmp/colcon_ws/src/follow-wall-roboros/src/follow_wall_lifecycle/follow_wall_lifecycle.cpp:15[m[K:
[1.663s] [01m[K/opt/ros/foxy/include/statistics_msgs/msg/detail/statistic_data_point__struct.hpp:26:11:[m[K [01;36m[Knote: [m[K  ‘[01m[Kstatistics_msgs::msg[m[K’
[1.663s]    26 | namespace [01;36m[Kmsg[m[K
[1.664s]       |           [01;36m[K^~~[m[K
[1.664s] In file included from [01m[K/opt/ros/foxy/include/rcl_interfaces/msg/list_parameters_result.hpp:7[m[K,
[1.664s]                  from [01m[K/opt/ros/foxy/include/rclcpp/node.hpp:34[m[K,
[1.664s]                  from [01m[K/opt/ros/foxy/include/rclcpp/executors/single_threaded_executor.hpp:28[m[K,
[1.665s]                  from [01m[K/opt/ros/foxy/include/rclcpp/executors.hpp:22[m[K,
[1.665s]                  from [01m[K/opt/ros/foxy/include/rclcpp/rclcpp.hpp:146[m[K,
[1.665s]                  from [01m[K/home/alumnos/acmp/colcon_ws/src/follow-wall-roboros/include/follow_wall_lifecycle/follow_wall_lifecycle.hpp:23[m[K,
[1.665s]                  from [01m[K/home/alumnos/acmp/colcon_ws/src/follow-wall-roboros/src/follow_wall_lifecycle/follow_wall_lifecycle.cpp:15[m[K:
[1.666s] [01m[K/opt/ros/foxy/include/rcl_interfaces/msg/detail/list_parameters_result__struct.hpp:26:11:[m[K [01;36m[Knote: [m[K  ‘[01m[Krcl_interfaces::msg[m[K’
[1.666s]    26 | namespace [01;36m[Kmsg[m[K
[1.666s]       |           [01;36m[K^~~[m[K
[1.666s] In file included from [01m[K/opt/ros/foxy/include/geometry_msgs/msg/detail/twist__struct.hpp:20[m[K,
[1.666s]                  from [01m[K/opt/ros/foxy/include/geometry_msgs/msg/twist.hpp:7[m[K,
[1.666s]                  from [01m[K/home/alumnos/acmp/colcon_ws/src/follow-wall-roboros/include/follow_wall_lifecycle/follow_wall_lifecycle.hpp:25[m[K,
[1.666s]                  from [01m[K/home/alumnos/acmp/colcon_ws/src/follow-wall-roboros/src/follow_wall_lifecycle/follow_wall_lifecycle.cpp:15[m[K:
[1.667s] [01m[K/opt/ros/foxy/include/geometry_msgs/msg/detail/vector3__struct.hpp:26:11:[m[K [01;36m[Knote: [m[K  ‘[01m[Kgeometry_msgs::msg[m[K’
[1.667s]    26 | namespace [01;36m[Kmsg[m[K
[1.667s]       |           [01;36m[K^~~[m[K
[1.667s] [01m[K/home/alumnos/acmp/colcon_ws/src/follow-wall-roboros/src/follow_wall_lifecycle/follow_wall_lifecycle.cpp:47:53:[m[K [01;31m[Kerror: [m[K‘[01m[KLaserScan[m[K’ was not declared in this scope
[1.668s]    47 |     lasersub_ = create_subscription<sensor_msgs/msg/[01;31m[KLaserScan[m[K>(
[1.672s]       |                                                     [01;31m[K^~~~~~~~~[m[K
[1.672s] [01m[K/home/alumnos/acmp/colcon_ws/src/follow-wall-roboros/src/follow_wall_lifecycle/follow_wall_lifecycle.cpp:48:34:[m[K [01;31m[Kerror: [m[K‘[01m[KEngineNode[m[K’ has not been declared
[1.672s]    48 |       "scan_raw", 10, std::bind(&[01;31m[KEngineNode[m[K::callback, this, _1));
[1.672s]       |                                  [01;31m[K^~~~~~~~~~[m[K
[1.673s] [01m[K/home/alumnos/acmp/colcon_ws/src/follow-wall-roboros/src/follow_wall_lifecycle/follow_wall_lifecycle.cpp:[m[K At global scope:
[1.673s] [01m[K/home/alumnos/acmp/colcon_ws/src/follow-wall-roboros/src/follow_wall_lifecycle/follow_wall_lifecycle.cpp:104:22:[m[K [01;31m[Kerror: [m[K‘[01m[Ksensor_msgs[m[K’ does not name a type
[1.673s]   104 |  void callback(const [01;31m[Ksensor_msgs[m[K::msg::LaserScan::SharedPtr msg) const
[1.673s]       |                      [01;31m[K^~~~~~~~~~~[m[K
[1.674s] [01m[K/home/alumnos/acmp/colcon_ws/src/follow-wall-roboros/src/follow_wall_lifecycle/follow_wall_lifecycle.cpp:104:38:[m[K [01;31m[Kerror: [m[Kexpected unqualified-id before ‘[01m[K::[m[K’ token
[1.674s]   104 |  void callback(const sensor_msgs::msg[01;31m[K::[m[KLaserScan::SharedPtr msg) const
[1.674s]       |                                      [01;31m[K^~[m[K
[1.674s] [01m[K/home/alumnos/acmp/colcon_ws/src/follow-wall-roboros/src/follow_wall_lifecycle/follow_wall_lifecycle.cpp:104:38:[m[K [01;31m[Kerror: [m[Kexpected ‘[01m[K)[m[K’ before ‘[01m[K::[m[K’ token
[1.674s]   104 |  void callback[34m[K([m[Kconst sensor_msgs::msg[01;31m[K:[m[K[32m[K:[m[KLaserScan::SharedPtr msg) const
[1.674s]       |               [34m[K~[m[K                      [01;31m[K^[m[K[32m[K~[m[K
[1.674s]       |                                      [32m[K)[m[K
[1.675s] [01m[K/home/alumnos/acmp/colcon_ws/src/follow-wall-roboros/src/follow_wall_lifecycle/follow_wall_lifecycle.cpp:104:38:[m[K [01;31m[Kerror: [m[Kexpected initializer before ‘[01m[K::[m[K’ token
[1.675s]   104 |  void callback(const sensor_msgs::msg[01;31m[K::[m[KLaserScan::SharedPtr msg) const
[1.675s]       |                                      [01;31m[K^~[m[K
[2.453s] make[2]: *** [CMakeFiles/follow_wall_lifecycle.dir/build.make:63: CMakeFiles/follow_wall_lifecycle.dir/src/follow_wall_lifecycle/follow_wall_lifecycle.cpp.o] Error 1
[2.454s] make[1]: *** [CMakeFiles/Makefile2:148: CMakeFiles/follow_wall_lifecycle.dir/all] Error 2
[2.454s] make: *** [Makefile:141: all] Error 2
[2.456s] Invoked command in '/home/alumnos/acmp/colcon_ws/src/follow-wall-roboros/build/follow-wall' returned '2': CMAKE_PREFIX_PATH=${CMAKE_PREFIX_PATH}:/home/alumnos/acmp/colcon_ws/install/ros2controlcli:/home/alumnos/acmp/colcon_ws/install/launch_pal:/home/alumnos/acmp/colcon_ws/install/intro_py_ros2:/opt/ros/foxy /usr/bin/cmake --build /home/alumnos/acmp/colcon_ws/src/follow-wall-roboros/build/follow-wall -- -j4 -l4
