[0.000000] (-) TimerEvent: {}
[0.000104] (follow-wall) JobQueued: {'identifier': 'follow-wall', 'dependencies': OrderedDict()}
[0.000131] (follow-wall) JobStarted: {'identifier': 'follow-wall'}
[0.056721] (follow-wall) JobProgress: {'identifier': 'follow-wall', 'progress': 'cmake'}
[0.059446] (follow-wall) Command: {'cmd': ['/usr/bin/cmake', '/home/alumnos/alejo/colcon_ws/src/follow-wall-roboros', '-DCMAKE_INSTALL_PREFIX=/home/alumnos/alejo/colcon_ws/src/follow-wall-roboros/install/follow-wall'], 'cwd': '/home/alumnos/alejo/colcon_ws/src/follow-wall-roboros/build/follow-wall', 'env': OrderedDict([('GJS_DEBUG_TOPICS', 'JS ERROR;JS LOG'), ('USER', 'alejo'), ('SSH_AGENT_PID', '83291'), ('XDG_SESSION_TYPE', 'x11'), ('SHLVL', '1'), ('LD_LIBRARY_PATH', '/home/alumnos/alejo/colcon_ws/install/velocity_controllers/lib:/home/alumnos/alejo/colcon_ws/install/test_ci/lib:/home/alumnos/alejo/colcon_ws/install/rqt_cascade_hfsm/lib:/home/alumnos/alejo/colcon_ws/install/ros2talk_msgs/lib:/home/alumnos/alejo/colcon_ws/install/position_controllers/lib:/home/alumnos/alejo/colcon_ws/install/joint_trajectory_controller/lib:/home/alumnos/alejo/colcon_ws/install/joint_state_controller/lib:/home/alumnos/alejo/colcon_ws/install/joint_state_broadcaster/lib:/home/alumnos/alejo/colcon_ws/install/imu_sensor_broadcaster/lib:/home/alumnos/alejo/colcon_ws/install/gripper_controllers/lib:/home/alumnos/alejo/colcon_ws/install/gazebo_ros2_control/lib:/home/alumnos/alejo/colcon_ws/install/effort_controllers/lib:/home/alumnos/alejo/colcon_ws/install/forward_command_controller/lib:/home/alumnos/alejo/colcon_ws/install/force_torque_sensor_broadcaster/lib:/home/alumnos/alejo/colcon_ws/install/diff_drive_controller/lib:/home/alumnos/alejo/colcon_ws/install/controller_manager/lib:/home/alumnos/alejo/colcon_ws/install/controller_interface/lib:/home/alumnos/alejo/colcon_ws/install/hardware_interface/lib:/home/alumnos/alejo/colcon_ws/install/groot/lib:/home/alumnos/alejo/colcon_ws/install/example_test/lib:/home/alumnos/alejo/colcon_ws/install/controller_manager_msgs/lib:/home/alumnos/alejo/colcon_ws/install/blackboard/lib:/home/alumnos/alejo/colcon_ws/install/blackboard_msgs/lib:/usr/lib/x86_64-linux-gnu/gazebo-11/plugins:/opt/ros/foxy/opt/yaml_cpp_vendor/lib:/opt/ros/foxy/opt/rviz_ogre_vendor/lib:/opt/ros/foxy/lib/x86_64-linux-gnu:/opt/ros/foxy/lib'), ('HOME', '/home/alumnos/alejo'), ('OLDPWD', '/home/alumnos/alejo'), ('DESKTOP_SESSION', 'ubuntu'), ('GIO_LAUNCHED_DESKTOP_FILE', '/usr/share/applications/terminator.desktop'), ('ROS_PYTHON_VERSION', '3'), ('GNOME_SHELL_SESSION_MODE', 'ubuntu'), ('GTK_MODULES', 'gail:atk-bridge'), ('MANAGERPID', '83091'), ('LC_CTYPE', 'C.UTF-8'), ('GOROOT', '/usr/lib/go'), ('DBUS_SESSION_BUS_ADDRESS', 'unix:path=/run/user/9313/bus'), ('MESG', 'y'), ('COLORTERM', 'truecolor'), ('TERMINATOR_DBUS_NAME', 'net.tenshu.Terminator23558193cd9818af7fe4d2c2f5bd9d00f'), ('GIO_LAUNCHED_DESKTOP_FILE_PID', '94923'), ('MANDATORY_PATH', '/usr/share/gconf/ubuntu.mandatory.path'), ('IM_CONFIG_PHASE', '1'), ('COLCON_PREFIX_PATH', '/home/alumnos/alejo/colcon_ws/install'), ('ROS_DISTRO', 'foxy'), ('LOGNAME', 'alejo'), ('JOURNAL_STREAM', '9:361019'), ('_', '/usr/bin/colcon'), ('ROS_VERSION', '2'), ('XDG_SESSION_CLASS', 'user'), ('DEFAULTS_PATH', '/usr/share/gconf/ubuntu.default.path'), ('USERNAME', 'alejo'), ('TERM', 'xterm-256color'), ('GNOME_DESKTOP_SESSION_ID', 'this-is-deprecated'), ('ROS_LOCALHOST_ONLY', '0'), ('WINDOWPATH', '2'), ('PATH', '/opt/ros/foxy/bin:/usr/local/sbin:/usr/local/bin:/usr/sbin:/usr/bin:/sbin:/bin:/usr/games:/usr/local/games:/usr/lib/go/bin:/opt/puppetlabs/bin/:./'), ('SESSION_MANAGER', 'local/f-l3202-pc18:@/tmp/.ICE-unix/83349,unix/f-l3202-pc18:/tmp/.ICE-unix/83349'), ('INVOCATION_ID', 'de8a10146b5a495786368105e9fceb9d'), ('XDG_MENU_PREFIX', 'gnome-'), ('XDG_RUNTIME_DIR', '/run/user/9313'), ('DISPLAY', ':1'), ('TERMINATOR_DBUS_PATH', '/net/tenshu/Terminator2'), ('LANG', 'C'), ('XDG_CURRENT_DESKTOP', 'ubuntu:GNOME'), ('XMODIFIERS', '@im=ibus'), ('XDG_SESSION_DESKTOP', 'ubuntu'), ('XAUTHORITY', '/run/user/9313/gdm/Xauthority'), ('SSH_AUTH_SOCK', '/run/user/9313/keyring/ssh'), ('ROS_DOMAIN_ID', '200'), ('AMENT_PREFIX_PATH', '/home/alumnos/alejo/colcon_ws/install/gazebo_ros2_control_demos:/home/alumnos/alejo/colcon_ws/install/ros2_controllers:/home/alumnos/alejo/colcon_ws/install/velocity_controllers:/home/alumnos/alejo/colcon_ws/install/urdf_test:/home/alumnos/alejo/colcon_ws/install/tiago_simulation:/home/alumnos/alejo/colcon_ws/install/tiago_robot:/home/alumnos/alejo/colcon_ws/install/tiago_2dnav_gazebo:/home/alumnos/alejo/colcon_ws/install/tiago_gazebo:/home/alumnos/alejo/colcon_ws/install/tiago_bringup:/home/alumnos/alejo/colcon_ws/install/pmb2_robot:/home/alumnos/alejo/colcon_ws/install/pmb2_bringup:/home/alumnos/alejo/colcon_ws/install/twist_mux:/home/alumnos/alejo/colcon_ws/install/transmission_interface:/home/alumnos/alejo/colcon_ws/install/tiago_description:/home/alumnos/alejo/colcon_ws/install/tiago_description_calibration:/home/alumnos/alejo/colcon_ws/install/tiago_controller_configuration:/home/alumnos/alejo/colcon_ws/install/test_hfsm:/home/alumnos/alejo/colcon_ws/install/test_ci:/home/alumnos/alejo/colcon_ws/install/services_ros2:/home/alumnos/alejo/colcon_ws/install/rqt_cascade_hfsm:/home/alumnos/alejo/colcon_ws/install/actions_ros2:/home/alumnos/alejo/colcon_ws/install/ros2talk_msgs:/home/alumnos/alejo/colcon_ws/install/ros2_control:/home/alumnos/alejo/colcon_ws/install/ros2controlcli:/home/alumnos/alejo/colcon_ws/install/ros2_control_test_assets:/home/alumnos/alejo/colcon_ws/install/prueba:/home/alumnos/alejo/colcon_ws/install/pal_gripper:/home/alumnos/alejo/colcon_ws/install/pal_gripper_controller_configuration:/home/alumnos/alejo/colcon_ws/install/position_controllers:/home/alumnos/alejo/colcon_ws/install/pmb2_navigation:/home/alumnos/alejo/colcon_ws/install/pmb2_2dnav:/home/alumnos/alejo/colcon_ws/install/pmb2_maps:/home/alumnos/alejo/colcon_ws/install/pmb2_description:/home/alumnos/alejo/colcon_ws/install/pmb2_controller_configuration:/home/alumnos/alejo/colcon_ws/install/parameters_ros2:/home/alumnos/alejo/colcon_ws/install/pal_gripper_description:/home/alumnos/alejo/colcon_ws/install/pal_gazebo_worlds:/home/alumnos/alejo/colcon_ws/install/lifecycle_nodes_ros2:/home/alumnos/alejo/colcon_ws/install/launchers_ros2:/home/alumnos/alejo/colcon_ws/install/launch_pal:/home/alumnos/alejo/colcon_ws/install/joint_trajectory_controller:/home/alumnos/alejo/colcon_ws/install/joint_state_controller:/home/alumnos/alejo/colcon_ws/install/joint_state_broadcaster:/home/alumnos/alejo/colcon_ws/install/intro_ros2:/home/alumnos/alejo/colcon_ws/install/intro_py_ros2:/home/alumnos/alejo/colcon_ws/install/imu_sensor_broadcaster:/home/alumnos/alejo/colcon_ws/install/hey5_description:/home/alumnos/alejo/colcon_ws/install/gripper_controllers:/home/alumnos/alejo/colcon_ws/install/gazebo_ros2_control:/home/alumnos/alejo/colcon_ws/install/effort_controllers:/home/alumnos/alejo/colcon_ws/install/forward_command_controller:/home/alumnos/alejo/colcon_ws/install/force_torque_sensor_broadcaster:/home/alumnos/alejo/colcon_ws/install/diff_drive_controller:/home/alumnos/alejo/colcon_ws/install/controller_manager:/home/alumnos/alejo/colcon_ws/install/controller_interface:/home/alumnos/alejo/colcon_ws/install/hardware_interface:/home/alumnos/alejo/colcon_ws/install/groot:/home/alumnos/alejo/colcon_ws/install/follow_wall:/home/alumnos/alejo/colcon_ws/install/follow-wall:/home/alumnos/alejo/colcon_ws/install/example_test:/home/alumnos/alejo/colcon_ws/install/controller_manager_msgs:/home/alumnos/alejo/colcon_ws/install/br2_tiago:/home/alumnos/alejo/colcon_ws/install/br2_navigation:/home/alumnos/alejo/colcon_ws/install/blackboard:/home/alumnos/alejo/colcon_ws/install/blackboard_msgs:/opt/ros/foxy'), ('SHELL', '/bin/bash'), ('TERMINATOR_UUID', 'urn:uuid:297fe589-77d4-463a-b967-bab2d85e25a8'), ('QT_ACCESSIBILITY', '1'), ('GDMSESSION', 'ubuntu'), ('GPG_AGENT_INFO', '/run/user/9313/gnupg/S.gpg-agent:0:1'), ('GJS_DEBUG_OUTPUT', 'stderr'), ('QT_IM_MODULE', 'ibus'), ('PWD', '/home/alumnos/alejo/colcon_ws/src/follow-wall-roboros/build/follow-wall'), ('XDG_CONFIG_DIRS', '/etc/xdg/xdg-ubuntu:/etc/xdg'), ('XDG_DATA_DIRS', '/usr/share/ubuntu:/usr/local/share/:/usr/share/'), ('PYTHONPATH', '/home/alumnos/alejo/colcon_ws/install/urdf_test/lib/python3.8/site-packages:/home/alumnos/alejo/colcon_ws/install/tiago_description/lib/python3.8/site-packages:/home/alumnos/alejo/colcon_ws/install/ros2talk_msgs/lib/python3.8/site-packages:/home/alumnos/alejo/colcon_ws/install/ros2controlcli/lib/python3.8/site-packages:/home/alumnos/alejo/colcon_ws/install/pmb2_description/lib/python3.8/site-packages:/home/alumnos/alejo/colcon_ws/install/launch_pal/lib/python3.8/site-packages:/home/alumnos/alejo/colcon_ws/install/intro_py_ros2/lib/python3.8/site-packages:/home/alumnos/alejo/colcon_ws/install/controller_manager/lib/python3.8/site-packages:/home/alumnos/alejo/colcon_ws/install/controller_manager_msgs/lib/python3.8/site-packages:/home/alumnos/alejo/colcon_ws/install/blackboard_msgs/lib/python3.8/site-packages:/opt/ros/foxy/lib/python3.8/site-packages'), ('COLCON', '1'), ('MANPATH', ':/opt/puppetlabs/puppet/share/man'), ('VTE_VERSION', '6003'), ('EDITOR', '/usr/bin/vim'), ('CMAKE_PREFIX_PATH', '/home/alumnos/alejo/colcon_ws/install/gazebo_ros2_control_demos:/home/alumnos/alejo/colcon_ws/install/ros2_controllers:/home/alumnos/alejo/colcon_ws/install/velocity_controllers:/home/alumnos/alejo/colcon_ws/install/urdf_test:/home/alumnos/alejo/colcon_ws/install/tiago_simulation:/home/alumnos/alejo/colcon_ws/install/tiago_robot:/home/alumnos/alejo/colcon_ws/install/tiago_2dnav_gazebo:/home/alumnos/alejo/colcon_ws/install/tiago_gazebo:/home/alumnos/alejo/colcon_ws/install/tiago_bringup:/home/alumnos/alejo/colcon_ws/install/pmb2_robot:/home/alumnos/alejo/colcon_ws/install/pmb2_bringup:/home/alumnos/alejo/colcon_ws/install/twist_mux:/home/alumnos/alejo/colcon_ws/install/transmission_interface:/home/alumnos/alejo/colcon_ws/install/tiago_description:/home/alumnos/alejo/colcon_ws/install/tiago_description_calibration:/home/alumnos/alejo/colcon_ws/install/tiago_controller_configuration:/home/alumnos/alejo/colcon_ws/install/test_hfsm:/home/alumnos/alejo/colcon_ws/install/test_ci:/home/alumnos/alejo/colcon_ws/install/services_ros2:/home/alumnos/alejo/colcon_ws/install/rqt_cascade_hfsm:/home/alumnos/alejo/colcon_ws/install/actions_ros2:/home/alumnos/alejo/colcon_ws/install/ros2talk_msgs:/home/alumnos/alejo/colcon_ws/install/ros2_control:/home/alumnos/alejo/colcon_ws/install/ros2_control_test_assets:/home/alumnos/alejo/colcon_ws/install/prueba:/home/alumnos/alejo/colcon_ws/install/pal_gripper:/home/alumnos/alejo/colcon_ws/install/pal_gripper_controller_configuration:/home/alumnos/alejo/colcon_ws/install/position_controllers:/home/alumnos/alejo/colcon_ws/install/pmb2_navigation:/home/alumnos/alejo/colcon_ws/install/pmb2_2dnav:/home/alumnos/alejo/colcon_ws/install/pmb2_maps:/home/alumnos/alejo/colcon_ws/install/pmb2_description:/home/alumnos/alejo/colcon_ws/install/pmb2_controller_configuration:/home/alumnos/alejo/colcon_ws/install/parameters_ros2:/home/alumnos/alejo/colcon_ws/install/pal_gripper_description:/home/alumnos/alejo/colcon_ws/install/pal_gazebo_worlds:/home/alumnos/alejo/colcon_ws/install/lifecycle_nodes_ros2:/home/alumnos/alejo/colcon_ws/install/launchers_ros2:/home/alumnos/alejo/colcon_ws/install/joint_trajectory_controller:/home/alumnos/alejo/colcon_ws/install/joint_state_controller:/home/alumnos/alejo/colcon_ws/install/joint_state_broadcaster:/home/alumnos/alejo/colcon_ws/install/intro_ros2:/home/alumnos/alejo/colcon_ws/install/imu_sensor_broadcaster:/home/alumnos/alejo/colcon_ws/install/hey5_description:/home/alumnos/alejo/colcon_ws/install/gripper_controllers:/home/alumnos/alejo/colcon_ws/install/gazebo_ros2_control:/home/alumnos/alejo/colcon_ws/install/effort_controllers:/home/alumnos/alejo/colcon_ws/install/forward_command_controller:/home/alumnos/alejo/colcon_ws/install/force_torque_sensor_broadcaster:/home/alumnos/alejo/colcon_ws/install/diff_drive_controller:/home/alumnos/alejo/colcon_ws/install/controller_manager:/home/alumnos/alejo/colcon_ws/install/controller_interface:/home/alumnos/alejo/colcon_ws/install/hardware_interface:/home/alumnos/alejo/colcon_ws/install/groot:/home/alumnos/alejo/colcon_ws/install/follow_wall:/home/alumnos/alejo/colcon_ws/install/follow-wall:/home/alumnos/alejo/colcon_ws/install/example_test:/home/alumnos/alejo/colcon_ws/install/controller_manager_msgs:/home/alumnos/alejo/colcon_ws/install/br2_tiago:/home/alumnos/alejo/colcon_ws/install/br2_navigation:/home/alumnos/alejo/colcon_ws/install/blackboard:/home/alumnos/alejo/colcon_ws/install/blackboard_msgs:/home/alumnos/alejo/colcon_ws/install/ros2controlcli:/home/alumnos/alejo/colcon_ws/install/launch_pal:/home/alumnos/alejo/colcon_ws/install/intro_py_ros2:/opt/ros/foxy')]), 'shell': False}
[0.099460] (-) TimerEvent: {}
[0.199762] (-) TimerEvent: {}
[0.281651] (follow-wall) StdoutLine: {'line': b'-- The C compiler identification is GNU 9.3.0\n'}
[0.300136] (-) TimerEvent: {}
[0.401035] (-) TimerEvent: {}
[0.414648] (follow-wall) StdoutLine: {'line': b'-- The CXX compiler identification is GNU 9.3.0\n'}
[0.437729] (follow-wall) StdoutLine: {'line': b'-- Check for working C compiler: /usr/bin/cc\n'}
[0.501138] (-) TimerEvent: {}
[0.601402] (-) TimerEvent: {}
[0.701712] (-) TimerEvent: {}
[0.703323] (follow-wall) StdoutLine: {'line': b'-- Check for working C compiler: /usr/bin/cc -- works\n'}
[0.705562] (follow-wall) StdoutLine: {'line': b'-- Detecting C compiler ABI info\n'}
[0.801821] (-) TimerEvent: {}
[0.902052] (-) TimerEvent: {}
[0.951979] (follow-wall) StdoutLine: {'line': b'-- Detecting C compiler ABI info - done\n'}
[0.976525] (follow-wall) StdoutLine: {'line': b'-- Detecting C compile features\n'}
[0.976722] (follow-wall) StdoutLine: {'line': b'-- Detecting C compile features - done\n'}
[0.993458] (follow-wall) StdoutLine: {'line': b'-- Check for working CXX compiler: /usr/bin/c++\n'}
[1.002219] (-) TimerEvent: {}
[1.102526] (-) TimerEvent: {}
[1.203362] (-) TimerEvent: {}
[1.224582] (follow-wall) StdoutLine: {'line': b'-- Check for working CXX compiler: /usr/bin/c++ -- works\n'}
[1.226965] (follow-wall) StdoutLine: {'line': b'-- Detecting CXX compiler ABI info\n'}
[1.303415] (-) TimerEvent: {}
[1.403678] (-) TimerEvent: {}
[1.492637] (follow-wall) StdoutLine: {'line': b'-- Detecting CXX compiler ABI info - done\n'}
[1.504052] (-) TimerEvent: {}
[1.518854] (follow-wall) StdoutLine: {'line': b'-- Detecting CXX compile features\n'}
[1.519256] (follow-wall) StdoutLine: {'line': b'-- Detecting CXX compile features - done\n'}
[1.604071] (-) TimerEvent: {}
[1.697101] (follow-wall) StdoutLine: {'line': b'-- Found ament_cmake: 0.9.9 (/opt/ros/foxy/share/ament_cmake/cmake)\n'}
[1.704137] (-) TimerEvent: {}
[1.804337] (-) TimerEvent: {}
[1.904596] (-) TimerEvent: {}
[2.005155] (-) TimerEvent: {}
[2.049686] (follow-wall) StdoutLine: {'line': b'-- Found PythonInterp: /usr/bin/python3 (found suitable version "3.8.10", minimum required is "3") \n'}
[2.049900] (follow-wall) StdoutLine: {'line': b'-- Using PYTHON_EXECUTABLE: /usr/bin/python3\n'}
[2.105252] (-) TimerEvent: {}
[2.205632] (-) TimerEvent: {}
[2.306401] (-) TimerEvent: {}
[2.407801] (-) TimerEvent: {}
[2.508090] (-) TimerEvent: {}
[2.608378] (-) TimerEvent: {}
[2.708620] (-) TimerEvent: {}
[2.809171] (-) TimerEvent: {}
[2.910669] (-) TimerEvent: {}
[3.010931] (-) TimerEvent: {}
[3.111213] (-) TimerEvent: {}
[3.211500] (-) TimerEvent: {}
[3.312071] (-) TimerEvent: {}
[3.413407] (-) TimerEvent: {}
[3.513660] (-) TimerEvent: {}
[3.613906] (-) TimerEvent: {}
[3.714231] (-) TimerEvent: {}
[3.814717] (-) TimerEvent: {}
[3.915963] (-) TimerEvent: {}
[4.016228] (-) TimerEvent: {}
[4.116471] (-) TimerEvent: {}
[4.216745] (-) TimerEvent: {}
[4.316996] (-) TimerEvent: {}
[4.417330] (-) TimerEvent: {}
[4.517745] (-) TimerEvent: {}
[4.587871] (follow-wall) StdoutLine: {'line': b'-- Found rclcpp: 2.4.0 (/opt/ros/foxy/share/rclcpp/cmake)\n'}
[4.617834] (-) TimerEvent: {}
[4.718310] (-) TimerEvent: {}
[4.818841] (-) TimerEvent: {}
[4.919141] (-) TimerEvent: {}
[5.019509] (-) TimerEvent: {}
[5.119783] (-) TimerEvent: {}
[5.220084] (-) TimerEvent: {}
[5.320355] (-) TimerEvent: {}
[5.420592] (-) TimerEvent: {}
[5.520863] (-) TimerEvent: {}
[5.621170] (-) TimerEvent: {}
[5.721644] (-) TimerEvent: {}
[5.821966] (-) TimerEvent: {}
[5.922244] (-) TimerEvent: {}
[6.022516] (-) TimerEvent: {}
[6.122880] (-) TimerEvent: {}
[6.223385] (-) TimerEvent: {}
[6.322547] (follow-wall) StdoutLine: {'line': b'-- Using all available rosidl_typesupport_c: rosidl_typesupport_fastrtps_c;rosidl_typesupport_introspection_c\n'}
[6.323446] (-) TimerEvent: {}
[6.423648] (-) TimerEvent: {}
[6.523922] (-) TimerEvent: {}
[6.624488] (-) TimerEvent: {}
[6.725730] (-) TimerEvent: {}
[6.814938] (follow-wall) StdoutLine: {'line': b'-- Found rosidl_adapter: 1.2.1 (/opt/ros/foxy/share/rosidl_adapter/cmake)\n'}
[6.825848] (-) TimerEvent: {}
[6.926081] (-) TimerEvent: {}
[7.026521] (-) TimerEvent: {}
[7.127416] (-) TimerEvent: {}
[7.227674] (-) TimerEvent: {}
[7.327965] (-) TimerEvent: {}
[7.428215] (-) TimerEvent: {}
[7.528726] (-) TimerEvent: {}
[7.629394] (-) TimerEvent: {}
[7.729678] (-) TimerEvent: {}
[7.830051] (-) TimerEvent: {}
[7.930359] (-) TimerEvent: {}
[7.931364] (follow-wall) StdoutLine: {'line': b'-- Found OpenSSL: /usr/lib/x86_64-linux-gnu/libcrypto.so (found version "1.1.1f")  \n'}
[8.030730] (-) TimerEvent: {}
[8.131447] (follow-wall) StdoutLine: {'line': b'-- Found FastRTPS: /opt/ros/foxy/include  \n'}
[8.131595] (-) TimerEvent: {}
[8.232337] (-) TimerEvent: {}
[8.332647] (-) TimerEvent: {}
[8.432933] (-) TimerEvent: {}
[8.533184] (-) TimerEvent: {}
[8.633502] (-) TimerEvent: {}
[8.733780] (-) TimerEvent: {}
[8.834066] (-) TimerEvent: {}
[8.934312] (-) TimerEvent: {}
[9.034879] (-) TimerEvent: {}
[9.136126] (-) TimerEvent: {}
[9.236375] (-) TimerEvent: {}
[9.336618] (-) TimerEvent: {}
[9.364012] (follow-wall) StdoutLine: {'line': b'-- Using all available rosidl_typesupport_cpp: rosidl_typesupport_fastrtps_cpp;rosidl_typesupport_introspection_cpp\n'}
[9.436822] (-) TimerEvent: {}
[9.537262] (-) TimerEvent: {}
[9.637558] (-) TimerEvent: {}
[9.737917] (-) TimerEvent: {}
[9.838189] (-) TimerEvent: {}
[9.938929] (-) TimerEvent: {}
[10.040675] (-) TimerEvent: {}
[10.140927] (-) TimerEvent: {}
[10.241189] (-) TimerEvent: {}
[10.341464] (-) TimerEvent: {}
[10.441988] (-) TimerEvent: {}
[10.503090] (follow-wall) StdoutLine: {'line': b'-- Found rmw_implementation_cmake: 1.0.3 (/opt/ros/foxy/share/rmw_implementation_cmake/cmake)\n'}
[10.508014] (follow-wall) StdoutLine: {'line': b"-- Using RMW implementation 'rmw_fastrtps_cpp' as default\n"}
[10.520725] (follow-wall) StdoutLine: {'line': b'-- Looking for pthread.h\n'}
[10.542058] (-) TimerEvent: {}
[10.642298] (-) TimerEvent: {}
[10.742572] (-) TimerEvent: {}
[10.747014] (follow-wall) StdoutLine: {'line': b'-- Looking for pthread.h - found\n'}
[10.750760] (follow-wall) StdoutLine: {'line': b'-- Performing Test CMAKE_HAVE_LIBC_PTHREAD\n'}
[10.842671] (-) TimerEvent: {}
[10.943240] (-) TimerEvent: {}
[11.007898] (follow-wall) StdoutLine: {'line': b'-- Performing Test CMAKE_HAVE_LIBC_PTHREAD - Failed\n'}
[11.013502] (follow-wall) StdoutLine: {'line': b'-- Looking for pthread_create in pthreads\n'}
[11.043298] (-) TimerEvent: {}
[11.143551] (-) TimerEvent: {}
[11.221784] (follow-wall) StdoutLine: {'line': b'-- Looking for pthread_create in pthreads - not found\n'}
[11.223201] (follow-wall) StdoutLine: {'line': b'-- Looking for pthread_create in pthread\n'}
[11.243638] (-) TimerEvent: {}
[11.343907] (-) TimerEvent: {}
[11.444491] (-) TimerEvent: {}
[11.479280] (follow-wall) StdoutLine: {'line': b'-- Looking for pthread_create in pthread - found\n'}
[11.487046] (follow-wall) StdoutLine: {'line': b'-- Found Threads: TRUE  \n'}
[11.544565] (-) TimerEvent: {}
[11.644936] (-) TimerEvent: {}
[11.745233] (-) TimerEvent: {}
[11.845634] (-) TimerEvent: {}
[11.946056] (-) TimerEvent: {}
[12.046341] (-) TimerEvent: {}
[12.146740] (-) TimerEvent: {}
[12.246977] (-) TimerEvent: {}
[12.347515] (-) TimerEvent: {}
[12.448573] (-) TimerEvent: {}
[12.548805] (-) TimerEvent: {}
[12.649093] (-) TimerEvent: {}
[12.749338] (-) TimerEvent: {}
[12.849951] (-) TimerEvent: {}
[12.951262] (-) TimerEvent: {}
[13.016087] (follow-wall) StdoutLine: {'line': b'-- Found sensor_msgs: 2.0.4 (/opt/ros/foxy/share/sensor_msgs/cmake)\n'}
[13.051409] (-) TimerEvent: {}
[13.151657] (-) TimerEvent: {}
[13.251905] (-) TimerEvent: {}
[13.352470] (-) TimerEvent: {}
[13.453874] (-) TimerEvent: {}
[13.509263] (follow-wall) StdoutLine: {'line': b'-- Found ament_lint_auto: 0.9.6 (/opt/ros/foxy/share/ament_lint_auto/cmake)\n'}
[13.553976] (-) TimerEvent: {}
[13.654198] (-) TimerEvent: {}
[13.754438] (-) TimerEvent: {}
[13.855437] (-) TimerEvent: {}
[13.957624] (-) TimerEvent: {}
[14.057911] (-) TimerEvent: {}
[14.158178] (-) TimerEvent: {}
[14.258447] (-) TimerEvent: {}
[14.358790] (-) TimerEvent: {}
[14.459252] (-) TimerEvent: {}
[14.559546] (-) TimerEvent: {}
[14.659839] (-) TimerEvent: {}
[14.760159] (-) TimerEvent: {}
[14.860592] (-) TimerEvent: {}
[14.961290] (-) TimerEvent: {}
[15.061570] (-) TimerEvent: {}
[15.144592] (follow-wall) StdoutLine: {'line': b"-- Added test 'copyright' to check source files copyright and LICENSE\n"}
[15.161684] (-) TimerEvent: {}
[15.261938] (-) TimerEvent: {}
[15.362581] (-) TimerEvent: {}
[15.378670] (follow-wall) StdoutLine: {'line': b"-- Added test 'cppcheck' to perform static code analysis on C / C++ code\n"}
[15.378892] (follow-wall) StdoutLine: {'line': b'-- Configured cppcheck include dirs: \n'}
[15.379424] (follow-wall) StdoutLine: {'line': b'-- Configured cppcheck exclude dirs and/or files: \n'}
[15.462585] (-) TimerEvent: {}
[15.562880] (-) TimerEvent: {}
[15.585747] (follow-wall) StdoutLine: {'line': b"-- Added test 'cpplint' to check C / C++ code against the Google style\n"}
[15.585923] (follow-wall) StdoutLine: {'line': b'-- Configured cpplint exclude dirs and/or files: \n'}
[15.662995] (-) TimerEvent: {}
[15.665932] (follow-wall) StdoutLine: {'line': b"-- Added test 'lint_cmake' to check CMake code style\n"}
[15.763103] (-) TimerEvent: {}
[15.863421] (-) TimerEvent: {}
[15.896666] (follow-wall) StdoutLine: {'line': b"-- Added test 'uncrustify' to check C / C++ code style\n"}
[15.896805] (follow-wall) StdoutLine: {'line': b'-- Configured uncrustify additional arguments: \n'}
[15.928017] (follow-wall) StdoutLine: {'line': b"-- Added test 'xmllint' to check XML markup files\n"}
[15.963514] (-) TimerEvent: {}
[15.984748] (follow-wall) StdoutLine: {'line': b'-- Configuring done\n'}
[16.063606] (-) TimerEvent: {}
[16.163843] (-) TimerEvent: {}
[16.207102] (follow-wall) StdoutLine: {'line': b'-- Generating done\n'}
[16.255375] (follow-wall) StdoutLine: {'line': b'-- Build files have been written to: /home/alumnos/alejo/colcon_ws/src/follow-wall-roboros/build/follow-wall\n'}
[16.264283] (-) TimerEvent: {}
[16.269232] (follow-wall) CommandEnded: {'returncode': 0}
[16.270518] (follow-wall) JobProgress: {'identifier': 'follow-wall', 'progress': 'build'}
[16.272835] (follow-wall) Command: {'cmd': ['/usr/bin/cmake', '--build', '/home/alumnos/alejo/colcon_ws/src/follow-wall-roboros/build/follow-wall', '--', '-j6', '-l6'], 'cwd': '/home/alumnos/alejo/colcon_ws/src/follow-wall-roboros/build/follow-wall', 'env': OrderedDict([('GJS_DEBUG_TOPICS', 'JS ERROR;JS LOG'), ('USER', 'alejo'), ('SSH_AGENT_PID', '83291'), ('XDG_SESSION_TYPE', 'x11'), ('SHLVL', '1'), ('LD_LIBRARY_PATH', '/home/alumnos/alejo/colcon_ws/install/velocity_controllers/lib:/home/alumnos/alejo/colcon_ws/install/test_ci/lib:/home/alumnos/alejo/colcon_ws/install/rqt_cascade_hfsm/lib:/home/alumnos/alejo/colcon_ws/install/ros2talk_msgs/lib:/home/alumnos/alejo/colcon_ws/install/position_controllers/lib:/home/alumnos/alejo/colcon_ws/install/joint_trajectory_controller/lib:/home/alumnos/alejo/colcon_ws/install/joint_state_controller/lib:/home/alumnos/alejo/colcon_ws/install/joint_state_broadcaster/lib:/home/alumnos/alejo/colcon_ws/install/imu_sensor_broadcaster/lib:/home/alumnos/alejo/colcon_ws/install/gripper_controllers/lib:/home/alumnos/alejo/colcon_ws/install/gazebo_ros2_control/lib:/home/alumnos/alejo/colcon_ws/install/effort_controllers/lib:/home/alumnos/alejo/colcon_ws/install/forward_command_controller/lib:/home/alumnos/alejo/colcon_ws/install/force_torque_sensor_broadcaster/lib:/home/alumnos/alejo/colcon_ws/install/diff_drive_controller/lib:/home/alumnos/alejo/colcon_ws/install/controller_manager/lib:/home/alumnos/alejo/colcon_ws/install/controller_interface/lib:/home/alumnos/alejo/colcon_ws/install/hardware_interface/lib:/home/alumnos/alejo/colcon_ws/install/groot/lib:/home/alumnos/alejo/colcon_ws/install/example_test/lib:/home/alumnos/alejo/colcon_ws/install/controller_manager_msgs/lib:/home/alumnos/alejo/colcon_ws/install/blackboard/lib:/home/alumnos/alejo/colcon_ws/install/blackboard_msgs/lib:/usr/lib/x86_64-linux-gnu/gazebo-11/plugins:/opt/ros/foxy/opt/yaml_cpp_vendor/lib:/opt/ros/foxy/opt/rviz_ogre_vendor/lib:/opt/ros/foxy/lib/x86_64-linux-gnu:/opt/ros/foxy/lib'), ('HOME', '/home/alumnos/alejo'), ('OLDPWD', '/home/alumnos/alejo'), ('DESKTOP_SESSION', 'ubuntu'), ('GIO_LAUNCHED_DESKTOP_FILE', '/usr/share/applications/terminator.desktop'), ('ROS_PYTHON_VERSION', '3'), ('GNOME_SHELL_SESSION_MODE', 'ubuntu'), ('GTK_MODULES', 'gail:atk-bridge'), ('MANAGERPID', '83091'), ('LC_CTYPE', 'C.UTF-8'), ('GOROOT', '/usr/lib/go'), ('DBUS_SESSION_BUS_ADDRESS', 'unix:path=/run/user/9313/bus'), ('MESG', 'y'), ('COLORTERM', 'truecolor'), ('TERMINATOR_DBUS_NAME', 'net.tenshu.Terminator23558193cd9818af7fe4d2c2f5bd9d00f'), ('GIO_LAUNCHED_DESKTOP_FILE_PID', '94923'), ('MANDATORY_PATH', '/usr/share/gconf/ubuntu.mandatory.path'), ('IM_CONFIG_PHASE', '1'), ('COLCON_PREFIX_PATH', '/home/alumnos/alejo/colcon_ws/install'), ('ROS_DISTRO', 'foxy'), ('LOGNAME', 'alejo'), ('JOURNAL_STREAM', '9:361019'), ('_', '/usr/bin/colcon'), ('ROS_VERSION', '2'), ('XDG_SESSION_CLASS', 'user'), ('DEFAULTS_PATH', '/usr/share/gconf/ubuntu.default.path'), ('USERNAME', 'alejo'), ('TERM', 'xterm-256color'), ('GNOME_DESKTOP_SESSION_ID', 'this-is-deprecated'), ('ROS_LOCALHOST_ONLY', '0'), ('WINDOWPATH', '2'), ('PATH', '/opt/ros/foxy/bin:/usr/local/sbin:/usr/local/bin:/usr/sbin:/usr/bin:/sbin:/bin:/usr/games:/usr/local/games:/usr/lib/go/bin:/opt/puppetlabs/bin/:./'), ('SESSION_MANAGER', 'local/f-l3202-pc18:@/tmp/.ICE-unix/83349,unix/f-l3202-pc18:/tmp/.ICE-unix/83349'), ('INVOCATION_ID', 'de8a10146b5a495786368105e9fceb9d'), ('XDG_MENU_PREFIX', 'gnome-'), ('XDG_RUNTIME_DIR', '/run/user/9313'), ('DISPLAY', ':1'), ('TERMINATOR_DBUS_PATH', '/net/tenshu/Terminator2'), ('LANG', 'C'), ('XDG_CURRENT_DESKTOP', 'ubuntu:GNOME'), ('XMODIFIERS', '@im=ibus'), ('XDG_SESSION_DESKTOP', 'ubuntu'), ('XAUTHORITY', '/run/user/9313/gdm/Xauthority'), ('SSH_AUTH_SOCK', '/run/user/9313/keyring/ssh'), ('ROS_DOMAIN_ID', '200'), ('AMENT_PREFIX_PATH', '/home/alumnos/alejo/colcon_ws/install/gazebo_ros2_control_demos:/home/alumnos/alejo/colcon_ws/install/ros2_controllers:/home/alumnos/alejo/colcon_ws/install/velocity_controllers:/home/alumnos/alejo/colcon_ws/install/urdf_test:/home/alumnos/alejo/colcon_ws/install/tiago_simulation:/home/alumnos/alejo/colcon_ws/install/tiago_robot:/home/alumnos/alejo/colcon_ws/install/tiago_2dnav_gazebo:/home/alumnos/alejo/colcon_ws/install/tiago_gazebo:/home/alumnos/alejo/colcon_ws/install/tiago_bringup:/home/alumnos/alejo/colcon_ws/install/pmb2_robot:/home/alumnos/alejo/colcon_ws/install/pmb2_bringup:/home/alumnos/alejo/colcon_ws/install/twist_mux:/home/alumnos/alejo/colcon_ws/install/transmission_interface:/home/alumnos/alejo/colcon_ws/install/tiago_description:/home/alumnos/alejo/colcon_ws/install/tiago_description_calibration:/home/alumnos/alejo/colcon_ws/install/tiago_controller_configuration:/home/alumnos/alejo/colcon_ws/install/test_hfsm:/home/alumnos/alejo/colcon_ws/install/test_ci:/home/alumnos/alejo/colcon_ws/install/services_ros2:/home/alumnos/alejo/colcon_ws/install/rqt_cascade_hfsm:/home/alumnos/alejo/colcon_ws/install/actions_ros2:/home/alumnos/alejo/colcon_ws/install/ros2talk_msgs:/home/alumnos/alejo/colcon_ws/install/ros2_control:/home/alumnos/alejo/colcon_ws/install/ros2controlcli:/home/alumnos/alejo/colcon_ws/install/ros2_control_test_assets:/home/alumnos/alejo/colcon_ws/install/prueba:/home/alumnos/alejo/colcon_ws/install/pal_gripper:/home/alumnos/alejo/colcon_ws/install/pal_gripper_controller_configuration:/home/alumnos/alejo/colcon_ws/install/position_controllers:/home/alumnos/alejo/colcon_ws/install/pmb2_navigation:/home/alumnos/alejo/colcon_ws/install/pmb2_2dnav:/home/alumnos/alejo/colcon_ws/install/pmb2_maps:/home/alumnos/alejo/colcon_ws/install/pmb2_description:/home/alumnos/alejo/colcon_ws/install/pmb2_controller_configuration:/home/alumnos/alejo/colcon_ws/install/parameters_ros2:/home/alumnos/alejo/colcon_ws/install/pal_gripper_description:/home/alumnos/alejo/colcon_ws/install/pal_gazebo_worlds:/home/alumnos/alejo/colcon_ws/install/lifecycle_nodes_ros2:/home/alumnos/alejo/colcon_ws/install/launchers_ros2:/home/alumnos/alejo/colcon_ws/install/launch_pal:/home/alumnos/alejo/colcon_ws/install/joint_trajectory_controller:/home/alumnos/alejo/colcon_ws/install/joint_state_controller:/home/alumnos/alejo/colcon_ws/install/joint_state_broadcaster:/home/alumnos/alejo/colcon_ws/install/intro_ros2:/home/alumnos/alejo/colcon_ws/install/intro_py_ros2:/home/alumnos/alejo/colcon_ws/install/imu_sensor_broadcaster:/home/alumnos/alejo/colcon_ws/install/hey5_description:/home/alumnos/alejo/colcon_ws/install/gripper_controllers:/home/alumnos/alejo/colcon_ws/install/gazebo_ros2_control:/home/alumnos/alejo/colcon_ws/install/effort_controllers:/home/alumnos/alejo/colcon_ws/install/forward_command_controller:/home/alumnos/alejo/colcon_ws/install/force_torque_sensor_broadcaster:/home/alumnos/alejo/colcon_ws/install/diff_drive_controller:/home/alumnos/alejo/colcon_ws/install/controller_manager:/home/alumnos/alejo/colcon_ws/install/controller_interface:/home/alumnos/alejo/colcon_ws/install/hardware_interface:/home/alumnos/alejo/colcon_ws/install/groot:/home/alumnos/alejo/colcon_ws/install/follow_wall:/home/alumnos/alejo/colcon_ws/install/follow-wall:/home/alumnos/alejo/colcon_ws/install/example_test:/home/alumnos/alejo/colcon_ws/install/controller_manager_msgs:/home/alumnos/alejo/colcon_ws/install/br2_tiago:/home/alumnos/alejo/colcon_ws/install/br2_navigation:/home/alumnos/alejo/colcon_ws/install/blackboard:/home/alumnos/alejo/colcon_ws/install/blackboard_msgs:/opt/ros/foxy'), ('SHELL', '/bin/bash'), ('TERMINATOR_UUID', 'urn:uuid:297fe589-77d4-463a-b967-bab2d85e25a8'), ('QT_ACCESSIBILITY', '1'), ('GDMSESSION', 'ubuntu'), ('GPG_AGENT_INFO', '/run/user/9313/gnupg/S.gpg-agent:0:1'), ('GJS_DEBUG_OUTPUT', 'stderr'), ('QT_IM_MODULE', 'ibus'), ('PWD', '/home/alumnos/alejo/colcon_ws/src/follow-wall-roboros/build/follow-wall'), ('XDG_CONFIG_DIRS', '/etc/xdg/xdg-ubuntu:/etc/xdg'), ('XDG_DATA_DIRS', '/usr/share/ubuntu:/usr/local/share/:/usr/share/'), ('PYTHONPATH', '/home/alumnos/alejo/colcon_ws/install/urdf_test/lib/python3.8/site-packages:/home/alumnos/alejo/colcon_ws/install/tiago_description/lib/python3.8/site-packages:/home/alumnos/alejo/colcon_ws/install/ros2talk_msgs/lib/python3.8/site-packages:/home/alumnos/alejo/colcon_ws/install/ros2controlcli/lib/python3.8/site-packages:/home/alumnos/alejo/colcon_ws/install/pmb2_description/lib/python3.8/site-packages:/home/alumnos/alejo/colcon_ws/install/launch_pal/lib/python3.8/site-packages:/home/alumnos/alejo/colcon_ws/install/intro_py_ros2/lib/python3.8/site-packages:/home/alumnos/alejo/colcon_ws/install/controller_manager/lib/python3.8/site-packages:/home/alumnos/alejo/colcon_ws/install/controller_manager_msgs/lib/python3.8/site-packages:/home/alumnos/alejo/colcon_ws/install/blackboard_msgs/lib/python3.8/site-packages:/opt/ros/foxy/lib/python3.8/site-packages'), ('COLCON', '1'), ('MANPATH', ':/opt/puppetlabs/puppet/share/man'), ('VTE_VERSION', '6003'), ('EDITOR', '/usr/bin/vim'), ('CMAKE_PREFIX_PATH', '/home/alumnos/alejo/colcon_ws/install/gazebo_ros2_control_demos:/home/alumnos/alejo/colcon_ws/install/ros2_controllers:/home/alumnos/alejo/colcon_ws/install/velocity_controllers:/home/alumnos/alejo/colcon_ws/install/urdf_test:/home/alumnos/alejo/colcon_ws/install/tiago_simulation:/home/alumnos/alejo/colcon_ws/install/tiago_robot:/home/alumnos/alejo/colcon_ws/install/tiago_2dnav_gazebo:/home/alumnos/alejo/colcon_ws/install/tiago_gazebo:/home/alumnos/alejo/colcon_ws/install/tiago_bringup:/home/alumnos/alejo/colcon_ws/install/pmb2_robot:/home/alumnos/alejo/colcon_ws/install/pmb2_bringup:/home/alumnos/alejo/colcon_ws/install/twist_mux:/home/alumnos/alejo/colcon_ws/install/transmission_interface:/home/alumnos/alejo/colcon_ws/install/tiago_description:/home/alumnos/alejo/colcon_ws/install/tiago_description_calibration:/home/alumnos/alejo/colcon_ws/install/tiago_controller_configuration:/home/alumnos/alejo/colcon_ws/install/test_hfsm:/home/alumnos/alejo/colcon_ws/install/test_ci:/home/alumnos/alejo/colcon_ws/install/services_ros2:/home/alumnos/alejo/colcon_ws/install/rqt_cascade_hfsm:/home/alumnos/alejo/colcon_ws/install/actions_ros2:/home/alumnos/alejo/colcon_ws/install/ros2talk_msgs:/home/alumnos/alejo/colcon_ws/install/ros2_control:/home/alumnos/alejo/colcon_ws/install/ros2_control_test_assets:/home/alumnos/alejo/colcon_ws/install/prueba:/home/alumnos/alejo/colcon_ws/install/pal_gripper:/home/alumnos/alejo/colcon_ws/install/pal_gripper_controller_configuration:/home/alumnos/alejo/colcon_ws/install/position_controllers:/home/alumnos/alejo/colcon_ws/install/pmb2_navigation:/home/alumnos/alejo/colcon_ws/install/pmb2_2dnav:/home/alumnos/alejo/colcon_ws/install/pmb2_maps:/home/alumnos/alejo/colcon_ws/install/pmb2_description:/home/alumnos/alejo/colcon_ws/install/pmb2_controller_configuration:/home/alumnos/alejo/colcon_ws/install/parameters_ros2:/home/alumnos/alejo/colcon_ws/install/pal_gripper_description:/home/alumnos/alejo/colcon_ws/install/pal_gazebo_worlds:/home/alumnos/alejo/colcon_ws/install/lifecycle_nodes_ros2:/home/alumnos/alejo/colcon_ws/install/launchers_ros2:/home/alumnos/alejo/colcon_ws/install/joint_trajectory_controller:/home/alumnos/alejo/colcon_ws/install/joint_state_controller:/home/alumnos/alejo/colcon_ws/install/joint_state_broadcaster:/home/alumnos/alejo/colcon_ws/install/intro_ros2:/home/alumnos/alejo/colcon_ws/install/imu_sensor_broadcaster:/home/alumnos/alejo/colcon_ws/install/hey5_description:/home/alumnos/alejo/colcon_ws/install/gripper_controllers:/home/alumnos/alejo/colcon_ws/install/gazebo_ros2_control:/home/alumnos/alejo/colcon_ws/install/effort_controllers:/home/alumnos/alejo/colcon_ws/install/forward_command_controller:/home/alumnos/alejo/colcon_ws/install/force_torque_sensor_broadcaster:/home/alumnos/alejo/colcon_ws/install/diff_drive_controller:/home/alumnos/alejo/colcon_ws/install/controller_manager:/home/alumnos/alejo/colcon_ws/install/controller_interface:/home/alumnos/alejo/colcon_ws/install/hardware_interface:/home/alumnos/alejo/colcon_ws/install/groot:/home/alumnos/alejo/colcon_ws/install/follow_wall:/home/alumnos/alejo/colcon_ws/install/follow-wall:/home/alumnos/alejo/colcon_ws/install/example_test:/home/alumnos/alejo/colcon_ws/install/controller_manager_msgs:/home/alumnos/alejo/colcon_ws/install/br2_tiago:/home/alumnos/alejo/colcon_ws/install/br2_navigation:/home/alumnos/alejo/colcon_ws/install/blackboard:/home/alumnos/alejo/colcon_ws/install/blackboard_msgs:/home/alumnos/alejo/colcon_ws/install/ros2controlcli:/home/alumnos/alejo/colcon_ws/install/launch_pal:/home/alumnos/alejo/colcon_ws/install/intro_py_ros2:/opt/ros/foxy')]), 'shell': False}
[16.364326] (-) TimerEvent: {}
[16.368742] (follow-wall) StdoutLine: {'line': b'\x1b[35m\x1b[1mScanning dependencies of target calculate_direction\x1b[0m\n'}
[16.464461] (-) TimerEvent: {}
[16.515786] (follow-wall) StdoutLine: {'line': b'[ 50%] \x1b[32mBuilding CXX object CMakeFiles/calculate_direction.dir/src/calculate_direction.cpp.o\x1b[0m\n'}
[16.564589] (-) TimerEvent: {}
[16.665051] (-) TimerEvent: {}
[16.716863] (follow-wall) StderrLine: {'line': b'\x1b[01m\x1b[K/home/alumnos/alejo/colcon_ws/src/follow-wall-roboros/src/calculate_direction.cpp:2:10:\x1b[m\x1b[K \x1b[01;31m\x1b[Kfatal error: \x1b[m\x1b[Ksensor_msgs/msg/laserscan.hpp: No such file or directory\n'}
[16.717045] (follow-wall) StderrLine: {'line': b'    2 | #include \x1b[01;31m\x1b[K"sensor_msgs/msg/laserscan.hpp"\x1b[m\x1b[K\n'}
[16.717711] (follow-wall) StderrLine: {'line': b'      |          \x1b[01;31m\x1b[K^~~~~~~~~~~~~~~~~~~~~~~~~~~~~~~\x1b[m\x1b[K\n'}
[16.717765] (follow-wall) StderrLine: {'line': b'compilation terminated.\n'}
[16.717967] (follow-wall) StderrLine: {'line': b'make[2]: *** [CMakeFiles/calculate_direction.dir/build.make:63: CMakeFiles/calculate_direction.dir/src/calculate_direction.cpp.o] Error 1\n'}
[16.718673] (follow-wall) StderrLine: {'line': b'make[1]: *** [CMakeFiles/Makefile2:78: CMakeFiles/calculate_direction.dir/all] Error 2\n'}
[16.718739] (follow-wall) StderrLine: {'line': b'make: *** [Makefile:141: all] Error 2\n'}
[16.719712] (follow-wall) CommandEnded: {'returncode': 2}
[16.765135] (-) TimerEvent: {}
[16.837962] (follow-wall) JobEnded: {'identifier': 'follow-wall', 'rc': 2}
[16.849005] (-) EventReactorShutdown: {}
