[0.000000] (-) TimerEvent: {}
[0.000722] (follow-wall) JobQueued: {'identifier': 'follow-wall', 'dependencies': OrderedDict()}
[0.001407] (follow-wall) JobStarted: {'identifier': 'follow-wall'}
[0.039987] (follow-wall) JobProgress: {'identifier': 'follow-wall', 'progress': 'cmake'}
[0.045460] (follow-wall) JobProgress: {'identifier': 'follow-wall', 'progress': 'build'}
[0.046116] (follow-wall) Command: {'cmd': ['/usr/bin/cmake', '--build', '/home/alumnos/acmp/colcon_ws/src/follow-wall-roboros/build/follow-wall', '--', '-j6', '-l6'], 'cwd': '/home/alumnos/acmp/colcon_ws/src/follow-wall-roboros/build/follow-wall', 'env': OrderedDict([('GJS_DEBUG_TOPICS', 'JS ERROR;JS LOG'), ('VNCDESKTOP', 'f-l3109-pc08.aulas.etsit.urjc.es:1 (acmp)'), ('USER', 'acmp'), ('SSH_CLIENT', '193.147.79.63 47640 22'), ('XDG_SESSION_TYPE', 'tty'), ('SHLVL', '2'), ('LD_LIBRARY_PATH', '/home/alumnos/acmp/colcon_ws/install/velocity_controllers/lib:/home/alumnos/acmp/colcon_ws/install/test_ci/lib:/home/alumnos/acmp/colcon_ws/install/rqt_cascade_hfsm/lib:/home/alumnos/acmp/colcon_ws/install/ros2talk_msgs/lib:/home/alumnos/acmp/colcon_ws/install/position_controllers/lib:/home/alumnos/acmp/colcon_ws/install/joint_trajectory_controller/lib:/home/alumnos/acmp/colcon_ws/install/joint_state_controller/lib:/home/alumnos/acmp/colcon_ws/install/joint_state_broadcaster/lib:/home/alumnos/acmp/colcon_ws/install/imu_sensor_broadcaster/lib:/home/alumnos/acmp/colcon_ws/install/gripper_controllers/lib:/home/alumnos/acmp/colcon_ws/install/gazebo_ros2_control/lib:/home/alumnos/acmp/colcon_ws/install/effort_controllers/lib:/home/alumnos/acmp/colcon_ws/install/forward_command_controller/lib:/home/alumnos/acmp/colcon_ws/install/force_torque_sensor_broadcaster/lib:/home/alumnos/acmp/colcon_ws/install/diff_drive_controller/lib:/home/alumnos/acmp/colcon_ws/install/controller_manager/lib:/home/alumnos/acmp/colcon_ws/install/controller_interface/lib:/home/alumnos/acmp/colcon_ws/install/hardware_interface/lib:/home/alumnos/acmp/colcon_ws/install/groot/lib:/home/alumnos/acmp/colcon_ws/install/example_test/lib:/home/alumnos/acmp/colcon_ws/install/controller_manager_msgs/lib:/home/alumnos/acmp/colcon_ws/install/blackboard/lib:/home/alumnos/acmp/colcon_ws/install/blackboard_msgs/lib:/usr/lib/x86_64-linux-gnu/gazebo-11/plugins:/opt/ros/foxy/opt/yaml_cpp_vendor/lib:/opt/ros/foxy/opt/rviz_ogre_vendor/lib:/opt/ros/foxy/lib/x86_64-linux-gnu:/opt/ros/foxy/lib'), ('MOTD_SHOWN', 'pam'), ('HOME', '/home/alumnos/acmp'), ('OLDPWD', '/home/alumnos/acmp/colcon_ws/src'), ('ROS_PYTHON_VERSION', '3'), ('GOROOT', '/usr/lib/go'), ('DBUS_SESSION_BUS_ADDRESS', 'unix:abstract=/tmp/dbus-QMBlWE7a8R,guid=4dd6c786f4d4c75c16dba1ca62067858'), ('MESG', 'y'), ('COLORTERM', 'truecolor'), ('COLCON_PREFIX_PATH', '/home/alumnos/acmp/colcon_ws/install'), ('ROS_DISTRO', 'foxy'), ('LOGNAME', 'acmp'), ('_', '/usr/bin/colcon'), ('ROS_VERSION', '2'), ('XDG_SESSION_CLASS', 'user'), ('TERM', 'xterm-256color'), ('GNOME_DESKTOP_SESSION_ID', 'this-is-deprecated'), ('ROS_LOCALHOST_ONLY', '0'), ('PATH', '/opt/ros/foxy/bin:/usr/local/bin:/usr/bin:/bin:/usr/games:/usr/local/games:/usr/lib/go/bin:./'), ('SESSION_MANAGER', 'local/f-l3109-pc08:@/tmp/.ICE-unix/268111,unix/f-l3109-pc08:/tmp/.ICE-unix/268111'), ('XDG_MENU_PREFIX', 'gnome-'), ('GNOME_TERMINAL_SCREEN', '/org/gnome/Terminal/screen/20dec75d_3d77_4085_b019_fcce54e127f0'), ('XDG_RUNTIME_DIR', '/run/user/9400'), ('DISPLAY', ':1'), ('LANG', 'es_ES.UTF-8'), ('XDG_CURRENT_DESKTOP', 'GNOME'), ('XMODIFIERS', '@im=ibus'), ('GNOME_TERMINAL_SERVICE', ':1.75'), ('SSH_AUTH_SOCK', '/run/user/9400/keyring/ssh'), ('ROS_DOMAIN_ID', '39'), ('AMENT_PREFIX_PATH', '/home/alumnos/acmp/colcon_ws/install/gazebo_ros2_control_demos:/home/alumnos/acmp/colcon_ws/install/ros2_controllers:/home/alumnos/acmp/colcon_ws/install/velocity_controllers:/home/alumnos/acmp/colcon_ws/install/urdf_test:/home/alumnos/acmp/colcon_ws/install/tiago_simulation:/home/alumnos/acmp/colcon_ws/install/tiago_robot:/home/alumnos/acmp/colcon_ws/install/tiago_2dnav_gazebo:/home/alumnos/acmp/colcon_ws/install/tiago_gazebo:/home/alumnos/acmp/colcon_ws/install/tiago_bringup:/home/alumnos/acmp/colcon_ws/install/pmb2_robot:/home/alumnos/acmp/colcon_ws/install/pmb2_bringup:/home/alumnos/acmp/colcon_ws/install/twist_mux:/home/alumnos/acmp/colcon_ws/install/transmission_interface:/home/alumnos/acmp/colcon_ws/install/tiago_description:/home/alumnos/acmp/colcon_ws/install/tiago_description_calibration:/home/alumnos/acmp/colcon_ws/install/tiago_controller_configuration:/home/alumnos/acmp/colcon_ws/install/test_hfsm:/home/alumnos/acmp/colcon_ws/install/test_ci:/home/alumnos/acmp/colcon_ws/install/services_ros2:/home/alumnos/acmp/colcon_ws/install/rqt_cascade_hfsm:/home/alumnos/acmp/colcon_ws/install/actions_ros2:/home/alumnos/acmp/colcon_ws/install/ros2talk_msgs:/home/alumnos/acmp/colcon_ws/install/ros2_control:/home/alumnos/acmp/colcon_ws/install/ros2controlcli:/home/alumnos/acmp/colcon_ws/install/ros2_control_test_assets:/home/alumnos/acmp/colcon_ws/install/pal_gripper:/home/alumnos/acmp/colcon_ws/install/pal_gripper_controller_configuration:/home/alumnos/acmp/colcon_ws/install/position_controllers:/home/alumnos/acmp/colcon_ws/install/pmb2_navigation:/home/alumnos/acmp/colcon_ws/install/pmb2_2dnav:/home/alumnos/acmp/colcon_ws/install/pmb2_maps:/home/alumnos/acmp/colcon_ws/install/pmb2_description:/home/alumnos/acmp/colcon_ws/install/pmb2_controller_configuration:/home/alumnos/acmp/colcon_ws/install/parameters_ros2:/home/alumnos/acmp/colcon_ws/install/pal_gripper_description:/home/alumnos/acmp/colcon_ws/install/pal_gazebo_worlds:/home/alumnos/acmp/colcon_ws/install/lifecycle_nodes_ros2:/home/alumnos/acmp/colcon_ws/install/launchers_ros2:/home/alumnos/acmp/colcon_ws/install/launch_pal:/home/alumnos/acmp/colcon_ws/install/joint_trajectory_controller:/home/alumnos/acmp/colcon_ws/install/joint_state_controller:/home/alumnos/acmp/colcon_ws/install/joint_state_broadcaster:/home/alumnos/acmp/colcon_ws/install/intro_ros2:/home/alumnos/acmp/colcon_ws/install/intro_py_ros2:/home/alumnos/acmp/colcon_ws/install/imu_sensor_broadcaster:/home/alumnos/acmp/colcon_ws/install/hey5_description:/home/alumnos/acmp/colcon_ws/install/gripper_controllers:/home/alumnos/acmp/colcon_ws/install/gazebo_ros2_control:/home/alumnos/acmp/colcon_ws/install/effort_controllers:/home/alumnos/acmp/colcon_ws/install/forward_command_controller:/home/alumnos/acmp/colcon_ws/install/force_torque_sensor_broadcaster:/home/alumnos/acmp/colcon_ws/install/diff_drive_controller:/home/alumnos/acmp/colcon_ws/install/controller_manager:/home/alumnos/acmp/colcon_ws/install/controller_interface:/home/alumnos/acmp/colcon_ws/install/hardware_interface:/home/alumnos/acmp/colcon_ws/install/groot:/home/alumnos/acmp/colcon_ws/install/example_test:/home/alumnos/acmp/colcon_ws/install/controller_manager_msgs:/home/alumnos/acmp/colcon_ws/install/br2_tiago:/home/alumnos/acmp/colcon_ws/install/br2_navigation:/home/alumnos/acmp/colcon_ws/install/blackboard:/home/alumnos/acmp/colcon_ws/install/blackboard_msgs:/opt/ros/foxy'), ('SHELL', '/bin/bash'), ('GJS_DEBUG_OUTPUT', 'stderr'), ('QT_IM_MODULE', 'ibus'), ('PWD', '/home/alumnos/acmp/colcon_ws/src/follow-wall-roboros/build/follow-wall'), ('SSH_CONNECTION', '193.147.79.63 47640 212.128.254.48 22'), ('PYTHONPATH', '/home/alumnos/acmp/colcon_ws/install/urdf_test/lib/python3.8/site-packages:/home/alumnos/acmp/colcon_ws/install/tiago_description/lib/python3.8/site-packages:/home/alumnos/acmp/colcon_ws/install/ros2talk_msgs/lib/python3.8/site-packages:/home/alumnos/acmp/colcon_ws/build/ros2controlcli:/home/alumnos/acmp/colcon_ws/install/ros2controlcli/lib/python3.8/site-packages:/home/alumnos/acmp/colcon_ws/install/pmb2_description/lib/python3.8/site-packages:/home/alumnos/acmp/colcon_ws/build/launch_pal:/home/alumnos/acmp/colcon_ws/install/launch_pal/lib/python3.8/site-packages:/home/alumnos/acmp/colcon_ws/build/intro_py_ros2:/home/alumnos/acmp/colcon_ws/install/intro_py_ros2/lib/python3.8/site-packages:/home/alumnos/acmp/colcon_ws/install/controller_manager/lib/python3.8/site-packages:/home/alumnos/acmp/colcon_ws/install/controller_manager_msgs/lib/python3.8/site-packages:/home/alumnos/acmp/colcon_ws/install/blackboard_msgs/lib/python3.8/site-packages:/opt/ros/foxy/lib/python3.8/site-packages'), ('COLCON', '1'), ('VTE_VERSION', '6003'), ('EDITOR', '/usr/bin/vim'), ('CMAKE_PREFIX_PATH', '/home/alumnos/acmp/colcon_ws/install/gazebo_ros2_control_demos:/home/alumnos/acmp/colcon_ws/install/ros2_controllers:/home/alumnos/acmp/colcon_ws/install/velocity_controllers:/home/alumnos/acmp/colcon_ws/install/urdf_test:/home/alumnos/acmp/colcon_ws/install/tiago_simulation:/home/alumnos/acmp/colcon_ws/install/tiago_robot:/home/alumnos/acmp/colcon_ws/install/tiago_2dnav_gazebo:/home/alumnos/acmp/colcon_ws/install/tiago_gazebo:/home/alumnos/acmp/colcon_ws/install/tiago_bringup:/home/alumnos/acmp/colcon_ws/install/pmb2_robot:/home/alumnos/acmp/colcon_ws/install/pmb2_bringup:/home/alumnos/acmp/colcon_ws/install/twist_mux:/home/alumnos/acmp/colcon_ws/install/transmission_interface:/home/alumnos/acmp/colcon_ws/install/tiago_description:/home/alumnos/acmp/colcon_ws/install/tiago_description_calibration:/home/alumnos/acmp/colcon_ws/install/tiago_controller_configuration:/home/alumnos/acmp/colcon_ws/install/test_hfsm:/home/alumnos/acmp/colcon_ws/install/test_ci:/home/alumnos/acmp/colcon_ws/install/services_ros2:/home/alumnos/acmp/colcon_ws/install/rqt_cascade_hfsm:/home/alumnos/acmp/colcon_ws/install/actions_ros2:/home/alumnos/acmp/colcon_ws/install/ros2talk_msgs:/home/alumnos/acmp/colcon_ws/install/ros2_control:/home/alumnos/acmp/colcon_ws/install/ros2_control_test_assets:/home/alumnos/acmp/colcon_ws/install/pal_gripper:/home/alumnos/acmp/colcon_ws/install/pal_gripper_controller_configuration:/home/alumnos/acmp/colcon_ws/install/position_controllers:/home/alumnos/acmp/colcon_ws/install/pmb2_navigation:/home/alumnos/acmp/colcon_ws/install/pmb2_2dnav:/home/alumnos/acmp/colcon_ws/install/pmb2_maps:/home/alumnos/acmp/colcon_ws/install/pmb2_description:/home/alumnos/acmp/colcon_ws/install/pmb2_controller_configuration:/home/alumnos/acmp/colcon_ws/install/parameters_ros2:/home/alumnos/acmp/colcon_ws/install/pal_gripper_description:/home/alumnos/acmp/colcon_ws/install/pal_gazebo_worlds:/home/alumnos/acmp/colcon_ws/install/lifecycle_nodes_ros2:/home/alumnos/acmp/colcon_ws/install/launchers_ros2:/home/alumnos/acmp/colcon_ws/install/joint_trajectory_controller:/home/alumnos/acmp/colcon_ws/install/joint_state_controller:/home/alumnos/acmp/colcon_ws/install/joint_state_broadcaster:/home/alumnos/acmp/colcon_ws/install/intro_ros2:/home/alumnos/acmp/colcon_ws/install/imu_sensor_broadcaster:/home/alumnos/acmp/colcon_ws/install/hey5_description:/home/alumnos/acmp/colcon_ws/install/gripper_controllers:/home/alumnos/acmp/colcon_ws/install/gazebo_ros2_control:/home/alumnos/acmp/colcon_ws/install/effort_controllers:/home/alumnos/acmp/colcon_ws/install/forward_command_controller:/home/alumnos/acmp/colcon_ws/install/force_torque_sensor_broadcaster:/home/alumnos/acmp/colcon_ws/install/diff_drive_controller:/home/alumnos/acmp/colcon_ws/install/controller_manager:/home/alumnos/acmp/colcon_ws/install/controller_interface:/home/alumnos/acmp/colcon_ws/install/hardware_interface:/home/alumnos/acmp/colcon_ws/install/groot:/home/alumnos/acmp/colcon_ws/install/example_test:/home/alumnos/acmp/colcon_ws/install/controller_manager_msgs:/home/alumnos/acmp/colcon_ws/install/br2_tiago:/home/alumnos/acmp/colcon_ws/install/br2_navigation:/home/alumnos/acmp/colcon_ws/install/blackboard:/home/alumnos/acmp/colcon_ws/install/blackboard_msgs:/home/alumnos/acmp/colcon_ws/install/ros2controlcli:/home/alumnos/acmp/colcon_ws/install/launch_pal:/home/alumnos/acmp/colcon_ws/install/intro_py_ros2:/opt/ros/foxy')]), 'shell': False}
[0.098730] (-) TimerEvent: {}
[0.152838] (follow-wall) StdoutLine: {'line': b'\x1b[35m\x1b[1mScanning dependencies of target engine_node\x1b[0m\n'}
[0.189072] (follow-wall) StdoutLine: {'line': b'[ 50%] Built target calculate_direction\n'}
[0.198811] (-) TimerEvent: {}
[0.296727] (follow-wall) StdoutLine: {'line': b'[ 75%] \x1b[32mBuilding CXX object CMakeFiles/engine_node.dir/src/follow-wall/engine_node.cpp.o\x1b[0m\n'}
[0.298936] (-) TimerEvent: {}
[0.401187] (-) TimerEvent: {}
[0.422017] (follow-wall) StderrLine: {'line': b'\x1b[01m\x1b[K/home/alumnos/acmp/colcon_ws/src/follow-wall-roboros/src/follow-wall/engine_node.cpp:97:37:\x1b[m\x1b[K \x1b[01;31m\x1b[Kerror: \x1b[m\x1b[Kstray \xe2\x80\x98\x1b[01m\x1b[K\\\x1b[m\x1b[K\xe2\x80\x99 in program\n'}
[0.422175] (follow-wall) StderrLine: {'line': b'   97 |     int iterations_per_size=areasize\x1b[01;31m\x1b[K\\\x1b[m\x1b[Krad2degr(msg.angle_increment);\n'}
[0.422956] (follow-wall) StderrLine: {'line': b'      |                                     \x1b[01;31m\x1b[K^\x1b[m\x1b[K\n'}
[0.501275] (-) TimerEvent: {}
[0.601542] (-) TimerEvent: {}
[0.701788] (-) TimerEvent: {}
[0.802032] (-) TimerEvent: {}
[0.902273] (-) TimerEvent: {}
[1.002519] (-) TimerEvent: {}
[1.102762] (-) TimerEvent: {}
[1.203006] (-) TimerEvent: {}
[1.303259] (-) TimerEvent: {}
[1.403503] (-) TimerEvent: {}
[1.418944] (follow-wall) StderrLine: {'line': b'\x1b[01m\x1b[K/home/alumnos/acmp/colcon_ws/src/follow-wall-roboros/src/follow-wall/engine_node.cpp:65:49:\x1b[m\x1b[K \x1b[01;31m\x1b[Kerror: \x1b[m\x1b[Ktemplate argument 1 is invalid\n'}
[1.419092] (follow-wall) StderrLine: {'line': b'   65 |   rclcpp::Subscription<sensor_msgs/msg/LaserScan\x1b[01;31m\x1b[K>\x1b[m\x1b[K::SharedPtr lasersub_;\n'}
[1.419861] (follow-wall) StderrLine: {'line': b'      |                                                 \x1b[01;31m\x1b[K^\x1b[m\x1b[K\n'}
[1.419923] (follow-wall) StderrLine: {'line': b'\x1b[01m\x1b[K/home/alumnos/acmp/colcon_ws/src/follow-wall-roboros/src/follow-wall/engine_node.cpp:65:49:\x1b[m\x1b[K \x1b[01;31m\x1b[Kerror: \x1b[m\x1b[Ktemplate argument 3 is invalid\n'}
[1.419979] (follow-wall) StderrLine: {'line': b'\x1b[01m\x1b[K/home/alumnos/acmp/colcon_ws/src/follow-wall-roboros/src/follow-wall/engine_node.cpp:65:52:\x1b[m\x1b[K \x1b[01;31m\x1b[Kerror: \x1b[m\x1b[Kexpected \xe2\x80\x98\x1b[01m\x1b[K;\x1b[m\x1b[K\xe2\x80\x99 at end of member declaration\n'}
[1.420034] (follow-wall) StderrLine: {'line': b'   65 |   rclcpp::Subscription<sensor_msgs/msg/LaserScan>::\x1b[01;31m\x1b[KSharedPtr\x1b[m\x1b[K lasersub_;\n'}
[1.420877] (follow-wall) StderrLine: {'line': b'      |                                                    \x1b[01;31m\x1b[K^~~~~~~~~\x1b[m\x1b[K\n'}
[1.420945] (follow-wall) StderrLine: {'line': b'      |                                                             \x1b[32m\x1b[K;\x1b[m\x1b[K\n'}
[1.421001] (follow-wall) StderrLine: {'line': b'\x1b[01m\x1b[K/home/alumnos/acmp/colcon_ws/src/follow-wall-roboros/src/follow-wall/engine_node.cpp:65:62:\x1b[m\x1b[K \x1b[01;31m\x1b[Kerror: \x1b[m\x1b[K\xe2\x80\x98\x1b[01m\x1b[Klasersub_\x1b[m\x1b[K\xe2\x80\x99 does not name a type\n'}
[1.421056] (follow-wall) StderrLine: {'line': b'   65 |   rclcpp::Subscription<sensor_msgs/msg/LaserScan>::SharedPtr \x1b[01;31m\x1b[Klasersub_\x1b[m\x1b[K;\n'}
[1.421792] (follow-wall) StderrLine: {'line': b'      |                                                              \x1b[01;31m\x1b[K^~~~~~~~~\x1b[m\x1b[K\n'}
[1.421846] (follow-wall) StderrLine: {'line': b'\x1b[01m\x1b[K/home/alumnos/acmp/colcon_ws/src/follow-wall-roboros/src/follow-wall/engine_node.cpp:66:44:\x1b[m\x1b[K \x1b[01;31m\x1b[Kerror: \x1b[m\x1b[Ktemplate argument 1 is invalid\n'}
[1.421897] (follow-wall) StderrLine: {'line': b'   66 |   rclcpp::Publisher<geometry_msgs/msg/Twist\x1b[01;31m\x1b[K>\x1b[m\x1b[K::SharedPtr pub_;\n'}
[1.421947] (follow-wall) StderrLine: {'line': b'      |                                            \x1b[01;31m\x1b[K^\x1b[m\x1b[K\n'}
[1.421997] (follow-wall) StderrLine: {'line': b'\x1b[01m\x1b[K/home/alumnos/acmp/colcon_ws/src/follow-wall-roboros/src/follow-wall/engine_node.cpp:66:47:\x1b[m\x1b[K \x1b[01;31m\x1b[Kerror: \x1b[m\x1b[Kexpected \xe2\x80\x98\x1b[01m\x1b[K;\x1b[m\x1b[K\xe2\x80\x99 at end of member declaration\n'}
[1.422566] (follow-wall) StderrLine: {'line': b'   66 |   rclcpp::Publisher<geometry_msgs/msg/Twist>::\x1b[01;31m\x1b[KSharedPtr\x1b[m\x1b[K pub_;\n'}
[1.422631] (follow-wall) StderrLine: {'line': b'      |                                               \x1b[01;31m\x1b[K^~~~~~~~~\x1b[m\x1b[K\n'}
[1.422749] (follow-wall) StderrLine: {'line': b'      |                                                        \x1b[32m\x1b[K;\x1b[m\x1b[K\n'}
[1.423050] (follow-wall) StderrLine: {'line': b'\x1b[01m\x1b[K/home/alumnos/acmp/colcon_ws/src/follow-wall-roboros/src/follow-wall/engine_node.cpp:66:47:\x1b[m\x1b[K \x1b[01;31m\x1b[Kerror: \x1b[m\x1b[Kredeclaration of \xe2\x80\x98\x1b[01m\x1b[Kint EngineNode::SharedPtr\x1b[m\x1b[K\xe2\x80\x99\n'}
[1.423720] (follow-wall) StderrLine: {'line': b'\x1b[01m\x1b[K/home/alumnos/acmp/colcon_ws/src/follow-wall-roboros/src/follow-wall/engine_node.cpp:65:52:\x1b[m\x1b[K \x1b[01;36m\x1b[Knote: \x1b[m\x1b[Kprevious declaration \xe2\x80\x98\x1b[01m\x1b[Kint EngineNode::SharedPtr\x1b[m\x1b[K\xe2\x80\x99\n'}
[1.423776] (follow-wall) StderrLine: {'line': b'   65 |   rclcpp::Subscription<sensor_msgs/msg/LaserScan>::\x1b[01;36m\x1b[KSharedPtr\x1b[m\x1b[K lasersub_;\n'}
[1.423828] (follow-wall) StderrLine: {'line': b'      |                                                    \x1b[01;36m\x1b[K^~~~~~~~~\x1b[m\x1b[K\n'}
[1.423880] (follow-wall) StderrLine: {'line': b'\x1b[01m\x1b[K/home/alumnos/acmp/colcon_ws/src/follow-wall-roboros/src/follow-wall/engine_node.cpp:66:57:\x1b[m\x1b[K \x1b[01;31m\x1b[Kerror: \x1b[m\x1b[K\xe2\x80\x98\x1b[01m\x1b[Kpub_\x1b[m\x1b[K\xe2\x80\x99 does not name a type\n'}
[1.423932] (follow-wall) StderrLine: {'line': b'   66 |   rclcpp::Publisher<geometry_msgs/msg/Twist>::SharedPtr \x1b[01;31m\x1b[Kpub_\x1b[m\x1b[K;\n'}
[1.423985] (follow-wall) StderrLine: {'line': b'      |                                                         \x1b[01;31m\x1b[K^~~~\x1b[m\x1b[K\n'}
[1.424763] (follow-wall) StderrLine: {'line': b'\x1b[01m\x1b[K/home/alumnos/acmp/colcon_ws/src/follow-wall-roboros/src/follow-wall/engine_node.cpp:\x1b[m\x1b[K In constructor \xe2\x80\x98\x1b[01m\x1b[KEngineNode::EngineNode()\x1b[m\x1b[K\xe2\x80\x99:\n'}
[1.424951] (follow-wall) StderrLine: {'line': b'\x1b[01m\x1b[K/home/alumnos/acmp/colcon_ws/src/follow-wall-roboros/src/follow-wall/engine_node.cpp:39:5:\x1b[m\x1b[K \x1b[01;31m\x1b[Kerror: \x1b[m\x1b[Kclass \xe2\x80\x98\x1b[01m\x1b[KEngineNode\x1b[m\x1b[K\xe2\x80\x99 does not have any field named \xe2\x80\x98\x1b[01m\x1b[Kcounter\x1b[m\x1b[K\xe2\x80\x99\n'}
[1.425013] (follow-wall) StderrLine: {'line': b'   39 |     \x1b[01;31m\x1b[Kcounter\x1b[m\x1b[K(0)\n'}
[1.425664] (follow-wall) StderrLine: {'line': b'      |     \x1b[01;31m\x1b[K^~~~~~~\x1b[m\x1b[K\n'}
[1.425726] (follow-wall) StderrLine: {'line': b'\x1b[01m\x1b[K/home/alumnos/acmp/colcon_ws/src/follow-wall-roboros/src/follow-wall/engine_node.cpp:42:5:\x1b[m\x1b[K \x1b[01;31m\x1b[Kerror: \x1b[m\x1b[K\xe2\x80\x98\x1b[01m\x1b[Kpub_\x1b[m\x1b[K\xe2\x80\x99 was not declared in this scope\n'}
[1.425816] (follow-wall) StderrLine: {'line': b'   42 |     \x1b[01;31m\x1b[Kpub_\x1b[m\x1b[K = create_publisher<geometry_msgs/msg/Twist>("mobile_base_controller/cmd_vel_unstamped", 10);\n'}
[1.425877] (follow-wall) StderrLine: {'line': b'      |     \x1b[01;31m\x1b[K^~~~\x1b[m\x1b[K\n'}
[1.426773] (follow-wall) StderrLine: {'line': b'\x1b[01m\x1b[K/home/alumnos/acmp/colcon_ws/src/follow-wall-roboros/src/follow-wall/engine_node.cpp:42:12:\x1b[m\x1b[K \x1b[01;31m\x1b[Kerror: \x1b[m\x1b[Kparse error in template argument list\n'}
[1.426908] (follow-wall) StderrLine: {'line': b'   42 |     pub_ = \x1b[01;31m\x1b[Kcreate_publisher<geometry_msgs/msg/Twist>\x1b[m\x1b[K("mobile_base_controller/cmd_vel_unstamped", 10);\n'}
[1.426980] (follow-wall) StderrLine: {'line': b'      |            \x1b[01;31m\x1b[K^~~~~~~~~~~~~~~~~~~~~~~~~~~~~~~~~~~~~~~~~\x1b[m\x1b[K\n'}
[1.427033] (follow-wall) StderrLine: {'line': b'\x1b[01m\x1b[K/home/alumnos/acmp/colcon_ws/src/follow-wall-roboros/src/follow-wall/engine_node.cpp:42:100:\x1b[m\x1b[K \x1b[01;31m\x1b[Kerror: \x1b[m\x1b[Kno matching function for call to \xe2\x80\x98\x1b[01m\x1b[KEngineNode::create_publisher<<expression error> >(const char [41], int)\x1b[m\x1b[K\xe2\x80\x99\n'}
[1.427853] (follow-wall) StderrLine: {'line': b'   42 |     pub_ = create_publisher<geometry_msgs/msg/Twist>("mobile_base_controller/cmd_vel_unstamped", 10\x1b[01;31m\x1b[K)\x1b[m\x1b[K;\n'}
[1.427919] (follow-wall) StderrLine: {'line': b'      |                                                                                                    \x1b[01;31m\x1b[K^\x1b[m\x1b[K\n'}
[1.427974] (follow-wall) StderrLine: {'line': b'In file included from \x1b[01m\x1b[K/opt/ros/foxy/include/rclcpp/executors/single_threaded_executor.hpp:28\x1b[m\x1b[K,\n'}
[1.428027] (follow-wall) StderrLine: {'line': b'                 from \x1b[01m\x1b[K/opt/ros/foxy/include/rclcpp/executors.hpp:22\x1b[m\x1b[K,\n'}
[1.428078] (follow-wall) StderrLine: {'line': b'                 from \x1b[01m\x1b[K/opt/ros/foxy/include/rclcpp/rclcpp.hpp:146\x1b[m\x1b[K,\n'}
[1.428129] (follow-wall) StderrLine: {'line': b'                 from \x1b[01m\x1b[K/home/alumnos/acmp/colcon_ws/src/follow-wall-roboros/src/follow-wall/engine_node.cpp:17\x1b[m\x1b[K:\n'}
[1.431584] (follow-wall) StderrLine: {'line': b'\x1b[01m\x1b[K/opt/ros/foxy/include/rclcpp/node.hpp:184:3:\x1b[m\x1b[K \x1b[01;36m\x1b[Knote: \x1b[m\x1b[Kcandidate: \xe2\x80\x98\x1b[01m\x1b[Ktemplate<class MessageT, class AllocatorT, class PublisherT> std::shared_ptr<PublisherT> rclcpp::Node::create_publisher(const string&, const rclcpp::QoS&, const rclcpp::PublisherOptionsWithAllocator<AllocatorT>&)\x1b[m\x1b[K\xe2\x80\x99\n'}
[1.431670] (follow-wall) StderrLine: {'line': b'  184 |   \x1b[01;36m\x1b[Kcreate_publisher\x1b[m\x1b[K(\n'}
[1.431728] (follow-wall) StderrLine: {'line': b'      |   \x1b[01;36m\x1b[K^~~~~~~~~~~~~~~~\x1b[m\x1b[K\n'}
[1.431811] (follow-wall) StderrLine: {'line': b'\x1b[01m\x1b[K/opt/ros/foxy/include/rclcpp/node.hpp:184:3:\x1b[m\x1b[K \x1b[01;36m\x1b[Knote: \x1b[m\x1b[K  template argument deduction/substitution failed:\n'}
[1.435318] (follow-wall) StderrLine: {'line': b'\x1b[01m\x1b[K/home/alumnos/acmp/colcon_ws/src/follow-wall-roboros/src/follow-wall/engine_node.cpp:42:100:\x1b[m\x1b[K \x1b[01;31m\x1b[Kerror: \x1b[m\x1b[Ktemplate argument 1 is invalid\n'}
[1.435402] (follow-wall) StderrLine: {'line': b'   42 |     pub_ = create_publisher<geometry_msgs/msg/Twist>("mobile_base_controller/cmd_vel_unstamped", 10\x1b[01;31m\x1b[K)\x1b[m\x1b[K;\n'}
[1.435460] (follow-wall) StderrLine: {'line': b'      |                                                                                                    \x1b[01;31m\x1b[K^\x1b[m\x1b[K\n'}
[1.435512] (follow-wall) StderrLine: {'line': b'\x1b[01m\x1b[K/home/alumnos/acmp/colcon_ws/src/follow-wall-roboros/src/follow-wall/engine_node.cpp:45:5:\x1b[m\x1b[K \x1b[01;31m\x1b[Kerror: \x1b[m\x1b[K\xe2\x80\x98\x1b[01m\x1b[Klasersub_\x1b[m\x1b[K\xe2\x80\x99 was not declared in this scope\n'}
[1.435566] (follow-wall) StderrLine: {'line': b'   45 |     \x1b[01;31m\x1b[Klasersub_\x1b[m\x1b[K = create_subscription<sensor_msgs/msg/LaserScan>(\n'}
[1.436088] (follow-wall) StderrLine: {'line': b'      |     \x1b[01;31m\x1b[K^~~~~~~~~\x1b[m\x1b[K\n'}
[1.436155] (follow-wall) StderrLine: {'line': b'\x1b[01m\x1b[K/home/alumnos/acmp/colcon_ws/src/follow-wall-roboros/src/follow-wall/engine_node.cpp:45:17:\x1b[m\x1b[K \x1b[01;31m\x1b[Kerror: \x1b[m\x1b[Kparse error in template argument list\n'}
[1.436205] (follow-wall) StderrLine: {'line': b'   45 |     lasersub_ = \x1b[01;31m\x1b[Kcreate_subscription<sensor_msgs/msg/LaserScan>\x1b[m\x1b[K(\n'}
[1.436255] (follow-wall) StderrLine: {'line': b'      |                 \x1b[01;31m\x1b[K^~~~~~~~~~~~~~~~~~~~~~~~~~~~~~~~~~~~~~~~~~~~~~\x1b[m\x1b[K\n'}
[1.436308] (follow-wall) StderrLine: {'line': b'\x1b[01m\x1b[K/home/alumnos/acmp/colcon_ws/src/follow-wall-roboros/src/follow-wall/engine_node.cpp:46:62:\x1b[m\x1b[K \x1b[01;31m\x1b[Kerror: \x1b[m\x1b[K\xe2\x80\x98\x1b[01m\x1b[K_1\x1b[m\x1b[K\xe2\x80\x99 was not declared in this scope; did you mean \xe2\x80\x98\x1b[01m\x1b[Kstd::placeholders::_1\x1b[m\x1b[K\xe2\x80\x99?\n'}
[1.436391] (follow-wall) StderrLine: {'line': b'   46 |       "scan_raw", 10, std::bind(&EngineNode::callback, this, \x1b[01;31m\x1b[K_1\x1b[m\x1b[K));\n'}
[1.437276] (follow-wall) StderrLine: {'line': b'      |                                                              \x1b[01;31m\x1b[K^~\x1b[m\x1b[K\n'}
[1.437340] (follow-wall) StderrLine: {'line': b'      |                                                              \x1b[32m\x1b[Kstd::placeholders::_1\x1b[m\x1b[K\n'}
[1.437396] (follow-wall) StderrLine: {'line': b'In file included from \x1b[01m\x1b[K/usr/include/c++/9/pstl/glue_algorithm_defs.h:13\x1b[m\x1b[K,\n'}
[1.437448] (follow-wall) StderrLine: {'line': b'                 from \x1b[01m\x1b[K/usr/include/c++/9/algorithm:71\x1b[m\x1b[K,\n'}
[1.437529] (follow-wall) StderrLine: {'line': b'                 from \x1b[01m\x1b[K/opt/ros/foxy/include/rclcpp/executor.hpp:18\x1b[m\x1b[K,\n'}
[1.438058] (follow-wall) StderrLine: {'line': b'                 from \x1b[01m\x1b[K/opt/ros/foxy/include/rclcpp/executors/multi_threaded_executor.hpp:26\x1b[m\x1b[K,\n'}
[1.438125] (follow-wall) StderrLine: {'line': b'                 from \x1b[01m\x1b[K/opt/ros/foxy/include/rclcpp/executors.hpp:21\x1b[m\x1b[K,\n'}
[1.438181] (follow-wall) StderrLine: {'line': b'                 from \x1b[01m\x1b[K/opt/ros/foxy/include/rclcpp/rclcpp.hpp:146\x1b[m\x1b[K,\n'}
[1.438238] (follow-wall) StderrLine: {'line': b'                 from \x1b[01m\x1b[K/home/alumnos/acmp/colcon_ws/src/follow-wall-roboros/src/follow-wall/engine_node.cpp:17\x1b[m\x1b[K:\n'}
[1.438340] (follow-wall) StderrLine: {'line': b'\x1b[01m\x1b[K/usr/include/c++/9/functional:211:34:\x1b[m\x1b[K \x1b[01;36m\x1b[Knote: \x1b[m\x1b[K\xe2\x80\x98\x1b[01m\x1b[Kstd::placeholders::_1\x1b[m\x1b[K\xe2\x80\x99 declared here\n'}
[1.438968] (follow-wall) StderrLine: {'line': b'  211 |     extern const _Placeholder<1> \x1b[01;36m\x1b[K_1\x1b[m\x1b[K;\n'}
[1.439020] (follow-wall) StderrLine: {'line': b'      |                                  \x1b[01;36m\x1b[K^~\x1b[m\x1b[K\n'}
[1.439070] (follow-wall) StderrLine: {'line': b'In file included from \x1b[01m\x1b[K/opt/ros/foxy/include/rclcpp/service.hpp:34\x1b[m\x1b[K,\n'}
[1.439121] (follow-wall) StderrLine: {'line': b'                 from \x1b[01m\x1b[K/opt/ros/foxy/include/rclcpp/callback_group.hpp:25\x1b[m\x1b[K,\n'}
[1.439170] (follow-wall) StderrLine: {'line': b'                 from \x1b[01m\x1b[K/opt/ros/foxy/include/rclcpp/any_executable.hpp:20\x1b[m\x1b[K,\n'}
[1.439849] (follow-wall) StderrLine: {'line': b'                 from \x1b[01m\x1b[K/opt/ros/foxy/include/rclcpp/memory_strategy.hpp:24\x1b[m\x1b[K,\n'}
[1.439900] (follow-wall) StderrLine: {'line': b'                 from \x1b[01m\x1b[K/opt/ros/foxy/include/rclcpp/memory_strategies.hpp:18\x1b[m\x1b[K,\n'}
[1.439949] (follow-wall) StderrLine: {'line': b'                 from \x1b[01m\x1b[K/opt/ros/foxy/include/rclcpp/executor_options.hpp:20\x1b[m\x1b[K,\n'}
[1.440000] (follow-wall) StderrLine: {'line': b'                 from \x1b[01m\x1b[K/opt/ros/foxy/include/rclcpp/executor.hpp:33\x1b[m\x1b[K,\n'}
[1.440052] (follow-wall) StderrLine: {'line': b'                 from \x1b[01m\x1b[K/opt/ros/foxy/include/rclcpp/executors/multi_threaded_executor.hpp:26\x1b[m\x1b[K,\n'}
[1.440102] (follow-wall) StderrLine: {'line': b'                 from \x1b[01m\x1b[K/opt/ros/foxy/include/rclcpp/executors.hpp:21\x1b[m\x1b[K,\n'}
[1.440182] (follow-wall) StderrLine: {'line': b'                 from \x1b[01m\x1b[K/opt/ros/foxy/include/rclcpp/rclcpp.hpp:146\x1b[m\x1b[K,\n'}
[1.444555] (follow-wall) StderrLine: {'line': b'                 from \x1b[01m\x1b[K/home/alumnos/acmp/colcon_ws/src/follow-wall-roboros/src/follow-wall/engine_node.cpp:17\x1b[m\x1b[K:\n'}
[1.444648] (follow-wall) StderrLine: {'line': b'\x1b[01m\x1b[K/home/alumnos/acmp/colcon_ws/src/follow-wall-roboros/src/follow-wall/engine_node.cpp:\x1b[m\x1b[K In member function \xe2\x80\x98\x1b[01m\x1b[Kvoid EngineNode::doWork()\x1b[m\x1b[K\xe2\x80\x99:\n'}
[1.444704] (follow-wall) StderrLine: {'line': b'\x1b[01m\x1b[K/home/alumnos/acmp/colcon_ws/src/follow-wall-roboros/src/follow-wall/engine_node.cpp:57:5:\x1b[m\x1b[K \x1b[01;31m\x1b[Kerror: \x1b[m\x1b[Kstatic assertion failed: First argument to logging macros must be an rclcpp::Logger\n'}
[1.444762] (follow-wall) StderrLine: {'line': b'   57 |     \x1b[01;31m\x1b[KRCLCPP_INFO\x1b[m\x1b[K("Publishing direction V:[%f] direction W:[%f]" , directions.V,directions.W);\n'}
[1.445585] (follow-wall) StderrLine: {'line': b'      |     \x1b[01;31m\x1b[K^~~~~~~~~~~\x1b[m\x1b[K\n'}
[1.445637] (follow-wall) StderrLine: {'line': b'In file included from \x1b[01m\x1b[K/opt/ros/foxy/include/rclcpp/client.hpp:40\x1b[m\x1b[K,\n'}
[1.445687] (follow-wall) StderrLine: {'line': b'                 from \x1b[01m\x1b[K/opt/ros/foxy/include/rclcpp/callback_group.hpp:23\x1b[m\x1b[K,\n'}
[1.445738] (follow-wall) StderrLine: {'line': b'                 from \x1b[01m\x1b[K/opt/ros/foxy/include/rclcpp/any_executable.hpp:20\x1b[m\x1b[K,\n'}
[1.445787] (follow-wall) StderrLine: {'line': b'                 from \x1b[01m\x1b[K/opt/ros/foxy/include/rclcpp/memory_strategy.hpp:24\x1b[m\x1b[K,\n'}
[1.445837] (follow-wall) StderrLine: {'line': b'                 from \x1b[01m\x1b[K/opt/ros/foxy/include/rclcpp/memory_strategies.hpp:18\x1b[m\x1b[K,\n'}
[1.446449] (follow-wall) StderrLine: {'line': b'                 from \x1b[01m\x1b[K/opt/ros/foxy/include/rclcpp/executor_options.hpp:20\x1b[m\x1b[K,\n'}
[1.446516] (follow-wall) StderrLine: {'line': b'                 from \x1b[01m\x1b[K/opt/ros/foxy/include/rclcpp/executor.hpp:33\x1b[m\x1b[K,\n'}
[1.446569] (follow-wall) StderrLine: {'line': b'                 from \x1b[01m\x1b[K/opt/ros/foxy/include/rclcpp/executors/multi_threaded_executor.hpp:26\x1b[m\x1b[K,\n'}
[1.446620] (follow-wall) StderrLine: {'line': b'                 from \x1b[01m\x1b[K/opt/ros/foxy/include/rclcpp/executors.hpp:21\x1b[m\x1b[K,\n'}
[1.447138] (follow-wall) StderrLine: {'line': b'                 from \x1b[01m\x1b[K/opt/ros/foxy/include/rclcpp/rclcpp.hpp:146\x1b[m\x1b[K,\n'}
[1.447188] (follow-wall) StderrLine: {'line': b'                 from \x1b[01m\x1b[K/home/alumnos/acmp/colcon_ws/src/follow-wall-roboros/src/follow-wall/engine_node.cpp:17\x1b[m\x1b[K:\n'}
[1.447238] (follow-wall) StderrLine: {'line': b'\x1b[01m\x1b[K/home/alumnos/acmp/colcon_ws/src/follow-wall-roboros/src/follow-wall/engine_node.cpp:57:5:\x1b[m\x1b[K \x1b[01;31m\x1b[Kerror: \x1b[m\x1b[Krequest for member \xe2\x80\x98\x1b[01m\x1b[Kget_name\x1b[m\x1b[K\xe2\x80\x99 in \xe2\x80\x98\x1b[01m\x1b[K"Publishing direction V:[%f] direction W:[%f]"\x1b[m\x1b[K\xe2\x80\x99, which is of non-class type \xe2\x80\x98\x1b[01m\x1b[Kconst char [45]\x1b[m\x1b[K\xe2\x80\x99\n'}
[1.447291] (follow-wall) StderrLine: {'line': b'   57 |     \x1b[01;31m\x1b[KRCLCPP_INFO\x1b[m\x1b[K("Publishing direction V:[%f] direction W:[%f]" , directions.V,directions.W);\n'}
[1.447340] (follow-wall) StderrLine: {'line': b'      |     \x1b[01;31m\x1b[K^~~~~~~~~~~\x1b[m\x1b[K\n'}
[1.447390] (follow-wall) StderrLine: {'line': b'\x1b[01m\x1b[K/home/alumnos/acmp/colcon_ws/src/follow-wall-roboros/src/follow-wall/engine_node.cpp:57:5:\x1b[m\x1b[K \x1b[01;31m\x1b[Kerror: \x1b[m\x1b[Krequest for member \xe2\x80\x98\x1b[01m\x1b[Kget_name\x1b[m\x1b[K\xe2\x80\x99 in \xe2\x80\x98\x1b[01m\x1b[K"Publishing direction V:[%f] direction W:[%f]"\x1b[m\x1b[K\xe2\x80\x99, which is of non-class type \xe2\x80\x98\x1b[01m\x1b[Kconst char [45]\x1b[m\x1b[K\xe2\x80\x99\n'}
[1.448141] (follow-wall) StderrLine: {'line': b'   57 |     \x1b[01;31m\x1b[KRCLCPP_INFO\x1b[m\x1b[K("Publishing direction V:[%f] direction W:[%f]" , directions.V,directions.W);\n'}
[1.448190] (follow-wall) StderrLine: {'line': b'      |     \x1b[01;31m\x1b[K^~~~~~~~~~~\x1b[m\x1b[K\n'}
[1.448238] (follow-wall) StderrLine: {'line': b'\x1b[01m\x1b[K/home/alumnos/acmp/colcon_ws/src/follow-wall-roboros/src/follow-wall/engine_node.cpp:57:77:\x1b[m\x1b[K \x1b[01;31m\x1b[Kerror: \x1b[m\x1b[K\xe2\x80\x98\x1b[01m\x1b[Kusing Twist = struct geometry_msgs::msg::Twist_<std::allocator<void> >\x1b[m\x1b[K\xe2\x80\x99 {aka \xe2\x80\x98\x1b[01m\x1b[Kstruct geometry_msgs::msg::Twist_<std::allocator<void> >\x1b[m\x1b[K\xe2\x80\x99} has no member named \xe2\x80\x98\x1b[01m\x1b[KV\x1b[m\x1b[K\xe2\x80\x99\n'}
[1.448292] (follow-wall) StderrLine: {'line': b'   57 |     RCLCPP_INFO("Publishing direction V:[%f] direction W:[%f]" , directions.\x1b[01;31m\x1b[KV\x1b[m\x1b[K,directions.W);\n'}
[1.448346] (follow-wall) StderrLine: {'line': b'      |                                                                             \x1b[01;31m\x1b[K^\x1b[m\x1b[K\n'}
[1.448396] (follow-wall) StderrLine: {'line': b'\x1b[01m\x1b[K/home/alumnos/acmp/colcon_ws/src/follow-wall-roboros/src/follow-wall/engine_node.cpp:57:90:\x1b[m\x1b[K \x1b[01;31m\x1b[Kerror: \x1b[m\x1b[K\xe2\x80\x98\x1b[01m\x1b[Kusing Twist = struct geometry_msgs::msg::Twist_<std::allocator<void> >\x1b[m\x1b[K\xe2\x80\x99 {aka \xe2\x80\x98\x1b[01m\x1b[Kstruct geometry_msgs::msg::Twist_<std::allocator<void> >\x1b[m\x1b[K\xe2\x80\x99} has no member named \xe2\x80\x98\x1b[01m\x1b[KW\x1b[m\x1b[K\xe2\x80\x99\n'}
[1.449191] (follow-wall) StderrLine: {'line': b'   57 |     RCLCPP_INFO("Publishing direction V:[%f] direction W:[%f]" , directions.V,directions.\x1b[01;31m\x1b[KW\x1b[m\x1b[K);\n'}
[1.449257] (follow-wall) StderrLine: {'line': b'      |                                                                                          \x1b[01;31m\x1b[K^\x1b[m\x1b[K\n'}
[1.449311] (follow-wall) StderrLine: {'line': b'\x1b[01m\x1b[K/home/alumnos/acmp/colcon_ws/src/follow-wall-roboros/src/follow-wall/engine_node.cpp:61:5:\x1b[m\x1b[K \x1b[01;31m\x1b[Kerror: \x1b[m\x1b[K\xe2\x80\x98\x1b[01m\x1b[Kpub_\x1b[m\x1b[K\xe2\x80\x99 was not declared in this scope\n'}
[1.449364] (follow-wall) StderrLine: {'line': b'   61 |     \x1b[01;31m\x1b[Kpub_\x1b[m\x1b[K->publish(directions);\n'}
[1.450096] (follow-wall) StderrLine: {'line': b'      |     \x1b[01;31m\x1b[K^~~~\x1b[m\x1b[K\n'}
[1.450164] (follow-wall) StderrLine: {'line': b'In file included from \x1b[01m\x1b[K/opt/ros/foxy/include/rclcpp/service.hpp:34\x1b[m\x1b[K,\n'}
[1.450220] (follow-wall) StderrLine: {'line': b'                 from \x1b[01m\x1b[K/opt/ros/foxy/include/rclcpp/callback_group.hpp:25\x1b[m\x1b[K,\n'}
[1.454623] (follow-wall) StderrLine: {'line': b'                 from \x1b[01m\x1b[K/opt/ros/foxy/include/rclcpp/any_executable.hpp:20\x1b[m\x1b[K,\n'}
[1.454713] (follow-wall) StderrLine: {'line': b'                 from \x1b[01m\x1b[K/opt/ros/foxy/include/rclcpp/memory_strategy.hpp:24\x1b[m\x1b[K,\n'}
[1.454776] (follow-wall) StderrLine: {'line': b'                 from \x1b[01m\x1b[K/opt/ros/foxy/include/rclcpp/memory_strategies.hpp:18\x1b[m\x1b[K,\n'}
[1.454837] (follow-wall) StderrLine: {'line': b'                 from \x1b[01m\x1b[K/opt/ros/foxy/include/rclcpp/executor_options.hpp:20\x1b[m\x1b[K,\n'}
[1.454896] (follow-wall) StderrLine: {'line': b'                 from \x1b[01m\x1b[K/opt/ros/foxy/include/rclcpp/executor.hpp:33\x1b[m\x1b[K,\n'}
[1.454956] (follow-wall) StderrLine: {'line': b'                 from \x1b[01m\x1b[K/opt/ros/foxy/include/rclcpp/executors/multi_threaded_executor.hpp:26\x1b[m\x1b[K,\n'}
[1.455741] (follow-wall) StderrLine: {'line': b'                 from \x1b[01m\x1b[K/opt/ros/foxy/include/rclcpp/executors.hpp:21\x1b[m\x1b[K,\n'}
[1.455806] (follow-wall) StderrLine: {'line': b'                 from \x1b[01m\x1b[K/opt/ros/foxy/include/rclcpp/rclcpp.hpp:146\x1b[m\x1b[K,\n'}
[1.455888] (follow-wall) StderrLine: {'line': b'                 from \x1b[01m\x1b[K/home/alumnos/acmp/colcon_ws/src/follow-wall-roboros/src/follow-wall/engine_node.cpp:17\x1b[m\x1b[K:\n'}
[1.455946] (follow-wall) StderrLine: {'line': b'\x1b[01m\x1b[K/home/alumnos/acmp/colcon_ws/src/follow-wall-roboros/src/follow-wall/engine_node.cpp:\x1b[m\x1b[K In member function \xe2\x80\x98\x1b[01m\x1b[Kvoid EngineNode::callback(sensor_msgs::msg::LaserScan_<std::allocator<void> >::SharedPtr) const\x1b[m\x1b[K\xe2\x80\x99:\n'}
[1.456595] (follow-wall) StderrLine: {'line': b'\x1b[01m\x1b[K/home/alumnos/acmp/colcon_ws/src/follow-wall-roboros/src/follow-wall/engine_node.cpp:92:5:\x1b[m\x1b[K \x1b[01;31m\x1b[Kerror: \x1b[m\x1b[Kstatic assertion failed: First argument to logging macros must be an rclcpp::Logger\n'}
[1.456661] (follow-wall) StderrLine: {'line': b'   92 |     \x1b[01;31m\x1b[KRCLCPP_INFO\x1b[m\x1b[K("I heard: [%d]",msg);\n'}
[1.456717] (follow-wall) StderrLine: {'line': b'      |     \x1b[01;31m\x1b[K^~~~~~~~~~~\x1b[m\x1b[K\n'}
[1.456769] (follow-wall) StderrLine: {'line': b'In file included from \x1b[01m\x1b[K/opt/ros/foxy/include/rclcpp/client.hpp:40\x1b[m\x1b[K,\n'}
[1.456838] (follow-wall) StderrLine: {'line': b'                 from \x1b[01m\x1b[K/opt/ros/foxy/include/rclcpp/callback_group.hpp:23\x1b[m\x1b[K,\n'}
[1.457444] (follow-wall) StderrLine: {'line': b'                 from \x1b[01m\x1b[K/opt/ros/foxy/include/rclcpp/any_executable.hpp:20\x1b[m\x1b[K,\n'}
[1.457502] (follow-wall) StderrLine: {'line': b'                 from \x1b[01m\x1b[K/opt/ros/foxy/include/rclcpp/memory_strategy.hpp:24\x1b[m\x1b[K,\n'}
[1.457554] (follow-wall) StderrLine: {'line': b'                 from \x1b[01m\x1b[K/opt/ros/foxy/include/rclcpp/memory_strategies.hpp:18\x1b[m\x1b[K,\n'}
[1.457619] (follow-wall) StderrLine: {'line': b'                 from \x1b[01m\x1b[K/opt/ros/foxy/include/rclcpp/executor_options.hpp:20\x1b[m\x1b[K,\n'}
[1.457676] (follow-wall) StderrLine: {'line': b'                 from \x1b[01m\x1b[K/opt/ros/foxy/include/rclcpp/executor.hpp:33\x1b[m\x1b[K,\n'}
[1.458378] (follow-wall) StderrLine: {'line': b'                 from \x1b[01m\x1b[K/opt/ros/foxy/include/rclcpp/executors/multi_threaded_executor.hpp:26\x1b[m\x1b[K,\n'}
[1.458444] (follow-wall) StderrLine: {'line': b'                 from \x1b[01m\x1b[K/opt/ros/foxy/include/rclcpp/executors.hpp:21\x1b[m\x1b[K,\n'}
[1.458496] (follow-wall) StderrLine: {'line': b'                 from \x1b[01m\x1b[K/opt/ros/foxy/include/rclcpp/rclcpp.hpp:146\x1b[m\x1b[K,\n'}
[1.458547] (follow-wall) StderrLine: {'line': b'                 from \x1b[01m\x1b[K/home/alumnos/acmp/colcon_ws/src/follow-wall-roboros/src/follow-wall/engine_node.cpp:17\x1b[m\x1b[K:\n'}
[1.458616] (follow-wall) StderrLine: {'line': b'\x1b[01m\x1b[K/home/alumnos/acmp/colcon_ws/src/follow-wall-roboros/src/follow-wall/engine_node.cpp:92:5:\x1b[m\x1b[K \x1b[01;31m\x1b[Kerror: \x1b[m\x1b[Krequest for member \xe2\x80\x98\x1b[01m\x1b[Kget_name\x1b[m\x1b[K\xe2\x80\x99 in \xe2\x80\x98\x1b[01m\x1b[K"I heard: [%d]"\x1b[m\x1b[K\xe2\x80\x99, which is of non-class type \xe2\x80\x98\x1b[01m\x1b[Kconst char [14]\x1b[m\x1b[K\xe2\x80\x99\n'}
[1.458677] (follow-wall) StderrLine: {'line': b'   92 |     \x1b[01;31m\x1b[KRCLCPP_INFO\x1b[m\x1b[K("I heard: [%d]",msg);\n'}
[1.459341] (follow-wall) StderrLine: {'line': b'      |     \x1b[01;31m\x1b[K^~~~~~~~~~~\x1b[m\x1b[K\n'}
[1.459393] (follow-wall) StderrLine: {'line': b'\x1b[01m\x1b[K/home/alumnos/acmp/colcon_ws/src/follow-wall-roboros/src/follow-wall/engine_node.cpp:92:5:\x1b[m\x1b[K \x1b[01;31m\x1b[Kerror: \x1b[m\x1b[Krequest for member \xe2\x80\x98\x1b[01m\x1b[Kget_name\x1b[m\x1b[K\xe2\x80\x99 in \xe2\x80\x98\x1b[01m\x1b[K"I heard: [%d]"\x1b[m\x1b[K\xe2\x80\x99, which is of non-class type \xe2\x80\x98\x1b[01m\x1b[Kconst char [14]\x1b[m\x1b[K\xe2\x80\x99\n'}
[1.459450] (follow-wall) StderrLine: {'line': b'   92 |     \x1b[01;31m\x1b[KRCLCPP_INFO\x1b[m\x1b[K("I heard: [%d]",msg);\n'}
[1.459503] (follow-wall) StderrLine: {'line': b'      |     \x1b[01;31m\x1b[K^~~~~~~~~~~\x1b[m\x1b[K\n'}
[1.459571] (follow-wall) StderrLine: {'line': b'\x1b[01m\x1b[K/home/alumnos/acmp/colcon_ws/src/follow-wall-roboros/src/follow-wall/engine_node.cpp:92:5:\x1b[m\x1b[K \x1b[01;31m\x1b[Kerror: \x1b[m\x1b[Kno matching function for call to \xe2\x80\x98\x1b[01m\x1b[Kget_c_string(const SharedPtr&)\x1b[m\x1b[K\xe2\x80\x99\n'}
[1.460361] (follow-wall) StderrLine: {'line': b'   92 |     \x1b[01;31m\x1b[KRCLCPP_INFO\x1b[m\x1b[K("I heard: [%d]",msg);\n'}
[1.460415] (follow-wall) StderrLine: {'line': b'      |     \x1b[01;31m\x1b[K^~~~~~~~~~~\x1b[m\x1b[K\n'}
[1.460467] (follow-wall) StderrLine: {'line': b'In file included from \x1b[01m\x1b[K/opt/ros/foxy/include/rclcpp/client.hpp:36\x1b[m\x1b[K,\n'}
[1.460532] (follow-wall) StderrLine: {'line': b'                 from \x1b[01m\x1b[K/opt/ros/foxy/include/rclcpp/callback_group.hpp:23\x1b[m\x1b[K,\n'}
[1.460585] (follow-wall) StderrLine: {'line': b'                 from \x1b[01m\x1b[K/opt/ros/foxy/include/rclcpp/any_executable.hpp:20\x1b[m\x1b[K,\n'}
[1.464470] (follow-wall) StderrLine: {'line': b'                 from \x1b[01m\x1b[K/opt/ros/foxy/include/rclcpp/memory_strategy.hpp:24\x1b[m\x1b[K,\n'}
[1.464525] (follow-wall) StderrLine: {'line': b'                 from \x1b[01m\x1b[K/opt/ros/foxy/include/rclcpp/memory_strategies.hpp:18\x1b[m\x1b[K,\n'}
[1.464576] (follow-wall) StderrLine: {'line': b'                 from \x1b[01m\x1b[K/opt/ros/foxy/include/rclcpp/executor_options.hpp:20\x1b[m\x1b[K,\n'}
[1.464677] (follow-wall) StderrLine: {'line': b'                 from \x1b[01m\x1b[K/opt/ros/foxy/include/rclcpp/executor.hpp:33\x1b[m\x1b[K,\n'}
[1.468557] (follow-wall) StderrLine: {'line': b'                 from \x1b[01m\x1b[K/opt/ros/foxy/include/rclcpp/executors/multi_threaded_executor.hpp:26\x1b[m\x1b[K,\n'}
[1.468628] (follow-wall) StderrLine: {'line': b'                 from \x1b[01m\x1b[K/opt/ros/foxy/include/rclcpp/executors.hpp:21\x1b[m\x1b[K,\n'}
[1.468678] (follow-wall) StderrLine: {'line': b'                 from \x1b[01m\x1b[K/opt/ros/foxy/include/rclcpp/rclcpp.hpp:146\x1b[m\x1b[K,\n'}
[1.468728] (follow-wall) StderrLine: {'line': b'                 from \x1b[01m\x1b[K/home/alumnos/acmp/colcon_ws/src/follow-wall-roboros/src/follow-wall/engine_node.cpp:17\x1b[m\x1b[K:\n'}
[1.468796] (follow-wall) StderrLine: {'line': b'\x1b[01m\x1b[K/opt/ros/foxy/include/rclcpp/utilities.hpp:296:1:\x1b[m\x1b[K \x1b[01;36m\x1b[Knote: \x1b[m\x1b[Kcandidate: \xe2\x80\x98\x1b[01m\x1b[Kconst char* rclcpp::get_c_string(const char*)\x1b[m\x1b[K\xe2\x80\x99\n'}
[1.468848] (follow-wall) StderrLine: {'line': b'  296 | \x1b[01;36m\x1b[Kget_c_string\x1b[m\x1b[K(const char * string_in);\n'}
[1.469721] (follow-wall) StderrLine: {'line': b'      | \x1b[01;36m\x1b[K^~~~~~~~~~~~\x1b[m\x1b[K\n'}
[1.469783] (follow-wall) StderrLine: {'line': b'\x1b[01m\x1b[K/opt/ros/foxy/include/rclcpp/utilities.hpp:296:27:\x1b[m\x1b[K \x1b[01;36m\x1b[Knote: \x1b[m\x1b[K  no known conversion for argument 1 from \xe2\x80\x98\x1b[01m\x1b[Kconst SharedPtr\x1b[m\x1b[K\xe2\x80\x99 {aka \xe2\x80\x98\x1b[01m\x1b[Kconst std::shared_ptr<sensor_msgs::msg::LaserScan_<std::allocator<void> > >\x1b[m\x1b[K\xe2\x80\x99} to \xe2\x80\x98\x1b[01m\x1b[Kconst char*\x1b[m\x1b[K\xe2\x80\x99\n'}
[1.469847] (follow-wall) StderrLine: {'line': b'  296 | get_c_string(\x1b[01;36m\x1b[Kconst char * string_in\x1b[m\x1b[K);\n'}
[1.470491] (follow-wall) StderrLine: {'line': b'      |              \x1b[01;36m\x1b[K~~~~~~~~~~~~~^~~~~~~~~\x1b[m\x1b[K\n'}
[1.470559] (follow-wall) StderrLine: {'line': b'\x1b[01m\x1b[K/opt/ros/foxy/include/rclcpp/utilities.hpp:305:1:\x1b[m\x1b[K \x1b[01;36m\x1b[Knote: \x1b[m\x1b[Kcandidate: \xe2\x80\x98\x1b[01m\x1b[Kconst char* rclcpp::get_c_string(const string&)\x1b[m\x1b[K\xe2\x80\x99\n'}
[1.470620] (follow-wall) StderrLine: {'line': b'  305 | \x1b[01;36m\x1b[Kget_c_string\x1b[m\x1b[K(const std::string & string_in);\n'}
[1.470674] (follow-wall) StderrLine: {'line': b'      | \x1b[01;36m\x1b[K^~~~~~~~~~~~\x1b[m\x1b[K\n'}
[1.471219] (follow-wall) StderrLine: {'line': b'\x1b[01m\x1b[K/opt/ros/foxy/include/rclcpp/utilities.hpp:305:34:\x1b[m\x1b[K \x1b[01;36m\x1b[Knote: \x1b[m\x1b[K  no known conversion for argument 1 from \xe2\x80\x98\x1b[01m\x1b[Kconst SharedPtr\x1b[m\x1b[K\xe2\x80\x99 {aka \xe2\x80\x98\x1b[01m\x1b[Kconst std::shared_ptr<sensor_msgs::msg::LaserScan_<std::allocator<void> > >\x1b[m\x1b[K\xe2\x80\x99} to \xe2\x80\x98\x1b[01m\x1b[Kconst string&\x1b[m\x1b[K\xe2\x80\x99 {aka \xe2\x80\x98\x1b[01m\x1b[Kconst std::__cxx11::basic_string<char>&\x1b[m\x1b[K\xe2\x80\x99}\n'}
[1.471288] (follow-wall) StderrLine: {'line': b'  305 | get_c_string(\x1b[01;36m\x1b[Kconst std::string & string_in\x1b[m\x1b[K);\n'}
[1.471340] (follow-wall) StderrLine: {'line': b'      |              \x1b[01;36m\x1b[K~~~~~~~~~~~~~~~~~~~~^~~~~~~~~\x1b[m\x1b[K\n'}
[1.471392] (follow-wall) StderrLine: {'line': b'\x1b[01m\x1b[K/home/alumnos/acmp/colcon_ws/src/follow-wall-roboros/src/follow-wall/engine_node.cpp:96:32:\x1b[m\x1b[K \x1b[01;31m\x1b[Kerror: \x1b[m\x1b[K\xe2\x80\x98\x1b[01m\x1b[Kconst SharedPtr\x1b[m\x1b[K\xe2\x80\x99 {aka \xe2\x80\x98\x1b[01m\x1b[Kconst class std::shared_ptr<sensor_msgs::msg::LaserScan_<std::allocator<void> > >\x1b[m\x1b[K\xe2\x80\x99} has no member named \xe2\x80\x98\x1b[01m\x1b[Kangle_min\x1b[m\x1b[K\xe2\x80\x99\n'}
[1.472054] (follow-wall) StderrLine: {'line': b'   96 |     int areasize=(rad2degr(msg.\x1b[01;31m\x1b[Kangle_min\x1b[m\x1b[K)-rad2degr(msg.angle_max))/LASERPARTITION;\n'}
[1.472107] (follow-wall) StderrLine: {'line': b'      |                                \x1b[01;31m\x1b[K^~~~~~~~~\x1b[m\x1b[K\n'}
[1.472159] (follow-wall) StderrLine: {'line': b'\x1b[01m\x1b[K/home/alumnos/acmp/colcon_ws/src/follow-wall-roboros/src/follow-wall/engine_node.cpp:96:56:\x1b[m\x1b[K \x1b[01;31m\x1b[Kerror: \x1b[m\x1b[K\xe2\x80\x98\x1b[01m\x1b[Kconst SharedPtr\x1b[m\x1b[K\xe2\x80\x99 {aka \xe2\x80\x98\x1b[01m\x1b[Kconst class std::shared_ptr<sensor_msgs::msg::LaserScan_<std::allocator<void> > >\x1b[m\x1b[K\xe2\x80\x99} has no member named \xe2\x80\x98\x1b[01m\x1b[Kangle_max\x1b[m\x1b[K\xe2\x80\x99\n'}
[1.472215] (follow-wall) StderrLine: {'line': b'   96 |     int areasize=(rad2degr(msg.angle_min)-rad2degr(msg.\x1b[01;31m\x1b[Kangle_max\x1b[m\x1b[K))/LASERPARTITION;\n'}
[1.472266] (follow-wall) StderrLine: {'line': b'      |                                                        \x1b[01;31m\x1b[K^~~~~~~~~\x1b[m\x1b[K\n'}
[1.472319] (follow-wall) StderrLine: {'line': b'\x1b[01m\x1b[K/home/alumnos/acmp/colcon_ws/src/follow-wall-roboros/src/follow-wall/engine_node.cpp:97:38:\x1b[m\x1b[K \x1b[01;31m\x1b[Kerror: \x1b[m\x1b[Kexpected \xe2\x80\x98\x1b[01m\x1b[K,\x1b[m\x1b[K\xe2\x80\x99 or \xe2\x80\x98\x1b[01m\x1b[K;\x1b[m\x1b[K\xe2\x80\x99 before \xe2\x80\x98\x1b[01m\x1b[Krad2degr\x1b[m\x1b[K\xe2\x80\x99\n'}
[1.473082] (follow-wall) StderrLine: {'line': b'   97 |     int iterations_per_size=areasize\\\x1b[01;31m\x1b[Krad2degr\x1b[m\x1b[K(msg.angle_increment);\n'}
[1.473145] (follow-wall) StderrLine: {'line': b'      |                                      \x1b[01;31m\x1b[K^~~~~~~~\x1b[m\x1b[K\n'}
[1.473200] (follow-wall) StderrLine: {'line': b'\x1b[01m\x1b[K/home/alumnos/acmp/colcon_ws/src/follow-wall-roboros/src/follow-wall/engine_node.cpp:99:32:\x1b[m\x1b[K \x1b[01;31m\x1b[Kerror: \x1b[m\x1b[K\xe2\x80\x98\x1b[01m\x1b[Kconst SharedPtr\x1b[m\x1b[K\xe2\x80\x99 {aka \xe2\x80\x98\x1b[01m\x1b[Kconst class std::shared_ptr<sensor_msgs::msg::LaserScan_<std::allocator<void> > >\x1b[m\x1b[K\xe2\x80\x99} has no member named \xe2\x80\x98\x1b[01m\x1b[Krange_max\x1b[m\x1b[K\xe2\x80\x99\n'}
[1.473268] (follow-wall) StderrLine: {'line': b'   99 |     float semicircle_half=(msg.\x1b[01;31m\x1b[Krange_max\x1b[m\x1b[K-msg.range_min)/2;\n'}
[1.473986] (follow-wall) StderrLine: {'line': b'      |                                \x1b[01;31m\x1b[K^~~~~~~~~\x1b[m\x1b[K\n'}
[1.474054] (follow-wall) StderrLine: {'line': b'\x1b[01m\x1b[K/home/alumnos/acmp/colcon_ws/src/follow-wall-roboros/src/follow-wall/engine_node.cpp:99:46:\x1b[m\x1b[K \x1b[01;31m\x1b[Kerror: \x1b[m\x1b[K\xe2\x80\x98\x1b[01m\x1b[Kconst SharedPtr\x1b[m\x1b[K\xe2\x80\x99 {aka \xe2\x80\x98\x1b[01m\x1b[Kconst class std::shared_ptr<sensor_msgs::msg::LaserScan_<std::allocator<void> > >\x1b[m\x1b[K\xe2\x80\x99} has no member named \xe2\x80\x98\x1b[01m\x1b[Krange_min\x1b[m\x1b[K\xe2\x80\x99\n'}
[1.474115] (follow-wall) StderrLine: {'line': b'   99 |     float semicircle_half=(msg.range_max-msg.\x1b[01;31m\x1b[Krange_min\x1b[m\x1b[K)/2;\n'}
[1.474170] (follow-wall) StderrLine: {'line': b'      |                                              \x1b[01;31m\x1b[K^~~~~~~~~\x1b[m\x1b[K\n'}
[1.474849] (follow-wall) StderrLine: {'line': b'\x1b[01m\x1b[K/home/alumnos/acmp/colcon_ws/src/follow-wall-roboros/src/follow-wall/engine_node.cpp:101:18:\x1b[m\x1b[K \x1b[01;35m\x1b[Kwarning: \x1b[m\x1b[Kleft operand of comma operator has no effect [\x1b[01;35m\x1b[K-Wunused-value\x1b[m\x1b[K]\n'}
[1.474905] (follow-wall) StderrLine: {'line': b'  101 |     for(int i=0;\x1b[01;35m\x1b[Ki<LASERPARTITION\x1b[m\x1b[K,i++){\n'}
[1.474961] (follow-wall) StderrLine: {'line': b'      |                 \x1b[01;35m\x1b[K~^~~~~~~~~~~~~~~\x1b[m\x1b[K\n'}
[1.475013] (follow-wall) StderrLine: {'line': b'\x1b[01m\x1b[K/home/alumnos/acmp/colcon_ws/src/follow-wall-roboros/src/follow-wall/engine_node.cpp:101:37:\x1b[m\x1b[K \x1b[01;31m\x1b[Kerror: \x1b[m\x1b[Kexpected \xe2\x80\x98\x1b[01m\x1b[K;\x1b[m\x1b[K\xe2\x80\x99 before \xe2\x80\x98\x1b[01m\x1b[K)\x1b[m\x1b[K\xe2\x80\x99 token\n'}
[1.475073] (follow-wall) StderrLine: {'line': b'  101 |     for(int i=0;i<LASERPARTITION,i++\x1b[01;31m\x1b[K)\x1b[m\x1b[K{\n'}
[1.475124] (follow-wall) StderrLine: {'line': b'      |                                     \x1b[01;31m\x1b[K^\x1b[m\x1b[K\n'}
[1.475174] (follow-wall) StderrLine: {'line': b'      |                                     \x1b[32m\x1b[K;\x1b[m\x1b[K\n'}
[1.475225] (follow-wall) StderrLine: {'line': b'\x1b[01m\x1b[K/home/alumnos/acmp/colcon_ws/src/follow-wall-roboros/src/follow-wall/engine_node.cpp:108:12:\x1b[m\x1b[K \x1b[01;31m\x1b[Kerror: \x1b[m\x1b[K\xe2\x80\x98\x1b[01m\x1b[Krange\x1b[m\x1b[K\xe2\x80\x99 was not declared in this scope\n'}
[1.475276] (follow-wall) StderrLine: {'line': b'  108 |         if(\x1b[01;31m\x1b[Krange\x1b[m\x1b[K[first_zone_range+a]>=msg.range_min && range[first_zone_range+a]<=msg.range_max){\n'}
[1.475327] (follow-wall) StderrLine: {'line': b'      |            \x1b[01;31m\x1b[K^~~~~\x1b[m\x1b[K\n'}
[1.475377] (follow-wall) StderrLine: {'line': b'\x1b[01m\x1b[K/home/alumnos/acmp/colcon_ws/src/follow-wall-roboros/src/follow-wall/engine_node.cpp:108:43:\x1b[m\x1b[K \x1b[01;31m\x1b[Kerror: \x1b[m\x1b[K\xe2\x80\x98\x1b[01m\x1b[Kconst SharedPtr\x1b[m\x1b[K\xe2\x80\x99 {aka \xe2\x80\x98\x1b[01m\x1b[Kconst class std::shared_ptr<sensor_msgs::msg::LaserScan_<std::allocator<void> > >\x1b[m\x1b[K\xe2\x80\x99} has no member named \xe2\x80\x98\x1b[01m\x1b[Krange_min\x1b[m\x1b[K\xe2\x80\x99\n'}
[1.475431] (follow-wall) StderrLine: {'line': b'  108 |         if(range[first_zone_range+a]>=msg.\x1b[01;31m\x1b[Krange_min\x1b[m\x1b[K && range[first_zone_range+a]<=msg.range_max){\n'}
[1.475484] (follow-wall) StderrLine: {'line': b'      |                                           \x1b[01;31m\x1b[K^~~~~~~~~\x1b[m\x1b[K\n'}
[1.475535] (follow-wall) StderrLine: {'line': b'\x1b[01m\x1b[K/home/alumnos/acmp/colcon_ws/src/follow-wall-roboros/src/follow-wall/engine_node.cpp:108:87:\x1b[m\x1b[K \x1b[01;31m\x1b[Kerror: \x1b[m\x1b[K\xe2\x80\x98\x1b[01m\x1b[Kconst SharedPtr\x1b[m\x1b[K\xe2\x80\x99 {aka \xe2\x80\x98\x1b[01m\x1b[Kconst class std::shared_ptr<sensor_msgs::msg::LaserScan_<std::allocator<void> > >\x1b[m\x1b[K\xe2\x80\x99} has no member named \xe2\x80\x98\x1b[01m\x1b[Krange_max\x1b[m\x1b[K\xe2\x80\x99\n'}
[1.475595] (follow-wall) StderrLine: {'line': b'  108 |         if(range[first_zone_range+a]>=msg.range_min && range[first_zone_range+a]<=msg.\x1b[01;31m\x1b[Krange_max\x1b[m\x1b[K){\n'}
[1.475646] (follow-wall) StderrLine: {'line': b'      |                                                                                       \x1b[01;31m\x1b[K^~~~~~~~~\x1b[m\x1b[K\n'}
[1.503622] (-) TimerEvent: {}
[1.603869] (-) TimerEvent: {}
[1.704121] (-) TimerEvent: {}
[1.725848] (follow-wall) StderrLine: {'line': b'make[2]: *** [CMakeFiles/engine_node.dir/build.make:63: CMakeFiles/engine_node.dir/src/follow-wall/engine_node.cpp.o] Error 1\n'}
[1.726120] (follow-wall) StderrLine: {'line': b'make[1]: *** [CMakeFiles/Makefile2:107: CMakeFiles/engine_node.dir/all] Error 2\n'}
[1.726722] (follow-wall) StderrLine: {'line': b'make: *** [Makefile:141: all] Error 2\n'}
[1.727709] (follow-wall) CommandEnded: {'returncode': 2}
[1.804918] (-) TimerEvent: {}
[1.813297] (follow-wall) JobEnded: {'identifier': 'follow-wall', 'rc': 2}
[1.822205] (-) EventReactorShutdown: {}
