[0.000000] (-) TimerEvent: {}
[0.000130] (follow-wall) JobQueued: {'identifier': 'follow-wall', 'dependencies': OrderedDict()}
[0.000730] (follow-wall) JobStarted: {'identifier': 'follow-wall'}
[0.066098] (follow-wall) JobProgress: {'identifier': 'follow-wall', 'progress': 'cmake'}
[0.072829] (follow-wall) JobProgress: {'identifier': 'follow-wall', 'progress': 'build'}
[0.073664] (follow-wall) Command: {'cmd': ['/usr/bin/cmake', '--build', '/home/alumnos/acmp/colcon_ws/src/follow-wall-roboros/build/follow-wall', '--', '-j6', '-l6'], 'cwd': '/home/alumnos/acmp/colcon_ws/src/follow-wall-roboros/build/follow-wall', 'env': OrderedDict([('GJS_DEBUG_TOPICS', 'JS ERROR;JS LOG'), ('VNCDESKTOP', 'f-l3109-pc08.aulas.etsit.urjc.es:1 (acmp)'), ('USER', 'acmp'), ('SSH_CLIENT', '193.147.79.63 47640 22'), ('XDG_SESSION_TYPE', 'tty'), ('SHLVL', '2'), ('LD_LIBRARY_PATH', '/home/alumnos/acmp/colcon_ws/install/velocity_controllers/lib:/home/alumnos/acmp/colcon_ws/install/test_ci/lib:/home/alumnos/acmp/colcon_ws/install/rqt_cascade_hfsm/lib:/home/alumnos/acmp/colcon_ws/install/ros2talk_msgs/lib:/home/alumnos/acmp/colcon_ws/install/position_controllers/lib:/home/alumnos/acmp/colcon_ws/install/joint_trajectory_controller/lib:/home/alumnos/acmp/colcon_ws/install/joint_state_controller/lib:/home/alumnos/acmp/colcon_ws/install/joint_state_broadcaster/lib:/home/alumnos/acmp/colcon_ws/install/imu_sensor_broadcaster/lib:/home/alumnos/acmp/colcon_ws/install/gripper_controllers/lib:/home/alumnos/acmp/colcon_ws/install/gazebo_ros2_control/lib:/home/alumnos/acmp/colcon_ws/install/effort_controllers/lib:/home/alumnos/acmp/colcon_ws/install/forward_command_controller/lib:/home/alumnos/acmp/colcon_ws/install/force_torque_sensor_broadcaster/lib:/home/alumnos/acmp/colcon_ws/install/diff_drive_controller/lib:/home/alumnos/acmp/colcon_ws/install/controller_manager/lib:/home/alumnos/acmp/colcon_ws/install/controller_interface/lib:/home/alumnos/acmp/colcon_ws/install/hardware_interface/lib:/home/alumnos/acmp/colcon_ws/install/groot/lib:/home/alumnos/acmp/colcon_ws/install/example_test/lib:/home/alumnos/acmp/colcon_ws/install/controller_manager_msgs/lib:/home/alumnos/acmp/colcon_ws/install/blackboard/lib:/home/alumnos/acmp/colcon_ws/install/blackboard_msgs/lib:/usr/lib/x86_64-linux-gnu/gazebo-11/plugins:/opt/ros/foxy/opt/yaml_cpp_vendor/lib:/opt/ros/foxy/opt/rviz_ogre_vendor/lib:/opt/ros/foxy/lib/x86_64-linux-gnu:/opt/ros/foxy/lib'), ('MOTD_SHOWN', 'pam'), ('HOME', '/home/alumnos/acmp'), ('OLDPWD', '/home/alumnos/acmp/colcon_ws/src'), ('ROS_PYTHON_VERSION', '3'), ('GOROOT', '/usr/lib/go'), ('DBUS_SESSION_BUS_ADDRESS', 'unix:abstract=/tmp/dbus-QMBlWE7a8R,guid=4dd6c786f4d4c75c16dba1ca62067858'), ('MESG', 'y'), ('COLORTERM', 'truecolor'), ('COLCON_PREFIX_PATH', '/home/alumnos/acmp/colcon_ws/install'), ('ROS_DISTRO', 'foxy'), ('LOGNAME', 'acmp'), ('_', '/usr/bin/colcon'), ('ROS_VERSION', '2'), ('XDG_SESSION_CLASS', 'user'), ('TERM', 'xterm-256color'), ('GNOME_DESKTOP_SESSION_ID', 'this-is-deprecated'), ('ROS_LOCALHOST_ONLY', '0'), ('PATH', '/opt/ros/foxy/bin:/usr/local/bin:/usr/bin:/bin:/usr/games:/usr/local/games:/usr/lib/go/bin:./'), ('SESSION_MANAGER', 'local/f-l3109-pc08:@/tmp/.ICE-unix/268111,unix/f-l3109-pc08:/tmp/.ICE-unix/268111'), ('XDG_MENU_PREFIX', 'gnome-'), ('GNOME_TERMINAL_SCREEN', '/org/gnome/Terminal/screen/20dec75d_3d77_4085_b019_fcce54e127f0'), ('XDG_RUNTIME_DIR', '/run/user/9400'), ('DISPLAY', ':1'), ('LANG', 'es_ES.UTF-8'), ('XDG_CURRENT_DESKTOP', 'GNOME'), ('XMODIFIERS', '@im=ibus'), ('GNOME_TERMINAL_SERVICE', ':1.75'), ('SSH_AUTH_SOCK', '/run/user/9400/keyring/ssh'), ('ROS_DOMAIN_ID', '39'), ('AMENT_PREFIX_PATH', '/home/alumnos/acmp/colcon_ws/install/gazebo_ros2_control_demos:/home/alumnos/acmp/colcon_ws/install/ros2_controllers:/home/alumnos/acmp/colcon_ws/install/velocity_controllers:/home/alumnos/acmp/colcon_ws/install/urdf_test:/home/alumnos/acmp/colcon_ws/install/tiago_simulation:/home/alumnos/acmp/colcon_ws/install/tiago_robot:/home/alumnos/acmp/colcon_ws/install/tiago_2dnav_gazebo:/home/alumnos/acmp/colcon_ws/install/tiago_gazebo:/home/alumnos/acmp/colcon_ws/install/tiago_bringup:/home/alumnos/acmp/colcon_ws/install/pmb2_robot:/home/alumnos/acmp/colcon_ws/install/pmb2_bringup:/home/alumnos/acmp/colcon_ws/install/twist_mux:/home/alumnos/acmp/colcon_ws/install/transmission_interface:/home/alumnos/acmp/colcon_ws/install/tiago_description:/home/alumnos/acmp/colcon_ws/install/tiago_description_calibration:/home/alumnos/acmp/colcon_ws/install/tiago_controller_configuration:/home/alumnos/acmp/colcon_ws/install/test_hfsm:/home/alumnos/acmp/colcon_ws/install/test_ci:/home/alumnos/acmp/colcon_ws/install/services_ros2:/home/alumnos/acmp/colcon_ws/install/rqt_cascade_hfsm:/home/alumnos/acmp/colcon_ws/install/actions_ros2:/home/alumnos/acmp/colcon_ws/install/ros2talk_msgs:/home/alumnos/acmp/colcon_ws/install/ros2_control:/home/alumnos/acmp/colcon_ws/install/ros2controlcli:/home/alumnos/acmp/colcon_ws/install/ros2_control_test_assets:/home/alumnos/acmp/colcon_ws/install/pal_gripper:/home/alumnos/acmp/colcon_ws/install/pal_gripper_controller_configuration:/home/alumnos/acmp/colcon_ws/install/position_controllers:/home/alumnos/acmp/colcon_ws/install/pmb2_navigation:/home/alumnos/acmp/colcon_ws/install/pmb2_2dnav:/home/alumnos/acmp/colcon_ws/install/pmb2_maps:/home/alumnos/acmp/colcon_ws/install/pmb2_description:/home/alumnos/acmp/colcon_ws/install/pmb2_controller_configuration:/home/alumnos/acmp/colcon_ws/install/parameters_ros2:/home/alumnos/acmp/colcon_ws/install/pal_gripper_description:/home/alumnos/acmp/colcon_ws/install/pal_gazebo_worlds:/home/alumnos/acmp/colcon_ws/install/lifecycle_nodes_ros2:/home/alumnos/acmp/colcon_ws/install/launchers_ros2:/home/alumnos/acmp/colcon_ws/install/launch_pal:/home/alumnos/acmp/colcon_ws/install/joint_trajectory_controller:/home/alumnos/acmp/colcon_ws/install/joint_state_controller:/home/alumnos/acmp/colcon_ws/install/joint_state_broadcaster:/home/alumnos/acmp/colcon_ws/install/intro_ros2:/home/alumnos/acmp/colcon_ws/install/intro_py_ros2:/home/alumnos/acmp/colcon_ws/install/imu_sensor_broadcaster:/home/alumnos/acmp/colcon_ws/install/hey5_description:/home/alumnos/acmp/colcon_ws/install/gripper_controllers:/home/alumnos/acmp/colcon_ws/install/gazebo_ros2_control:/home/alumnos/acmp/colcon_ws/install/effort_controllers:/home/alumnos/acmp/colcon_ws/install/forward_command_controller:/home/alumnos/acmp/colcon_ws/install/force_torque_sensor_broadcaster:/home/alumnos/acmp/colcon_ws/install/diff_drive_controller:/home/alumnos/acmp/colcon_ws/install/controller_manager:/home/alumnos/acmp/colcon_ws/install/controller_interface:/home/alumnos/acmp/colcon_ws/install/hardware_interface:/home/alumnos/acmp/colcon_ws/install/groot:/home/alumnos/acmp/colcon_ws/install/example_test:/home/alumnos/acmp/colcon_ws/install/controller_manager_msgs:/home/alumnos/acmp/colcon_ws/install/br2_tiago:/home/alumnos/acmp/colcon_ws/install/br2_navigation:/home/alumnos/acmp/colcon_ws/install/blackboard:/home/alumnos/acmp/colcon_ws/install/blackboard_msgs:/opt/ros/foxy'), ('SHELL', '/bin/bash'), ('GJS_DEBUG_OUTPUT', 'stderr'), ('QT_IM_MODULE', 'ibus'), ('PWD', '/home/alumnos/acmp/colcon_ws/src/follow-wall-roboros/build/follow-wall'), ('SSH_CONNECTION', '193.147.79.63 47640 212.128.254.48 22'), ('PYTHONPATH', '/home/alumnos/acmp/colcon_ws/install/urdf_test/lib/python3.8/site-packages:/home/alumnos/acmp/colcon_ws/install/tiago_description/lib/python3.8/site-packages:/home/alumnos/acmp/colcon_ws/install/ros2talk_msgs/lib/python3.8/site-packages:/home/alumnos/acmp/colcon_ws/build/ros2controlcli:/home/alumnos/acmp/colcon_ws/install/ros2controlcli/lib/python3.8/site-packages:/home/alumnos/acmp/colcon_ws/install/pmb2_description/lib/python3.8/site-packages:/home/alumnos/acmp/colcon_ws/build/launch_pal:/home/alumnos/acmp/colcon_ws/install/launch_pal/lib/python3.8/site-packages:/home/alumnos/acmp/colcon_ws/build/intro_py_ros2:/home/alumnos/acmp/colcon_ws/install/intro_py_ros2/lib/python3.8/site-packages:/home/alumnos/acmp/colcon_ws/install/controller_manager/lib/python3.8/site-packages:/home/alumnos/acmp/colcon_ws/install/controller_manager_msgs/lib/python3.8/site-packages:/home/alumnos/acmp/colcon_ws/install/blackboard_msgs/lib/python3.8/site-packages:/opt/ros/foxy/lib/python3.8/site-packages'), ('COLCON', '1'), ('VTE_VERSION', '6003'), ('EDITOR', '/usr/bin/vim'), ('CMAKE_PREFIX_PATH', '/home/alumnos/acmp/colcon_ws/install/gazebo_ros2_control_demos:/home/alumnos/acmp/colcon_ws/install/ros2_controllers:/home/alumnos/acmp/colcon_ws/install/velocity_controllers:/home/alumnos/acmp/colcon_ws/install/urdf_test:/home/alumnos/acmp/colcon_ws/install/tiago_simulation:/home/alumnos/acmp/colcon_ws/install/tiago_robot:/home/alumnos/acmp/colcon_ws/install/tiago_2dnav_gazebo:/home/alumnos/acmp/colcon_ws/install/tiago_gazebo:/home/alumnos/acmp/colcon_ws/install/tiago_bringup:/home/alumnos/acmp/colcon_ws/install/pmb2_robot:/home/alumnos/acmp/colcon_ws/install/pmb2_bringup:/home/alumnos/acmp/colcon_ws/install/twist_mux:/home/alumnos/acmp/colcon_ws/install/transmission_interface:/home/alumnos/acmp/colcon_ws/install/tiago_description:/home/alumnos/acmp/colcon_ws/install/tiago_description_calibration:/home/alumnos/acmp/colcon_ws/install/tiago_controller_configuration:/home/alumnos/acmp/colcon_ws/install/test_hfsm:/home/alumnos/acmp/colcon_ws/install/test_ci:/home/alumnos/acmp/colcon_ws/install/services_ros2:/home/alumnos/acmp/colcon_ws/install/rqt_cascade_hfsm:/home/alumnos/acmp/colcon_ws/install/actions_ros2:/home/alumnos/acmp/colcon_ws/install/ros2talk_msgs:/home/alumnos/acmp/colcon_ws/install/ros2_control:/home/alumnos/acmp/colcon_ws/install/ros2_control_test_assets:/home/alumnos/acmp/colcon_ws/install/pal_gripper:/home/alumnos/acmp/colcon_ws/install/pal_gripper_controller_configuration:/home/alumnos/acmp/colcon_ws/install/position_controllers:/home/alumnos/acmp/colcon_ws/install/pmb2_navigation:/home/alumnos/acmp/colcon_ws/install/pmb2_2dnav:/home/alumnos/acmp/colcon_ws/install/pmb2_maps:/home/alumnos/acmp/colcon_ws/install/pmb2_description:/home/alumnos/acmp/colcon_ws/install/pmb2_controller_configuration:/home/alumnos/acmp/colcon_ws/install/parameters_ros2:/home/alumnos/acmp/colcon_ws/install/pal_gripper_description:/home/alumnos/acmp/colcon_ws/install/pal_gazebo_worlds:/home/alumnos/acmp/colcon_ws/install/lifecycle_nodes_ros2:/home/alumnos/acmp/colcon_ws/install/launchers_ros2:/home/alumnos/acmp/colcon_ws/install/joint_trajectory_controller:/home/alumnos/acmp/colcon_ws/install/joint_state_controller:/home/alumnos/acmp/colcon_ws/install/joint_state_broadcaster:/home/alumnos/acmp/colcon_ws/install/intro_ros2:/home/alumnos/acmp/colcon_ws/install/imu_sensor_broadcaster:/home/alumnos/acmp/colcon_ws/install/hey5_description:/home/alumnos/acmp/colcon_ws/install/gripper_controllers:/home/alumnos/acmp/colcon_ws/install/gazebo_ros2_control:/home/alumnos/acmp/colcon_ws/install/effort_controllers:/home/alumnos/acmp/colcon_ws/install/forward_command_controller:/home/alumnos/acmp/colcon_ws/install/force_torque_sensor_broadcaster:/home/alumnos/acmp/colcon_ws/install/diff_drive_controller:/home/alumnos/acmp/colcon_ws/install/controller_manager:/home/alumnos/acmp/colcon_ws/install/controller_interface:/home/alumnos/acmp/colcon_ws/install/hardware_interface:/home/alumnos/acmp/colcon_ws/install/groot:/home/alumnos/acmp/colcon_ws/install/example_test:/home/alumnos/acmp/colcon_ws/install/controller_manager_msgs:/home/alumnos/acmp/colcon_ws/install/br2_tiago:/home/alumnos/acmp/colcon_ws/install/br2_navigation:/home/alumnos/acmp/colcon_ws/install/blackboard:/home/alumnos/acmp/colcon_ws/install/blackboard_msgs:/home/alumnos/acmp/colcon_ws/install/ros2controlcli:/home/alumnos/acmp/colcon_ws/install/launch_pal:/home/alumnos/acmp/colcon_ws/install/intro_py_ros2:/opt/ros/foxy')]), 'shell': False}
[0.124679] (-) TimerEvent: {}
[0.225125] (-) TimerEvent: {}
[0.325556] (-) TimerEvent: {}
[0.343152] (follow-wall) StdoutLine: {'line': b'\x1b[35m\x1b[1mScanning dependencies of target engine_node\x1b[0m\n'}
[0.375550] (follow-wall) StdoutLine: {'line': b'[ 50%] Built target calculate_direction\n'}
[0.425769] (-) TimerEvent: {}
[0.493212] (follow-wall) StdoutLine: {'line': b'[ 75%] \x1b[32mBuilding CXX object CMakeFiles/engine_node.dir/src/follow-wall/engine_node.cpp.o\x1b[0m\n'}
[0.525860] (-) TimerEvent: {}
[0.589409] (follow-wall) StderrLine: {'line': b'\x1b[01m\x1b[K/home/alumnos/acmp/colcon_ws/src/follow-wall-roboros/src/follow-wall/engine_node.cpp:97:37:\x1b[m\x1b[K \x1b[01;31m\x1b[Kerror: \x1b[m\x1b[Kstray \xe2\x80\x98\x1b[01m\x1b[K\\\x1b[m\x1b[K\xe2\x80\x99 in program\n'}
[0.589572] (follow-wall) StderrLine: {'line': b'   97 |     int iterations_per_size=areasize\x1b[01;31m\x1b[K\\\x1b[m\x1b[Krad2degr(msg.angle_increment);\n'}
[0.592204] (follow-wall) StderrLine: {'line': b'      |                                     \x1b[01;31m\x1b[K^\x1b[m\x1b[K\n'}
[0.625974] (-) TimerEvent: {}
[0.726211] (-) TimerEvent: {}
[0.826460] (-) TimerEvent: {}
[0.926704] (-) TimerEvent: {}
[1.026954] (-) TimerEvent: {}
[1.127209] (-) TimerEvent: {}
[1.227428] (-) TimerEvent: {}
[1.327665] (-) TimerEvent: {}
[1.427908] (-) TimerEvent: {}
[1.528149] (-) TimerEvent: {}
[1.584631] (follow-wall) StderrLine: {'line': b'\x1b[01m\x1b[K/home/alumnos/acmp/colcon_ws/src/follow-wall-roboros/src/follow-wall/engine_node.cpp:65:49:\x1b[m\x1b[K \x1b[01;31m\x1b[Kerror: \x1b[m\x1b[Ktemplate argument 1 is invalid\n'}
[1.584778] (follow-wall) StderrLine: {'line': b'   65 |   rclcpp::Subscription<sensor_msgs/msg/LaserScan\x1b[01;31m\x1b[K>\x1b[m\x1b[K::SharedPtr lasersub_;\n'}
[1.587406] (follow-wall) StderrLine: {'line': b'      |                                                 \x1b[01;31m\x1b[K^\x1b[m\x1b[K\n'}
[1.587470] (follow-wall) StderrLine: {'line': b'\x1b[01m\x1b[K/home/alumnos/acmp/colcon_ws/src/follow-wall-roboros/src/follow-wall/engine_node.cpp:65:49:\x1b[m\x1b[K \x1b[01;31m\x1b[Kerror: \x1b[m\x1b[Ktemplate argument 3 is invalid\n'}
[1.587526] (follow-wall) StderrLine: {'line': b'\x1b[01m\x1b[K/home/alumnos/acmp/colcon_ws/src/follow-wall-roboros/src/follow-wall/engine_node.cpp:65:52:\x1b[m\x1b[K \x1b[01;31m\x1b[Kerror: \x1b[m\x1b[Kexpected \xe2\x80\x98\x1b[01m\x1b[K;\x1b[m\x1b[K\xe2\x80\x99 at end of member declaration\n'}
[1.587580] (follow-wall) StderrLine: {'line': b'   65 |   rclcpp::Subscription<sensor_msgs/msg/LaserScan>::\x1b[01;31m\x1b[KSharedPtr\x1b[m\x1b[K lasersub_;\n'}
[1.588171] (follow-wall) StderrLine: {'line': b'      |                                                    \x1b[01;31m\x1b[K^~~~~~~~~\x1b[m\x1b[K\n'}
[1.588305] (follow-wall) StderrLine: {'line': b'      |                                                             \x1b[32m\x1b[K;\x1b[m\x1b[K\n'}
[1.588958] (follow-wall) StderrLine: {'line': b'\x1b[01m\x1b[K/home/alumnos/acmp/colcon_ws/src/follow-wall-roboros/src/follow-wall/engine_node.cpp:65:62:\x1b[m\x1b[K \x1b[01;31m\x1b[Kerror: \x1b[m\x1b[K\xe2\x80\x98\x1b[01m\x1b[Klasersub_\x1b[m\x1b[K\xe2\x80\x99 does not name a type\n'}
[1.589030] (follow-wall) StderrLine: {'line': b'   65 |   rclcpp::Subscription<sensor_msgs/msg/LaserScan>::SharedPtr \x1b[01;31m\x1b[Klasersub_\x1b[m\x1b[K;\n'}
[1.589587] (follow-wall) StderrLine: {'line': b'      |                                                              \x1b[01;31m\x1b[K^~~~~~~~~\x1b[m\x1b[K\n'}
[1.589641] (follow-wall) StderrLine: {'line': b'\x1b[01m\x1b[K/home/alumnos/acmp/colcon_ws/src/follow-wall-roboros/src/follow-wall/engine_node.cpp:66:44:\x1b[m\x1b[K \x1b[01;31m\x1b[Kerror: \x1b[m\x1b[Ktemplate argument 1 is invalid\n'}
[1.589693] (follow-wall) StderrLine: {'line': b'   66 |   rclcpp::Publisher<geometry_msgs/msg/Twist\x1b[01;31m\x1b[K>\x1b[m\x1b[K::SharedPtr pub_;\n'}
[1.589744] (follow-wall) StderrLine: {'line': b'      |                                            \x1b[01;31m\x1b[K^\x1b[m\x1b[K\n'}
[1.590321] (follow-wall) StderrLine: {'line': b'\x1b[01m\x1b[K/home/alumnos/acmp/colcon_ws/src/follow-wall-roboros/src/follow-wall/engine_node.cpp:66:47:\x1b[m\x1b[K \x1b[01;31m\x1b[Kerror: \x1b[m\x1b[Kexpected \xe2\x80\x98\x1b[01m\x1b[K;\x1b[m\x1b[K\xe2\x80\x99 at end of member declaration\n'}
[1.590372] (follow-wall) StderrLine: {'line': b'   66 |   rclcpp::Publisher<geometry_msgs/msg/Twist>::\x1b[01;31m\x1b[KSharedPtr\x1b[m\x1b[K pub_;\n'}
[1.590421] (follow-wall) StderrLine: {'line': b'      |                                               \x1b[01;31m\x1b[K^~~~~~~~~\x1b[m\x1b[K\n'}
[1.590598] (follow-wall) StderrLine: {'line': b'      |                                                        \x1b[32m\x1b[K;\x1b[m\x1b[K\n'}
[1.595405] (follow-wall) StderrLine: {'line': b'\x1b[01m\x1b[K/home/alumnos/acmp/colcon_ws/src/follow-wall-roboros/src/follow-wall/engine_node.cpp:66:47:\x1b[m\x1b[K \x1b[01;31m\x1b[Kerror: \x1b[m\x1b[Kredeclaration of \xe2\x80\x98\x1b[01m\x1b[Kint EngineNode::SharedPtr\x1b[m\x1b[K\xe2\x80\x99\n'}
[1.596023] (follow-wall) StderrLine: {'line': b'\x1b[01m\x1b[K/home/alumnos/acmp/colcon_ws/src/follow-wall-roboros/src/follow-wall/engine_node.cpp:65:52:\x1b[m\x1b[K \x1b[01;36m\x1b[Knote: \x1b[m\x1b[Kprevious declaration \xe2\x80\x98\x1b[01m\x1b[Kint EngineNode::SharedPtr\x1b[m\x1b[K\xe2\x80\x99\n'}
[1.596096] (follow-wall) StderrLine: {'line': b'   65 |   rclcpp::Subscription<sensor_msgs/msg/LaserScan>::\x1b[01;36m\x1b[KSharedPtr\x1b[m\x1b[K lasersub_;\n'}
[1.596151] (follow-wall) StderrLine: {'line': b'      |                                                    \x1b[01;36m\x1b[K^~~~~~~~~\x1b[m\x1b[K\n'}
[1.596248] (follow-wall) StderrLine: {'line': b'\x1b[01m\x1b[K/home/alumnos/acmp/colcon_ws/src/follow-wall-roboros/src/follow-wall/engine_node.cpp:66:57:\x1b[m\x1b[K \x1b[01;31m\x1b[Kerror: \x1b[m\x1b[K\xe2\x80\x98\x1b[01m\x1b[Kpub_\x1b[m\x1b[K\xe2\x80\x99 does not name a type\n'}
[1.598901] (follow-wall) StderrLine: {'line': b'   66 |   rclcpp::Publisher<geometry_msgs/msg/Twist>::SharedPtr \x1b[01;31m\x1b[Kpub_\x1b[m\x1b[K;\n'}
[1.598993] (follow-wall) StderrLine: {'line': b'      |                                                         \x1b[01;31m\x1b[K^~~~\x1b[m\x1b[K\n'}
[1.599047] (follow-wall) StderrLine: {'line': b'\x1b[01m\x1b[K/home/alumnos/acmp/colcon_ws/src/follow-wall-roboros/src/follow-wall/engine_node.cpp:\x1b[m\x1b[K In constructor \xe2\x80\x98\x1b[01m\x1b[KEngineNode::EngineNode()\x1b[m\x1b[K\xe2\x80\x99:\n'}
[1.599113] (follow-wall) StderrLine: {'line': b'\x1b[01m\x1b[K/home/alumnos/acmp/colcon_ws/src/follow-wall-roboros/src/follow-wall/engine_node.cpp:39:5:\x1b[m\x1b[K \x1b[01;31m\x1b[Kerror: \x1b[m\x1b[Kclass \xe2\x80\x98\x1b[01m\x1b[KEngineNode\x1b[m\x1b[K\xe2\x80\x99 does not have any field named \xe2\x80\x98\x1b[01m\x1b[Kcounter\x1b[m\x1b[K\xe2\x80\x99\n'}
[1.599905] (follow-wall) StderrLine: {'line': b'   39 |     \x1b[01;31m\x1b[Kcounter\x1b[m\x1b[K(0)\n'}
[1.599965] (follow-wall) StderrLine: {'line': b'      |     \x1b[01;31m\x1b[K^~~~~~~\x1b[m\x1b[K\n'}
[1.600018] (follow-wall) StderrLine: {'line': b'\x1b[01m\x1b[K/home/alumnos/acmp/colcon_ws/src/follow-wall-roboros/src/follow-wall/engine_node.cpp:42:5:\x1b[m\x1b[K \x1b[01;31m\x1b[Kerror: \x1b[m\x1b[K\xe2\x80\x98\x1b[01m\x1b[Kpub_\x1b[m\x1b[K\xe2\x80\x99 was not declared in this scope\n'}
[1.600076] (follow-wall) StderrLine: {'line': b'   42 |     \x1b[01;31m\x1b[Kpub_\x1b[m\x1b[K = create_publisher<geometry_msgs/msg/Twist>("mobile_base_controller/cmd_vel_unstamped", 10);\n'}
[1.603396] (follow-wall) StderrLine: {'line': b'      |     \x1b[01;31m\x1b[K^~~~\x1b[m\x1b[K\n'}
[1.603461] (follow-wall) StderrLine: {'line': b'\x1b[01m\x1b[K/home/alumnos/acmp/colcon_ws/src/follow-wall-roboros/src/follow-wall/engine_node.cpp:42:12:\x1b[m\x1b[K \x1b[01;31m\x1b[Kerror: \x1b[m\x1b[Kparse error in template argument list\n'}
[1.603517] (follow-wall) StderrLine: {'line': b'   42 |     pub_ = \x1b[01;31m\x1b[Kcreate_publisher<geometry_msgs/msg/Twist>\x1b[m\x1b[K("mobile_base_controller/cmd_vel_unstamped", 10);\n'}
[1.603600] (follow-wall) StderrLine: {'line': b'      |            \x1b[01;31m\x1b[K^~~~~~~~~~~~~~~~~~~~~~~~~~~~~~~~~~~~~~~~~\x1b[m\x1b[K\n'}
[1.604363] (follow-wall) StderrLine: {'line': b'\x1b[01m\x1b[K/home/alumnos/acmp/colcon_ws/src/follow-wall-roboros/src/follow-wall/engine_node.cpp:42:100:\x1b[m\x1b[K \x1b[01;31m\x1b[Kerror: \x1b[m\x1b[Kno matching function for call to \xe2\x80\x98\x1b[01m\x1b[KEngineNode::create_publisher<<expression error> >(const char [41], int)\x1b[m\x1b[K\xe2\x80\x99\n'}
[1.604431] (follow-wall) StderrLine: {'line': b'   42 |     pub_ = create_publisher<geometry_msgs/msg/Twist>("mobile_base_controller/cmd_vel_unstamped", 10\x1b[01;31m\x1b[K)\x1b[m\x1b[K;\n'}
[1.604489] (follow-wall) StderrLine: {'line': b'      |                                                                                                    \x1b[01;31m\x1b[K^\x1b[m\x1b[K\n'}
[1.604559] (follow-wall) StderrLine: {'line': b'In file included from \x1b[01m\x1b[K/opt/ros/foxy/include/rclcpp/executors/single_threaded_executor.hpp:28\x1b[m\x1b[K,\n'}
[1.608234] (follow-wall) StderrLine: {'line': b'                 from \x1b[01m\x1b[K/opt/ros/foxy/include/rclcpp/executors.hpp:22\x1b[m\x1b[K,\n'}
[1.608313] (follow-wall) StderrLine: {'line': b'                 from \x1b[01m\x1b[K/opt/ros/foxy/include/rclcpp/rclcpp.hpp:146\x1b[m\x1b[K,\n'}
[1.608370] (follow-wall) StderrLine: {'line': b'                 from \x1b[01m\x1b[K/home/alumnos/acmp/colcon_ws/src/follow-wall-roboros/src/follow-wall/engine_node.cpp:17\x1b[m\x1b[K:\n'}
[1.608422] (follow-wall) StderrLine: {'line': b'\x1b[01m\x1b[K/opt/ros/foxy/include/rclcpp/node.hpp:184:3:\x1b[m\x1b[K \x1b[01;36m\x1b[Knote: \x1b[m\x1b[Kcandidate: \xe2\x80\x98\x1b[01m\x1b[Ktemplate<class MessageT, class AllocatorT, class PublisherT> std::shared_ptr<PublisherT> rclcpp::Node::create_publisher(const string&, const rclcpp::QoS&, const rclcpp::PublisherOptionsWithAllocator<AllocatorT>&)\x1b[m\x1b[K\xe2\x80\x99\n'}
[1.608480] (follow-wall) StderrLine: {'line': b'  184 |   \x1b[01;36m\x1b[Kcreate_publisher\x1b[m\x1b[K(\n'}
[1.609301] (follow-wall) StderrLine: {'line': b'      |   \x1b[01;36m\x1b[K^~~~~~~~~~~~~~~~\x1b[m\x1b[K\n'}
[1.609359] (follow-wall) StderrLine: {'line': b'\x1b[01m\x1b[K/opt/ros/foxy/include/rclcpp/node.hpp:184:3:\x1b[m\x1b[K \x1b[01;36m\x1b[Knote: \x1b[m\x1b[K  template argument deduction/substitution failed:\n'}
[1.609473] (follow-wall) StderrLine: {'line': b'\x1b[01m\x1b[K/home/alumnos/acmp/colcon_ws/src/follow-wall-roboros/src/follow-wall/engine_node.cpp:42:100:\x1b[m\x1b[K \x1b[01;31m\x1b[Kerror: \x1b[m\x1b[Ktemplate argument 1 is invalid\n'}
[1.610033] (follow-wall) StderrLine: {'line': b'   42 |     pub_ = create_publisher<geometry_msgs/msg/Twist>("mobile_base_controller/cmd_vel_unstamped", 10\x1b[01;31m\x1b[K)\x1b[m\x1b[K;\n'}
[1.610083] (follow-wall) StderrLine: {'line': b'      |                                                                                                    \x1b[01;31m\x1b[K^\x1b[m\x1b[K\n'}
[1.610131] (follow-wall) StderrLine: {'line': b'\x1b[01m\x1b[K/home/alumnos/acmp/colcon_ws/src/follow-wall-roboros/src/follow-wall/engine_node.cpp:45:5:\x1b[m\x1b[K \x1b[01;31m\x1b[Kerror: \x1b[m\x1b[K\xe2\x80\x98\x1b[01m\x1b[Klasersub_\x1b[m\x1b[K\xe2\x80\x99 was not declared in this scope\n'}
[1.610180] (follow-wall) StderrLine: {'line': b'   45 |     \x1b[01;31m\x1b[Klasersub_\x1b[m\x1b[K = create_subscription<sensor_msgs/msg/LaserScan>(\n'}
[1.610258] (follow-wall) StderrLine: {'line': b'      |     \x1b[01;31m\x1b[K^~~~~~~~~\x1b[m\x1b[K\n'}
[1.610857] (follow-wall) StderrLine: {'line': b'\x1b[01m\x1b[K/home/alumnos/acmp/colcon_ws/src/follow-wall-roboros/src/follow-wall/engine_node.cpp:45:17:\x1b[m\x1b[K \x1b[01;31m\x1b[Kerror: \x1b[m\x1b[Kparse error in template argument list\n'}
[1.610907] (follow-wall) StderrLine: {'line': b'   45 |     lasersub_ = \x1b[01;31m\x1b[Kcreate_subscription<sensor_msgs/msg/LaserScan>\x1b[m\x1b[K(\n'}
[1.610956] (follow-wall) StderrLine: {'line': b'      |                 \x1b[01;31m\x1b[K^~~~~~~~~~~~~~~~~~~~~~~~~~~~~~~~~~~~~~~~~~~~~~\x1b[m\x1b[K\n'}
[1.611007] (follow-wall) StderrLine: {'line': b'\x1b[01m\x1b[K/home/alumnos/acmp/colcon_ws/src/follow-wall-roboros/src/follow-wall/engine_node.cpp:46:62:\x1b[m\x1b[K \x1b[01;31m\x1b[Kerror: \x1b[m\x1b[K\xe2\x80\x98\x1b[01m\x1b[K_1\x1b[m\x1b[K\xe2\x80\x99 was not declared in this scope; did you mean \xe2\x80\x98\x1b[01m\x1b[Kstd::placeholders::_1\x1b[m\x1b[K\xe2\x80\x99?\n'}
[1.611073] (follow-wall) StderrLine: {'line': b'   46 |       "scan_raw", 10, std::bind(&EngineNode::callback, this, \x1b[01;31m\x1b[K_1\x1b[m\x1b[K));\n'}
[1.619661] (follow-wall) StderrLine: {'line': b'      |                                                              \x1b[01;31m\x1b[K^~\x1b[m\x1b[K\n'}
[1.619759] (follow-wall) StderrLine: {'line': b'      |                                                              \x1b[32m\x1b[Kstd::placeholders::_1\x1b[m\x1b[K\n'}
[1.619817] (follow-wall) StderrLine: {'line': b'In file included from \x1b[01m\x1b[K/usr/include/c++/9/pstl/glue_algorithm_defs.h:13\x1b[m\x1b[K,\n'}
[1.619871] (follow-wall) StderrLine: {'line': b'                 from \x1b[01m\x1b[K/usr/include/c++/9/algorithm:71\x1b[m\x1b[K,\n'}
[1.619922] (follow-wall) StderrLine: {'line': b'                 from \x1b[01m\x1b[K/opt/ros/foxy/include/rclcpp/executor.hpp:18\x1b[m\x1b[K,\n'}
[1.619972] (follow-wall) StderrLine: {'line': b'                 from \x1b[01m\x1b[K/opt/ros/foxy/include/rclcpp/executors/multi_threaded_executor.hpp:26\x1b[m\x1b[K,\n'}
[1.624216] (follow-wall) StderrLine: {'line': b'                 from \x1b[01m\x1b[K/opt/ros/foxy/include/rclcpp/executors.hpp:21\x1b[m\x1b[K,\n'}
[1.624279] (follow-wall) StderrLine: {'line': b'                 from \x1b[01m\x1b[K/opt/ros/foxy/include/rclcpp/rclcpp.hpp:146\x1b[m\x1b[K,\n'}
[1.624338] (follow-wall) StderrLine: {'line': b'                 from \x1b[01m\x1b[K/home/alumnos/acmp/colcon_ws/src/follow-wall-roboros/src/follow-wall/engine_node.cpp:17\x1b[m\x1b[K:\n'}
[1.624396] (follow-wall) StderrLine: {'line': b'\x1b[01m\x1b[K/usr/include/c++/9/functional:211:34:\x1b[m\x1b[K \x1b[01;36m\x1b[Knote: \x1b[m\x1b[K\xe2\x80\x98\x1b[01m\x1b[Kstd::placeholders::_1\x1b[m\x1b[K\xe2\x80\x99 declared here\n'}
[1.625155] (follow-wall) StderrLine: {'line': b'  211 |     extern const _Placeholder<1> \x1b[01;36m\x1b[K_1\x1b[m\x1b[K;\n'}
[1.625223] (follow-wall) StderrLine: {'line': b'      |                                  \x1b[01;36m\x1b[K^~\x1b[m\x1b[K\n'}
[1.625279] (follow-wall) StderrLine: {'line': b'\x1b[01m\x1b[K/home/alumnos/acmp/colcon_ws/src/follow-wall-roboros/src/follow-wall/engine_node.cpp:\x1b[m\x1b[K In member function \xe2\x80\x98\x1b[01m\x1b[Kvoid EngineNode::doWork()\x1b[m\x1b[K\xe2\x80\x99:\n'}
[1.625924] (follow-wall) StderrLine: {'line': b'\x1b[01m\x1b[K/home/alumnos/acmp/colcon_ws/src/follow-wall-roboros/src/follow-wall/engine_node.cpp:54:23:\x1b[m\x1b[K \x1b[01;31m\x1b[Kerror: \x1b[m\x1b[K\xe2\x80\x98\x1b[01m\x1b[KVector3\x1b[m\x1b[K\xe2\x80\x99 was not declared in this scope; did you mean \xe2\x80\x98\x1b[01m\x1b[Kgeometry_msgs::msg::Vector3\x1b[m\x1b[K\xe2\x80\x99?\n'}
[1.625982] (follow-wall) StderrLine: {'line': b'   54 |     directions.linear=\x1b[01;31m\x1b[KVector3\x1b[m\x1b[K(1.4,3,0);\n'}
[1.626033] (follow-wall) StderrLine: {'line': b'      |                       \x1b[01;31m\x1b[K^~~~~~~\x1b[m\x1b[K\n'}
[1.626083] (follow-wall) StderrLine: {'line': b'      |                       \x1b[32m\x1b[Kgeometry_msgs::msg::Vector3\x1b[m\x1b[K\n'}
[1.626134] (follow-wall) StderrLine: {'line': b'In file included from \x1b[01m\x1b[K/opt/ros/foxy/include/geometry_msgs/msg/detail/twist__struct.hpp:20\x1b[m\x1b[K,\n'}
[1.626704] (follow-wall) StderrLine: {'line': b'                 from \x1b[01m\x1b[K/opt/ros/foxy/include/geometry_msgs/msg/twist.hpp:7\x1b[m\x1b[K,\n'}
[1.626756] (follow-wall) StderrLine: {'line': b'                 from \x1b[01m\x1b[K/home/alumnos/acmp/colcon_ws/src/follow-wall-roboros/src/follow-wall/engine_node.cpp:20\x1b[m\x1b[K:\n'}
[1.626806] (follow-wall) StderrLine: {'line': b'\x1b[01m\x1b[K/opt/ros/foxy/include/geometry_msgs/msg/detail/vector3__struct.hpp:149:7:\x1b[m\x1b[K \x1b[01;36m\x1b[Knote: \x1b[m\x1b[K\xe2\x80\x98\x1b[01m\x1b[Kgeometry_msgs::msg::Vector3\x1b[m\x1b[K\xe2\x80\x99 declared here\n'}
[1.626858] (follow-wall) StderrLine: {'line': b'  149 | using \x1b[01;36m\x1b[KVector3\x1b[m\x1b[K =\n'}
[1.626908] (follow-wall) StderrLine: {'line': b'      |       \x1b[01;36m\x1b[K^~~~~~~\x1b[m\x1b[K\n'}
[1.626957] (follow-wall) StderrLine: {'line': b'In file included from \x1b[01m\x1b[K/opt/ros/foxy/include/rclcpp/service.hpp:34\x1b[m\x1b[K,\n'}
[1.636979] (-) TimerEvent: {}
[1.637068] (follow-wall) StderrLine: {'line': b'                 from \x1b[01m\x1b[K/opt/ros/foxy/include/rclcpp/callback_group.hpp:25\x1b[m\x1b[K,\n'}
[1.637136] (follow-wall) StderrLine: {'line': b'                 from \x1b[01m\x1b[K/opt/ros/foxy/include/rclcpp/any_executable.hpp:20\x1b[m\x1b[K,\n'}
[1.637727] (follow-wall) StderrLine: {'line': b'                 from \x1b[01m\x1b[K/opt/ros/foxy/include/rclcpp/memory_strategy.hpp:24\x1b[m\x1b[K,\n'}
[1.637793] (follow-wall) StderrLine: {'line': b'                 from \x1b[01m\x1b[K/opt/ros/foxy/include/rclcpp/memory_strategies.hpp:18\x1b[m\x1b[K,\n'}
[1.637849] (follow-wall) StderrLine: {'line': b'                 from \x1b[01m\x1b[K/opt/ros/foxy/include/rclcpp/executor_options.hpp:20\x1b[m\x1b[K,\n'}
[1.637903] (follow-wall) StderrLine: {'line': b'                 from \x1b[01m\x1b[K/opt/ros/foxy/include/rclcpp/executor.hpp:33\x1b[m\x1b[K,\n'}
[1.641590] (follow-wall) StderrLine: {'line': b'                 from \x1b[01m\x1b[K/opt/ros/foxy/include/rclcpp/executors/multi_threaded_executor.hpp:26\x1b[m\x1b[K,\n'}
[1.641658] (follow-wall) StderrLine: {'line': b'                 from \x1b[01m\x1b[K/opt/ros/foxy/include/rclcpp/executors.hpp:21\x1b[m\x1b[K,\n'}
[1.641714] (follow-wall) StderrLine: {'line': b'                 from \x1b[01m\x1b[K/opt/ros/foxy/include/rclcpp/rclcpp.hpp:146\x1b[m\x1b[K,\n'}
[1.641766] (follow-wall) StderrLine: {'line': b'                 from \x1b[01m\x1b[K/home/alumnos/acmp/colcon_ws/src/follow-wall-roboros/src/follow-wall/engine_node.cpp:17\x1b[m\x1b[K:\n'}
[1.641817] (follow-wall) StderrLine: {'line': b'\x1b[01m\x1b[K/home/alumnos/acmp/colcon_ws/src/follow-wall-roboros/src/follow-wall/engine_node.cpp:57:5:\x1b[m\x1b[K \x1b[01;31m\x1b[Kerror: \x1b[m\x1b[Kstatic assertion failed: First argument to logging macros must be an rclcpp::Logger\n'}
[1.648387] (follow-wall) StderrLine: {'line': b'   57 |     \x1b[01;31m\x1b[KRCLCPP_INFO\x1b[m\x1b[K("Publishing direction V:[%f] direction W:[%f]" , directions.V,directions.W);\n'}
[1.648478] (follow-wall) StderrLine: {'line': b'      |     \x1b[01;31m\x1b[K^~~~~~~~~~~\x1b[m\x1b[K\n'}
[1.648536] (follow-wall) StderrLine: {'line': b'In file included from \x1b[01m\x1b[K/opt/ros/foxy/include/rclcpp/client.hpp:40\x1b[m\x1b[K,\n'}
[1.648589] (follow-wall) StderrLine: {'line': b'                 from \x1b[01m\x1b[K/opt/ros/foxy/include/rclcpp/callback_group.hpp:23\x1b[m\x1b[K,\n'}
[1.648640] (follow-wall) StderrLine: {'line': b'                 from \x1b[01m\x1b[K/opt/ros/foxy/include/rclcpp/any_executable.hpp:20\x1b[m\x1b[K,\n'}
[1.652430] (follow-wall) StderrLine: {'line': b'                 from \x1b[01m\x1b[K/opt/ros/foxy/include/rclcpp/memory_strategy.hpp:24\x1b[m\x1b[K,\n'}
[1.652492] (follow-wall) StderrLine: {'line': b'                 from \x1b[01m\x1b[K/opt/ros/foxy/include/rclcpp/memory_strategies.hpp:18\x1b[m\x1b[K,\n'}
[1.652546] (follow-wall) StderrLine: {'line': b'                 from \x1b[01m\x1b[K/opt/ros/foxy/include/rclcpp/executor_options.hpp:20\x1b[m\x1b[K,\n'}
[1.652599] (follow-wall) StderrLine: {'line': b'                 from \x1b[01m\x1b[K/opt/ros/foxy/include/rclcpp/executor.hpp:33\x1b[m\x1b[K,\n'}
[1.653226] (follow-wall) StderrLine: {'line': b'                 from \x1b[01m\x1b[K/opt/ros/foxy/include/rclcpp/executors/multi_threaded_executor.hpp:26\x1b[m\x1b[K,\n'}
[1.653293] (follow-wall) StderrLine: {'line': b'                 from \x1b[01m\x1b[K/opt/ros/foxy/include/rclcpp/executors.hpp:21\x1b[m\x1b[K,\n'}
[1.653349] (follow-wall) StderrLine: {'line': b'                 from \x1b[01m\x1b[K/opt/ros/foxy/include/rclcpp/rclcpp.hpp:146\x1b[m\x1b[K,\n'}
[1.653929] (follow-wall) StderrLine: {'line': b'                 from \x1b[01m\x1b[K/home/alumnos/acmp/colcon_ws/src/follow-wall-roboros/src/follow-wall/engine_node.cpp:17\x1b[m\x1b[K:\n'}
[1.653999] (follow-wall) StderrLine: {'line': b'\x1b[01m\x1b[K/home/alumnos/acmp/colcon_ws/src/follow-wall-roboros/src/follow-wall/engine_node.cpp:57:5:\x1b[m\x1b[K \x1b[01;31m\x1b[Kerror: \x1b[m\x1b[Krequest for member \xe2\x80\x98\x1b[01m\x1b[Kget_name\x1b[m\x1b[K\xe2\x80\x99 in \xe2\x80\x98\x1b[01m\x1b[K"Publishing direction V:[%f] direction W:[%f]"\x1b[m\x1b[K\xe2\x80\x99, which is of non-class type \xe2\x80\x98\x1b[01m\x1b[Kconst char [45]\x1b[m\x1b[K\xe2\x80\x99\n'}
[1.654068] (follow-wall) StderrLine: {'line': b'   57 |     \x1b[01;31m\x1b[KRCLCPP_INFO\x1b[m\x1b[K("Publishing direction V:[%f] direction W:[%f]" , directions.V,directions.W);\n'}
[1.654747] (follow-wall) StderrLine: {'line': b'      |     \x1b[01;31m\x1b[K^~~~~~~~~~~\x1b[m\x1b[K\n'}
[1.654800] (follow-wall) StderrLine: {'line': b'\x1b[01m\x1b[K/home/alumnos/acmp/colcon_ws/src/follow-wall-roboros/src/follow-wall/engine_node.cpp:57:5:\x1b[m\x1b[K \x1b[01;31m\x1b[Kerror: \x1b[m\x1b[Krequest for member \xe2\x80\x98\x1b[01m\x1b[Kget_name\x1b[m\x1b[K\xe2\x80\x99 in \xe2\x80\x98\x1b[01m\x1b[K"Publishing direction V:[%f] direction W:[%f]"\x1b[m\x1b[K\xe2\x80\x99, which is of non-class type \xe2\x80\x98\x1b[01m\x1b[Kconst char [45]\x1b[m\x1b[K\xe2\x80\x99\n'}
[1.654854] (follow-wall) StderrLine: {'line': b'   57 |     \x1b[01;31m\x1b[KRCLCPP_INFO\x1b[m\x1b[K("Publishing direction V:[%f] direction W:[%f]" , directions.V,directions.W);\n'}
[1.654904] (follow-wall) StderrLine: {'line': b'      |     \x1b[01;31m\x1b[K^~~~~~~~~~~\x1b[m\x1b[K\n'}
[1.654955] (follow-wall) StderrLine: {'line': b'\x1b[01m\x1b[K/home/alumnos/acmp/colcon_ws/src/follow-wall-roboros/src/follow-wall/engine_node.cpp:57:77:\x1b[m\x1b[K \x1b[01;31m\x1b[Kerror: \x1b[m\x1b[K\xe2\x80\x98\x1b[01m\x1b[Kusing Twist = struct geometry_msgs::msg::Twist_<std::allocator<void> >\x1b[m\x1b[K\xe2\x80\x99 {aka \xe2\x80\x98\x1b[01m\x1b[Kstruct geometry_msgs::msg::Twist_<std::allocator<void> >\x1b[m\x1b[K\xe2\x80\x99} has no member named \xe2\x80\x98\x1b[01m\x1b[KV\x1b[m\x1b[K\xe2\x80\x99\n'}
[1.660825] (follow-wall) StderrLine: {'line': b'   57 |     RCLCPP_INFO("Publishing direction V:[%f] direction W:[%f]" , directions.\x1b[01;31m\x1b[KV\x1b[m\x1b[K,directions.W);\n'}
[1.660887] (follow-wall) StderrLine: {'line': b'      |                                                                             \x1b[01;31m\x1b[K^\x1b[m\x1b[K\n'}
[1.660942] (follow-wall) StderrLine: {'line': b'\x1b[01m\x1b[K/home/alumnos/acmp/colcon_ws/src/follow-wall-roboros/src/follow-wall/engine_node.cpp:57:90:\x1b[m\x1b[K \x1b[01;31m\x1b[Kerror: \x1b[m\x1b[K\xe2\x80\x98\x1b[01m\x1b[Kusing Twist = struct geometry_msgs::msg::Twist_<std::allocator<void> >\x1b[m\x1b[K\xe2\x80\x99 {aka \xe2\x80\x98\x1b[01m\x1b[Kstruct geometry_msgs::msg::Twist_<std::allocator<void> >\x1b[m\x1b[K\xe2\x80\x99} has no member named \xe2\x80\x98\x1b[01m\x1b[KW\x1b[m\x1b[K\xe2\x80\x99\n'}
[1.661000] (follow-wall) StderrLine: {'line': b'   57 |     RCLCPP_INFO("Publishing direction V:[%f] direction W:[%f]" , directions.V,directions.\x1b[01;31m\x1b[KW\x1b[m\x1b[K);\n'}
[1.661052] (follow-wall) StderrLine: {'line': b'      |                                                                                          \x1b[01;31m\x1b[K^\x1b[m\x1b[K\n'}
[1.664567] (follow-wall) StderrLine: {'line': b'\x1b[01m\x1b[K/home/alumnos/acmp/colcon_ws/src/follow-wall-roboros/src/follow-wall/engine_node.cpp:61:5:\x1b[m\x1b[K \x1b[01;31m\x1b[Kerror: \x1b[m\x1b[K\xe2\x80\x98\x1b[01m\x1b[Kpub_\x1b[m\x1b[K\xe2\x80\x99 was not declared in this scope\n'}
[1.664646] (follow-wall) StderrLine: {'line': b'   61 |     \x1b[01;31m\x1b[Kpub_\x1b[m\x1b[K->publish(directions);\n'}
[1.664707] (follow-wall) StderrLine: {'line': b'      |     \x1b[01;31m\x1b[K^~~~\x1b[m\x1b[K\n'}
[1.664763] (follow-wall) StderrLine: {'line': b'In file included from \x1b[01m\x1b[K/opt/ros/foxy/include/rclcpp/service.hpp:34\x1b[m\x1b[K,\n'}
[1.665480] (follow-wall) StderrLine: {'line': b'                 from \x1b[01m\x1b[K/opt/ros/foxy/include/rclcpp/callback_group.hpp:25\x1b[m\x1b[K,\n'}
[1.665541] (follow-wall) StderrLine: {'line': b'                 from \x1b[01m\x1b[K/opt/ros/foxy/include/rclcpp/any_executable.hpp:20\x1b[m\x1b[K,\n'}
[1.665597] (follow-wall) StderrLine: {'line': b'                 from \x1b[01m\x1b[K/opt/ros/foxy/include/rclcpp/memory_strategy.hpp:24\x1b[m\x1b[K,\n'}
[1.674640] (follow-wall) StderrLine: {'line': b'                 from \x1b[01m\x1b[K/opt/ros/foxy/include/rclcpp/memory_strategies.hpp:18\x1b[m\x1b[K,\n'}
[1.674750] (follow-wall) StderrLine: {'line': b'                 from \x1b[01m\x1b[K/opt/ros/foxy/include/rclcpp/executor_options.hpp:20\x1b[m\x1b[K,\n'}
[1.674809] (follow-wall) StderrLine: {'line': b'                 from \x1b[01m\x1b[K/opt/ros/foxy/include/rclcpp/executor.hpp:33\x1b[m\x1b[K,\n'}
[1.674863] (follow-wall) StderrLine: {'line': b'                 from \x1b[01m\x1b[K/opt/ros/foxy/include/rclcpp/executors/multi_threaded_executor.hpp:26\x1b[m\x1b[K,\n'}
[1.674916] (follow-wall) StderrLine: {'line': b'                 from \x1b[01m\x1b[K/opt/ros/foxy/include/rclcpp/executors.hpp:21\x1b[m\x1b[K,\n'}
[1.674967] (follow-wall) StderrLine: {'line': b'                 from \x1b[01m\x1b[K/opt/ros/foxy/include/rclcpp/rclcpp.hpp:146\x1b[m\x1b[K,\n'}
[1.680322] (follow-wall) StderrLine: {'line': b'                 from \x1b[01m\x1b[K/home/alumnos/acmp/colcon_ws/src/follow-wall-roboros/src/follow-wall/engine_node.cpp:17\x1b[m\x1b[K:\n'}
[1.680385] (follow-wall) StderrLine: {'line': b'\x1b[01m\x1b[K/home/alumnos/acmp/colcon_ws/src/follow-wall-roboros/src/follow-wall/engine_node.cpp:\x1b[m\x1b[K In member function \xe2\x80\x98\x1b[01m\x1b[Kvoid EngineNode::callback(sensor_msgs::msg::LaserScan_<std::allocator<void> >::SharedPtr) const\x1b[m\x1b[K\xe2\x80\x99:\n'}
[1.680443] (follow-wall) StderrLine: {'line': b'\x1b[01m\x1b[K/home/alumnos/acmp/colcon_ws/src/follow-wall-roboros/src/follow-wall/engine_node.cpp:92:5:\x1b[m\x1b[K \x1b[01;31m\x1b[Kerror: \x1b[m\x1b[Kstatic assertion failed: First argument to logging macros must be an rclcpp::Logger\n'}
[1.680502] (follow-wall) StderrLine: {'line': b'   92 |     \x1b[01;31m\x1b[KRCLCPP_INFO\x1b[m\x1b[K("I heard: [%d]",msg);\n'}
[1.681075] (follow-wall) StderrLine: {'line': b'      |     \x1b[01;31m\x1b[K^~~~~~~~~~~\x1b[m\x1b[K\n'}
[1.681142] (follow-wall) StderrLine: {'line': b'In file included from \x1b[01m\x1b[K/opt/ros/foxy/include/rclcpp/client.hpp:40\x1b[m\x1b[K,\n'}
[1.681199] (follow-wall) StderrLine: {'line': b'                 from \x1b[01m\x1b[K/opt/ros/foxy/include/rclcpp/callback_group.hpp:23\x1b[m\x1b[K,\n'}
[1.681800] (follow-wall) StderrLine: {'line': b'                 from \x1b[01m\x1b[K/opt/ros/foxy/include/rclcpp/any_executable.hpp:20\x1b[m\x1b[K,\n'}
[1.681857] (follow-wall) StderrLine: {'line': b'                 from \x1b[01m\x1b[K/opt/ros/foxy/include/rclcpp/memory_strategy.hpp:24\x1b[m\x1b[K,\n'}
[1.681910] (follow-wall) StderrLine: {'line': b'                 from \x1b[01m\x1b[K/opt/ros/foxy/include/rclcpp/memory_strategies.hpp:18\x1b[m\x1b[K,\n'}
[1.681962] (follow-wall) StderrLine: {'line': b'                 from \x1b[01m\x1b[K/opt/ros/foxy/include/rclcpp/executor_options.hpp:20\x1b[m\x1b[K,\n'}
[1.682015] (follow-wall) StderrLine: {'line': b'                 from \x1b[01m\x1b[K/opt/ros/foxy/include/rclcpp/executor.hpp:33\x1b[m\x1b[K,\n'}
[1.682067] (follow-wall) StderrLine: {'line': b'                 from \x1b[01m\x1b[K/opt/ros/foxy/include/rclcpp/executors/multi_threaded_executor.hpp:26\x1b[m\x1b[K,\n'}
[1.682612] (follow-wall) StderrLine: {'line': b'                 from \x1b[01m\x1b[K/opt/ros/foxy/include/rclcpp/executors.hpp:21\x1b[m\x1b[K,\n'}
[1.682663] (follow-wall) StderrLine: {'line': b'                 from \x1b[01m\x1b[K/opt/ros/foxy/include/rclcpp/rclcpp.hpp:146\x1b[m\x1b[K,\n'}
[1.682712] (follow-wall) StderrLine: {'line': b'                 from \x1b[01m\x1b[K/home/alumnos/acmp/colcon_ws/src/follow-wall-roboros/src/follow-wall/engine_node.cpp:17\x1b[m\x1b[K:\n'}
[1.682763] (follow-wall) StderrLine: {'line': b'\x1b[01m\x1b[K/home/alumnos/acmp/colcon_ws/src/follow-wall-roboros/src/follow-wall/engine_node.cpp:92:5:\x1b[m\x1b[K \x1b[01;31m\x1b[Kerror: \x1b[m\x1b[Krequest for member \xe2\x80\x98\x1b[01m\x1b[Kget_name\x1b[m\x1b[K\xe2\x80\x99 in \xe2\x80\x98\x1b[01m\x1b[K"I heard: [%d]"\x1b[m\x1b[K\xe2\x80\x99, which is of non-class type \xe2\x80\x98\x1b[01m\x1b[Kconst char [14]\x1b[m\x1b[K\xe2\x80\x99\n'}
[1.682821] (follow-wall) StderrLine: {'line': b'   92 |     \x1b[01;31m\x1b[KRCLCPP_INFO\x1b[m\x1b[K("I heard: [%d]",msg);\n'}
[1.683581] (follow-wall) StderrLine: {'line': b'      |     \x1b[01;31m\x1b[K^~~~~~~~~~~\x1b[m\x1b[K\n'}
[1.683647] (follow-wall) StderrLine: {'line': b'\x1b[01m\x1b[K/home/alumnos/acmp/colcon_ws/src/follow-wall-roboros/src/follow-wall/engine_node.cpp:92:5:\x1b[m\x1b[K \x1b[01;31m\x1b[Kerror: \x1b[m\x1b[Krequest for member \xe2\x80\x98\x1b[01m\x1b[Kget_name\x1b[m\x1b[K\xe2\x80\x99 in \xe2\x80\x98\x1b[01m\x1b[K"I heard: [%d]"\x1b[m\x1b[K\xe2\x80\x99, which is of non-class type \xe2\x80\x98\x1b[01m\x1b[Kconst char [14]\x1b[m\x1b[K\xe2\x80\x99\n'}
[1.683707] (follow-wall) StderrLine: {'line': b'   92 |     \x1b[01;31m\x1b[KRCLCPP_INFO\x1b[m\x1b[K("I heard: [%d]",msg);\n'}
[1.683761] (follow-wall) StderrLine: {'line': b'      |     \x1b[01;31m\x1b[K^~~~~~~~~~~\x1b[m\x1b[K\n'}
[1.684406] (follow-wall) StderrLine: {'line': b'\x1b[01m\x1b[K/home/alumnos/acmp/colcon_ws/src/follow-wall-roboros/src/follow-wall/engine_node.cpp:92:5:\x1b[m\x1b[K \x1b[01;31m\x1b[Kerror: \x1b[m\x1b[Kno matching function for call to \xe2\x80\x98\x1b[01m\x1b[Kget_c_string(const SharedPtr&)\x1b[m\x1b[K\xe2\x80\x99\n'}
[1.684474] (follow-wall) StderrLine: {'line': b'   92 |     \x1b[01;31m\x1b[KRCLCPP_INFO\x1b[m\x1b[K("I heard: [%d]",msg);\n'}
[1.684530] (follow-wall) StderrLine: {'line': b'      |     \x1b[01;31m\x1b[K^~~~~~~~~~~\x1b[m\x1b[K\n'}
[1.687990] (follow-wall) StderrLine: {'line': b'In file included from \x1b[01m\x1b[K/opt/ros/foxy/include/rclcpp/client.hpp:36\x1b[m\x1b[K,\n'}
[1.688059] (follow-wall) StderrLine: {'line': b'                 from \x1b[01m\x1b[K/opt/ros/foxy/include/rclcpp/callback_group.hpp:23\x1b[m\x1b[K,\n'}
[1.688116] (follow-wall) StderrLine: {'line': b'                 from \x1b[01m\x1b[K/opt/ros/foxy/include/rclcpp/any_executable.hpp:20\x1b[m\x1b[K,\n'}
[1.688170] (follow-wall) StderrLine: {'line': b'                 from \x1b[01m\x1b[K/opt/ros/foxy/include/rclcpp/memory_strategy.hpp:24\x1b[m\x1b[K,\n'}
[1.688718] (follow-wall) StderrLine: {'line': b'                 from \x1b[01m\x1b[K/opt/ros/foxy/include/rclcpp/memory_strategies.hpp:18\x1b[m\x1b[K,\n'}
[1.688799] (follow-wall) StderrLine: {'line': b'                 from \x1b[01m\x1b[K/opt/ros/foxy/include/rclcpp/executor_options.hpp:20\x1b[m\x1b[K,\n'}
[1.688858] (follow-wall) StderrLine: {'line': b'                 from \x1b[01m\x1b[K/opt/ros/foxy/include/rclcpp/executor.hpp:33\x1b[m\x1b[K,\n'}
[1.688912] (follow-wall) StderrLine: {'line': b'                 from \x1b[01m\x1b[K/opt/ros/foxy/include/rclcpp/executors/multi_threaded_executor.hpp:26\x1b[m\x1b[K,\n'}
[1.692578] (follow-wall) StderrLine: {'line': b'                 from \x1b[01m\x1b[K/opt/ros/foxy/include/rclcpp/executors.hpp:21\x1b[m\x1b[K,\n'}
[1.692639] (follow-wall) StderrLine: {'line': b'                 from \x1b[01m\x1b[K/opt/ros/foxy/include/rclcpp/rclcpp.hpp:146\x1b[m\x1b[K,\n'}
[1.692698] (follow-wall) StderrLine: {'line': b'                 from \x1b[01m\x1b[K/home/alumnos/acmp/colcon_ws/src/follow-wall-roboros/src/follow-wall/engine_node.cpp:17\x1b[m\x1b[K:\n'}
[1.692752] (follow-wall) StderrLine: {'line': b'\x1b[01m\x1b[K/opt/ros/foxy/include/rclcpp/utilities.hpp:296:1:\x1b[m\x1b[K \x1b[01;36m\x1b[Knote: \x1b[m\x1b[Kcandidate: \xe2\x80\x98\x1b[01m\x1b[Kconst char* rclcpp::get_c_string(const char*)\x1b[m\x1b[K\xe2\x80\x99\n'}
[1.693387] (follow-wall) StderrLine: {'line': b'  296 | \x1b[01;36m\x1b[Kget_c_string\x1b[m\x1b[K(const char * string_in);\n'}
[1.693455] (follow-wall) StderrLine: {'line': b'      | \x1b[01;36m\x1b[K^~~~~~~~~~~~\x1b[m\x1b[K\n'}
[1.693511] (follow-wall) StderrLine: {'line': b'\x1b[01m\x1b[K/opt/ros/foxy/include/rclcpp/utilities.hpp:296:27:\x1b[m\x1b[K \x1b[01;36m\x1b[Knote: \x1b[m\x1b[K  no known conversion for argument 1 from \xe2\x80\x98\x1b[01m\x1b[Kconst SharedPtr\x1b[m\x1b[K\xe2\x80\x99 {aka \xe2\x80\x98\x1b[01m\x1b[Kconst std::shared_ptr<sensor_msgs::msg::LaserScan_<std::allocator<void> > >\x1b[m\x1b[K\xe2\x80\x99} to \xe2\x80\x98\x1b[01m\x1b[Kconst char*\x1b[m\x1b[K\xe2\x80\x99\n'}
[1.693573] (follow-wall) StderrLine: {'line': b'  296 | get_c_string(\x1b[01;36m\x1b[Kconst char * string_in\x1b[m\x1b[K);\n'}
[1.693634] (follow-wall) StderrLine: {'line': b'      |              \x1b[01;36m\x1b[K~~~~~~~~~~~~~^~~~~~~~~\x1b[m\x1b[K\n'}
[1.694285] (follow-wall) StderrLine: {'line': b'\x1b[01m\x1b[K/opt/ros/foxy/include/rclcpp/utilities.hpp:305:1:\x1b[m\x1b[K \x1b[01;36m\x1b[Knote: \x1b[m\x1b[Kcandidate: \xe2\x80\x98\x1b[01m\x1b[Kconst char* rclcpp::get_c_string(const string&)\x1b[m\x1b[K\xe2\x80\x99\n'}
[1.694338] (follow-wall) StderrLine: {'line': b'  305 | \x1b[01;36m\x1b[Kget_c_string\x1b[m\x1b[K(const std::string & string_in);\n'}
[1.694389] (follow-wall) StderrLine: {'line': b'      | \x1b[01;36m\x1b[K^~~~~~~~~~~~\x1b[m\x1b[K\n'}
[1.694439] (follow-wall) StderrLine: {'line': b'\x1b[01m\x1b[K/opt/ros/foxy/include/rclcpp/utilities.hpp:305:34:\x1b[m\x1b[K \x1b[01;36m\x1b[Knote: \x1b[m\x1b[K  no known conversion for argument 1 from \xe2\x80\x98\x1b[01m\x1b[Kconst SharedPtr\x1b[m\x1b[K\xe2\x80\x99 {aka \xe2\x80\x98\x1b[01m\x1b[Kconst std::shared_ptr<sensor_msgs::msg::LaserScan_<std::allocator<void> > >\x1b[m\x1b[K\xe2\x80\x99} to \xe2\x80\x98\x1b[01m\x1b[Kconst string&\x1b[m\x1b[K\xe2\x80\x99 {aka \xe2\x80\x98\x1b[01m\x1b[Kconst std::__cxx11::basic_string<char>&\x1b[m\x1b[K\xe2\x80\x99}\n'}
[1.694496] (follow-wall) StderrLine: {'line': b'  305 | get_c_string(\x1b[01;36m\x1b[Kconst std::string & string_in\x1b[m\x1b[K);\n'}
[1.702333] (follow-wall) StderrLine: {'line': b'      |              \x1b[01;36m\x1b[K~~~~~~~~~~~~~~~~~~~~^~~~~~~~~\x1b[m\x1b[K\n'}
[1.702424] (follow-wall) StderrLine: {'line': b'\x1b[01m\x1b[K/home/alumnos/acmp/colcon_ws/src/follow-wall-roboros/src/follow-wall/engine_node.cpp:96:32:\x1b[m\x1b[K \x1b[01;31m\x1b[Kerror: \x1b[m\x1b[K\xe2\x80\x98\x1b[01m\x1b[Kconst SharedPtr\x1b[m\x1b[K\xe2\x80\x99 {aka \xe2\x80\x98\x1b[01m\x1b[Kconst class std::shared_ptr<sensor_msgs::msg::LaserScan_<std::allocator<void> > >\x1b[m\x1b[K\xe2\x80\x99} has no member named \xe2\x80\x98\x1b[01m\x1b[Kangle_min\x1b[m\x1b[K\xe2\x80\x99\n'}
[1.702487] (follow-wall) StderrLine: {'line': b'   96 |     int areasize=(rad2degr(msg.\x1b[01;31m\x1b[Kangle_min\x1b[m\x1b[K)-rad2degr(msg.angle_max))/LASERPARTITION;\n'}
[1.702542] (follow-wall) StderrLine: {'line': b'      |                                \x1b[01;31m\x1b[K^~~~~~~~~\x1b[m\x1b[K\n'}
[1.702597] (follow-wall) StderrLine: {'line': b'\x1b[01m\x1b[K/home/alumnos/acmp/colcon_ws/src/follow-wall-roboros/src/follow-wall/engine_node.cpp:96:56:\x1b[m\x1b[K \x1b[01;31m\x1b[Kerror: \x1b[m\x1b[K\xe2\x80\x98\x1b[01m\x1b[Kconst SharedPtr\x1b[m\x1b[K\xe2\x80\x99 {aka \xe2\x80\x98\x1b[01m\x1b[Kconst class std::shared_ptr<sensor_msgs::msg::LaserScan_<std::allocator<void> > >\x1b[m\x1b[K\xe2\x80\x99} has no member named \xe2\x80\x98\x1b[01m\x1b[Kangle_max\x1b[m\x1b[K\xe2\x80\x99\n'}
[1.702652] (follow-wall) StderrLine: {'line': b'   96 |     int areasize=(rad2degr(msg.angle_min)-rad2degr(msg.\x1b[01;31m\x1b[Kangle_max\x1b[m\x1b[K))/LASERPARTITION;\n'}
[1.703534] (follow-wall) StderrLine: {'line': b'      |                                                        \x1b[01;31m\x1b[K^~~~~~~~~\x1b[m\x1b[K\n'}
[1.703595] (follow-wall) StderrLine: {'line': b'\x1b[01m\x1b[K/home/alumnos/acmp/colcon_ws/src/follow-wall-roboros/src/follow-wall/engine_node.cpp:97:38:\x1b[m\x1b[K \x1b[01;31m\x1b[Kerror: \x1b[m\x1b[Kexpected \xe2\x80\x98\x1b[01m\x1b[K,\x1b[m\x1b[K\xe2\x80\x99 or \xe2\x80\x98\x1b[01m\x1b[K;\x1b[m\x1b[K\xe2\x80\x99 before \xe2\x80\x98\x1b[01m\x1b[Krad2degr\x1b[m\x1b[K\xe2\x80\x99\n'}
[1.703655] (follow-wall) StderrLine: {'line': b'   97 |     int iterations_per_size=areasize\\\x1b[01;31m\x1b[Krad2degr\x1b[m\x1b[K(msg.angle_increment);\n'}
[1.703709] (follow-wall) StderrLine: {'line': b'      |                                      \x1b[01;31m\x1b[K^~~~~~~~\x1b[m\x1b[K\n'}
[1.703762] (follow-wall) StderrLine: {'line': b'\x1b[01m\x1b[K/home/alumnos/acmp/colcon_ws/src/follow-wall-roboros/src/follow-wall/engine_node.cpp:99:32:\x1b[m\x1b[K \x1b[01;31m\x1b[Kerror: \x1b[m\x1b[K\xe2\x80\x98\x1b[01m\x1b[Kconst SharedPtr\x1b[m\x1b[K\xe2\x80\x99 {aka \xe2\x80\x98\x1b[01m\x1b[Kconst class std::shared_ptr<sensor_msgs::msg::LaserScan_<std::allocator<void> > >\x1b[m\x1b[K\xe2\x80\x99} has no member named \xe2\x80\x98\x1b[01m\x1b[Krange_max\x1b[m\x1b[K\xe2\x80\x99\n'}
[1.713613] (follow-wall) StderrLine: {'line': b'   99 |     float semicircle_half=(msg.\x1b[01;31m\x1b[Krange_max\x1b[m\x1b[K-msg.range_min)/2;\n'}
[1.713689] (follow-wall) StderrLine: {'line': b'      |                                \x1b[01;31m\x1b[K^~~~~~~~~\x1b[m\x1b[K\n'}
[1.713746] (follow-wall) StderrLine: {'line': b'\x1b[01m\x1b[K/home/alumnos/acmp/colcon_ws/src/follow-wall-roboros/src/follow-wall/engine_node.cpp:99:46:\x1b[m\x1b[K \x1b[01;31m\x1b[Kerror: \x1b[m\x1b[K\xe2\x80\x98\x1b[01m\x1b[Kconst SharedPtr\x1b[m\x1b[K\xe2\x80\x99 {aka \xe2\x80\x98\x1b[01m\x1b[Kconst class std::shared_ptr<sensor_msgs::msg::LaserScan_<std::allocator<void> > >\x1b[m\x1b[K\xe2\x80\x99} has no member named \xe2\x80\x98\x1b[01m\x1b[Krange_min\x1b[m\x1b[K\xe2\x80\x99\n'}
[1.713812] (follow-wall) StderrLine: {'line': b'   99 |     float semicircle_half=(msg.range_max-msg.\x1b[01;31m\x1b[Krange_min\x1b[m\x1b[K)/2;\n'}
[1.714430] (follow-wall) StderrLine: {'line': b'      |                                              \x1b[01;31m\x1b[K^~~~~~~~~\x1b[m\x1b[K\n'}
[1.714483] (follow-wall) StderrLine: {'line': b'\x1b[01m\x1b[K/home/alumnos/acmp/colcon_ws/src/follow-wall-roboros/src/follow-wall/engine_node.cpp:101:18:\x1b[m\x1b[K \x1b[01;35m\x1b[Kwarning: \x1b[m\x1b[Kleft operand of comma operator has no effect [\x1b[01;35m\x1b[K-Wunused-value\x1b[m\x1b[K]\n'}
[1.714536] (follow-wall) StderrLine: {'line': b'  101 |     for(int i=0;\x1b[01;35m\x1b[Ki<LASERPARTITION\x1b[m\x1b[K,i++){\n'}
[1.714587] (follow-wall) StderrLine: {'line': b'      |                 \x1b[01;35m\x1b[K~^~~~~~~~~~~~~~~\x1b[m\x1b[K\n'}
[1.714638] (follow-wall) StderrLine: {'line': b'\x1b[01m\x1b[K/home/alumnos/acmp/colcon_ws/src/follow-wall-roboros/src/follow-wall/engine_node.cpp:101:37:\x1b[m\x1b[K \x1b[01;31m\x1b[Kerror: \x1b[m\x1b[Kexpected \xe2\x80\x98\x1b[01m\x1b[K;\x1b[m\x1b[K\xe2\x80\x99 before \xe2\x80\x98\x1b[01m\x1b[K)\x1b[m\x1b[K\xe2\x80\x99 token\n'}
[1.715191] (follow-wall) StderrLine: {'line': b'  101 |     for(int i=0;i<LASERPARTITION,i++\x1b[01;31m\x1b[K)\x1b[m\x1b[K{\n'}
[1.715251] (follow-wall) StderrLine: {'line': b'      |                                     \x1b[01;31m\x1b[K^\x1b[m\x1b[K\n'}
[1.715302] (follow-wall) StderrLine: {'line': b'      |                                     \x1b[32m\x1b[K;\x1b[m\x1b[K\n'}
[1.715352] (follow-wall) StderrLine: {'line': b'\x1b[01m\x1b[K/home/alumnos/acmp/colcon_ws/src/follow-wall-roboros/src/follow-wall/engine_node.cpp:108:12:\x1b[m\x1b[K \x1b[01;31m\x1b[Kerror: \x1b[m\x1b[K\xe2\x80\x98\x1b[01m\x1b[Krange\x1b[m\x1b[K\xe2\x80\x99 was not declared in this scope\n'}
[1.715403] (follow-wall) StderrLine: {'line': b'  108 |         if(\x1b[01;31m\x1b[Krange\x1b[m\x1b[K[first_zone_range+a]>=msg.range_min && range[first_zone_range+a]<=msg.range_max){\n'}
[1.716220] (follow-wall) StderrLine: {'line': b'      |            \x1b[01;31m\x1b[K^~~~~\x1b[m\x1b[K\n'}
[1.716283] (follow-wall) StderrLine: {'line': b'\x1b[01m\x1b[K/home/alumnos/acmp/colcon_ws/src/follow-wall-roboros/src/follow-wall/engine_node.cpp:108:43:\x1b[m\x1b[K \x1b[01;31m\x1b[Kerror: \x1b[m\x1b[K\xe2\x80\x98\x1b[01m\x1b[Kconst SharedPtr\x1b[m\x1b[K\xe2\x80\x99 {aka \xe2\x80\x98\x1b[01m\x1b[Kconst class std::shared_ptr<sensor_msgs::msg::LaserScan_<std::allocator<void> > >\x1b[m\x1b[K\xe2\x80\x99} has no member named \xe2\x80\x98\x1b[01m\x1b[Krange_min\x1b[m\x1b[K\xe2\x80\x99\n'}
[1.716343] (follow-wall) StderrLine: {'line': b'  108 |         if(range[first_zone_range+a]>=msg.\x1b[01;31m\x1b[Krange_min\x1b[m\x1b[K && range[first_zone_range+a]<=msg.range_max){\n'}
[1.716401] (follow-wall) StderrLine: {'line': b'      |                                           \x1b[01;31m\x1b[K^~~~~~~~~\x1b[m\x1b[K\n'}
[1.716934] (follow-wall) StderrLine: {'line': b'\x1b[01m\x1b[K/home/alumnos/acmp/colcon_ws/src/follow-wall-roboros/src/follow-wall/engine_node.cpp:108:87:\x1b[m\x1b[K \x1b[01;31m\x1b[Kerror: \x1b[m\x1b[K\xe2\x80\x98\x1b[01m\x1b[Kconst SharedPtr\x1b[m\x1b[K\xe2\x80\x99 {aka \xe2\x80\x98\x1b[01m\x1b[Kconst class std::shared_ptr<sensor_msgs::msg::LaserScan_<std::allocator<void> > >\x1b[m\x1b[K\xe2\x80\x99} has no member named \xe2\x80\x98\x1b[01m\x1b[Krange_max\x1b[m\x1b[K\xe2\x80\x99\n'}
[1.717009] (follow-wall) StderrLine: {'line': b'  108 |         if(range[first_zone_range+a]>=msg.range_min && range[first_zone_range+a]<=msg.\x1b[01;31m\x1b[Krange_max\x1b[m\x1b[K){\n'}
[1.717067] (follow-wall) StderrLine: {'line': b'      |                                                                                       \x1b[01;31m\x1b[K^~~~~~~~~\x1b[m\x1b[K\n'}
[1.737094] (-) TimerEvent: {}
[1.837333] (-) TimerEvent: {}
[1.895736] (follow-wall) StderrLine: {'line': b'make[2]: *** [CMakeFiles/engine_node.dir/build.make:63: CMakeFiles/engine_node.dir/src/follow-wall/engine_node.cpp.o] Error 1\n'}
[1.896015] (follow-wall) StderrLine: {'line': b'make[1]: *** [CMakeFiles/Makefile2:107: CMakeFiles/engine_node.dir/all] Error 2\n'}
[1.896550] (follow-wall) StderrLine: {'line': b'make: *** [Makefile:141: all] Error 2\n'}
[1.897688] (follow-wall) CommandEnded: {'returncode': 2}
[1.937445] (-) TimerEvent: {}
[1.991005] (follow-wall) JobEnded: {'identifier': 'follow-wall', 'rc': 2}
[2.002199] (-) EventReactorShutdown: {}
