[0.000000] (-) TimerEvent: {}
[0.000094] (follow-wall) JobQueued: {'identifier': 'follow-wall', 'dependencies': OrderedDict()}
[0.000121] (follow-wall) JobStarted: {'identifier': 'follow-wall'}
[0.067350] (follow-wall) JobProgress: {'identifier': 'follow-wall', 'progress': 'cmake'}
[0.076311] (follow-wall) JobProgress: {'identifier': 'follow-wall', 'progress': 'build'}
[0.077030] (follow-wall) Command: {'cmd': ['/usr/bin/cmake', '--build', '/home/alumnos/alejo/colcon_ws/src/follow-wall-roboros/build/follow-wall', '--', '-j6', '-l6'], 'cwd': '/home/alumnos/alejo/colcon_ws/src/follow-wall-roboros/build/follow-wall', 'env': OrderedDict([('GJS_DEBUG_TOPICS', 'JS ERROR;JS LOG'), ('USER', 'alejo'), ('SSH_AGENT_PID', '83291'), ('XDG_SESSION_TYPE', 'x11'), ('SHLVL', '1'), ('LD_LIBRARY_PATH', '/home/alumnos/alejo/colcon_ws/install/velocity_controllers/lib:/home/alumnos/alejo/colcon_ws/install/test_ci/lib:/home/alumnos/alejo/colcon_ws/install/rqt_cascade_hfsm/lib:/home/alumnos/alejo/colcon_ws/install/ros2talk_msgs/lib:/home/alumnos/alejo/colcon_ws/install/position_controllers/lib:/home/alumnos/alejo/colcon_ws/install/joint_trajectory_controller/lib:/home/alumnos/alejo/colcon_ws/install/joint_state_controller/lib:/home/alumnos/alejo/colcon_ws/install/joint_state_broadcaster/lib:/home/alumnos/alejo/colcon_ws/install/imu_sensor_broadcaster/lib:/home/alumnos/alejo/colcon_ws/install/gripper_controllers/lib:/home/alumnos/alejo/colcon_ws/install/gazebo_ros2_control/lib:/home/alumnos/alejo/colcon_ws/install/effort_controllers/lib:/home/alumnos/alejo/colcon_ws/install/forward_command_controller/lib:/home/alumnos/alejo/colcon_ws/install/force_torque_sensor_broadcaster/lib:/home/alumnos/alejo/colcon_ws/install/diff_drive_controller/lib:/home/alumnos/alejo/colcon_ws/install/controller_manager/lib:/home/alumnos/alejo/colcon_ws/install/controller_interface/lib:/home/alumnos/alejo/colcon_ws/install/hardware_interface/lib:/home/alumnos/alejo/colcon_ws/install/groot/lib:/home/alumnos/alejo/colcon_ws/install/example_test/lib:/home/alumnos/alejo/colcon_ws/install/controller_manager_msgs/lib:/home/alumnos/alejo/colcon_ws/install/blackboard/lib:/home/alumnos/alejo/colcon_ws/install/blackboard_msgs/lib:/usr/lib/x86_64-linux-gnu/gazebo-11/plugins:/opt/ros/foxy/opt/yaml_cpp_vendor/lib:/opt/ros/foxy/opt/rviz_ogre_vendor/lib:/opt/ros/foxy/lib/x86_64-linux-gnu:/opt/ros/foxy/lib'), ('HOME', '/home/alumnos/alejo'), ('OLDPWD', '/home/alumnos/alejo'), ('DESKTOP_SESSION', 'ubuntu'), ('GIO_LAUNCHED_DESKTOP_FILE', '/usr/share/applications/terminator.desktop'), ('ROS_PYTHON_VERSION', '3'), ('GNOME_SHELL_SESSION_MODE', 'ubuntu'), ('GTK_MODULES', 'gail:atk-bridge'), ('MANAGERPID', '83091'), ('LC_CTYPE', 'C.UTF-8'), ('GOROOT', '/usr/lib/go'), ('DBUS_SESSION_BUS_ADDRESS', 'unix:path=/run/user/9313/bus'), ('MESG', 'y'), ('COLORTERM', 'truecolor'), ('TERMINATOR_DBUS_NAME', 'net.tenshu.Terminator23558193cd9818af7fe4d2c2f5bd9d00f'), ('GIO_LAUNCHED_DESKTOP_FILE_PID', '94923'), ('MANDATORY_PATH', '/usr/share/gconf/ubuntu.mandatory.path'), ('IM_CONFIG_PHASE', '1'), ('COLCON_PREFIX_PATH', '/home/alumnos/alejo/colcon_ws/install'), ('ROS_DISTRO', 'foxy'), ('LOGNAME', 'alejo'), ('JOURNAL_STREAM', '9:361019'), ('_', '/usr/bin/colcon'), ('ROS_VERSION', '2'), ('XDG_SESSION_CLASS', 'user'), ('DEFAULTS_PATH', '/usr/share/gconf/ubuntu.default.path'), ('USERNAME', 'alejo'), ('TERM', 'xterm-256color'), ('GNOME_DESKTOP_SESSION_ID', 'this-is-deprecated'), ('ROS_LOCALHOST_ONLY', '0'), ('WINDOWPATH', '2'), ('PATH', '/opt/ros/foxy/bin:/usr/local/sbin:/usr/local/bin:/usr/sbin:/usr/bin:/sbin:/bin:/usr/games:/usr/local/games:/usr/lib/go/bin:/opt/puppetlabs/bin/:./'), ('SESSION_MANAGER', 'local/f-l3202-pc18:@/tmp/.ICE-unix/83349,unix/f-l3202-pc18:/tmp/.ICE-unix/83349'), ('INVOCATION_ID', 'de8a10146b5a495786368105e9fceb9d'), ('XDG_MENU_PREFIX', 'gnome-'), ('XDG_RUNTIME_DIR', '/run/user/9313'), ('DISPLAY', ':1'), ('TERMINATOR_DBUS_PATH', '/net/tenshu/Terminator2'), ('LANG', 'C'), ('XDG_CURRENT_DESKTOP', 'ubuntu:GNOME'), ('XMODIFIERS', '@im=ibus'), ('XDG_SESSION_DESKTOP', 'ubuntu'), ('XAUTHORITY', '/run/user/9313/gdm/Xauthority'), ('SSH_AUTH_SOCK', '/run/user/9313/keyring/ssh'), ('ROS_DOMAIN_ID', '200'), ('AMENT_PREFIX_PATH', '/home/alumnos/alejo/colcon_ws/install/gazebo_ros2_control_demos:/home/alumnos/alejo/colcon_ws/install/ros2_controllers:/home/alumnos/alejo/colcon_ws/install/velocity_controllers:/home/alumnos/alejo/colcon_ws/install/urdf_test:/home/alumnos/alejo/colcon_ws/install/tiago_simulation:/home/alumnos/alejo/colcon_ws/install/tiago_robot:/home/alumnos/alejo/colcon_ws/install/tiago_2dnav_gazebo:/home/alumnos/alejo/colcon_ws/install/tiago_gazebo:/home/alumnos/alejo/colcon_ws/install/tiago_bringup:/home/alumnos/alejo/colcon_ws/install/pmb2_robot:/home/alumnos/alejo/colcon_ws/install/pmb2_bringup:/home/alumnos/alejo/colcon_ws/install/twist_mux:/home/alumnos/alejo/colcon_ws/install/transmission_interface:/home/alumnos/alejo/colcon_ws/install/tiago_description:/home/alumnos/alejo/colcon_ws/install/tiago_description_calibration:/home/alumnos/alejo/colcon_ws/install/tiago_controller_configuration:/home/alumnos/alejo/colcon_ws/install/test_hfsm:/home/alumnos/alejo/colcon_ws/install/test_ci:/home/alumnos/alejo/colcon_ws/install/services_ros2:/home/alumnos/alejo/colcon_ws/install/rqt_cascade_hfsm:/home/alumnos/alejo/colcon_ws/install/actions_ros2:/home/alumnos/alejo/colcon_ws/install/ros2talk_msgs:/home/alumnos/alejo/colcon_ws/install/ros2_control:/home/alumnos/alejo/colcon_ws/install/ros2controlcli:/home/alumnos/alejo/colcon_ws/install/ros2_control_test_assets:/home/alumnos/alejo/colcon_ws/install/prueba:/home/alumnos/alejo/colcon_ws/install/pal_gripper:/home/alumnos/alejo/colcon_ws/install/pal_gripper_controller_configuration:/home/alumnos/alejo/colcon_ws/install/position_controllers:/home/alumnos/alejo/colcon_ws/install/pmb2_navigation:/home/alumnos/alejo/colcon_ws/install/pmb2_2dnav:/home/alumnos/alejo/colcon_ws/install/pmb2_maps:/home/alumnos/alejo/colcon_ws/install/pmb2_description:/home/alumnos/alejo/colcon_ws/install/pmb2_controller_configuration:/home/alumnos/alejo/colcon_ws/install/parameters_ros2:/home/alumnos/alejo/colcon_ws/install/pal_gripper_description:/home/alumnos/alejo/colcon_ws/install/pal_gazebo_worlds:/home/alumnos/alejo/colcon_ws/install/lifecycle_nodes_ros2:/home/alumnos/alejo/colcon_ws/install/launchers_ros2:/home/alumnos/alejo/colcon_ws/install/launch_pal:/home/alumnos/alejo/colcon_ws/install/joint_trajectory_controller:/home/alumnos/alejo/colcon_ws/install/joint_state_controller:/home/alumnos/alejo/colcon_ws/install/joint_state_broadcaster:/home/alumnos/alejo/colcon_ws/install/intro_ros2:/home/alumnos/alejo/colcon_ws/install/intro_py_ros2:/home/alumnos/alejo/colcon_ws/install/imu_sensor_broadcaster:/home/alumnos/alejo/colcon_ws/install/hey5_description:/home/alumnos/alejo/colcon_ws/install/gripper_controllers:/home/alumnos/alejo/colcon_ws/install/gazebo_ros2_control:/home/alumnos/alejo/colcon_ws/install/effort_controllers:/home/alumnos/alejo/colcon_ws/install/forward_command_controller:/home/alumnos/alejo/colcon_ws/install/force_torque_sensor_broadcaster:/home/alumnos/alejo/colcon_ws/install/diff_drive_controller:/home/alumnos/alejo/colcon_ws/install/controller_manager:/home/alumnos/alejo/colcon_ws/install/controller_interface:/home/alumnos/alejo/colcon_ws/install/hardware_interface:/home/alumnos/alejo/colcon_ws/install/groot:/home/alumnos/alejo/colcon_ws/install/follow_wall:/home/alumnos/alejo/colcon_ws/install/follow-wall:/home/alumnos/alejo/colcon_ws/install/example_test:/home/alumnos/alejo/colcon_ws/install/controller_manager_msgs:/home/alumnos/alejo/colcon_ws/install/br2_tiago:/home/alumnos/alejo/colcon_ws/install/br2_navigation:/home/alumnos/alejo/colcon_ws/install/blackboard:/home/alumnos/alejo/colcon_ws/install/blackboard_msgs:/opt/ros/foxy'), ('SHELL', '/bin/bash'), ('TERMINATOR_UUID', 'urn:uuid:297fe589-77d4-463a-b967-bab2d85e25a8'), ('QT_ACCESSIBILITY', '1'), ('GDMSESSION', 'ubuntu'), ('GPG_AGENT_INFO', '/run/user/9313/gnupg/S.gpg-agent:0:1'), ('GJS_DEBUG_OUTPUT', 'stderr'), ('QT_IM_MODULE', 'ibus'), ('PWD', '/home/alumnos/alejo/colcon_ws/src/follow-wall-roboros/build/follow-wall'), ('XDG_CONFIG_DIRS', '/etc/xdg/xdg-ubuntu:/etc/xdg'), ('XDG_DATA_DIRS', '/usr/share/ubuntu:/usr/local/share/:/usr/share/'), ('PYTHONPATH', '/home/alumnos/alejo/colcon_ws/install/urdf_test/lib/python3.8/site-packages:/home/alumnos/alejo/colcon_ws/install/tiago_description/lib/python3.8/site-packages:/home/alumnos/alejo/colcon_ws/install/ros2talk_msgs/lib/python3.8/site-packages:/home/alumnos/alejo/colcon_ws/install/ros2controlcli/lib/python3.8/site-packages:/home/alumnos/alejo/colcon_ws/install/pmb2_description/lib/python3.8/site-packages:/home/alumnos/alejo/colcon_ws/install/launch_pal/lib/python3.8/site-packages:/home/alumnos/alejo/colcon_ws/install/intro_py_ros2/lib/python3.8/site-packages:/home/alumnos/alejo/colcon_ws/install/controller_manager/lib/python3.8/site-packages:/home/alumnos/alejo/colcon_ws/install/controller_manager_msgs/lib/python3.8/site-packages:/home/alumnos/alejo/colcon_ws/install/blackboard_msgs/lib/python3.8/site-packages:/opt/ros/foxy/lib/python3.8/site-packages'), ('COLCON', '1'), ('MANPATH', ':/opt/puppetlabs/puppet/share/man'), ('VTE_VERSION', '6003'), ('EDITOR', '/usr/bin/vim'), ('CMAKE_PREFIX_PATH', '/home/alumnos/alejo/colcon_ws/install/gazebo_ros2_control_demos:/home/alumnos/alejo/colcon_ws/install/ros2_controllers:/home/alumnos/alejo/colcon_ws/install/velocity_controllers:/home/alumnos/alejo/colcon_ws/install/urdf_test:/home/alumnos/alejo/colcon_ws/install/tiago_simulation:/home/alumnos/alejo/colcon_ws/install/tiago_robot:/home/alumnos/alejo/colcon_ws/install/tiago_2dnav_gazebo:/home/alumnos/alejo/colcon_ws/install/tiago_gazebo:/home/alumnos/alejo/colcon_ws/install/tiago_bringup:/home/alumnos/alejo/colcon_ws/install/pmb2_robot:/home/alumnos/alejo/colcon_ws/install/pmb2_bringup:/home/alumnos/alejo/colcon_ws/install/twist_mux:/home/alumnos/alejo/colcon_ws/install/transmission_interface:/home/alumnos/alejo/colcon_ws/install/tiago_description:/home/alumnos/alejo/colcon_ws/install/tiago_description_calibration:/home/alumnos/alejo/colcon_ws/install/tiago_controller_configuration:/home/alumnos/alejo/colcon_ws/install/test_hfsm:/home/alumnos/alejo/colcon_ws/install/test_ci:/home/alumnos/alejo/colcon_ws/install/services_ros2:/home/alumnos/alejo/colcon_ws/install/rqt_cascade_hfsm:/home/alumnos/alejo/colcon_ws/install/actions_ros2:/home/alumnos/alejo/colcon_ws/install/ros2talk_msgs:/home/alumnos/alejo/colcon_ws/install/ros2_control:/home/alumnos/alejo/colcon_ws/install/ros2_control_test_assets:/home/alumnos/alejo/colcon_ws/install/prueba:/home/alumnos/alejo/colcon_ws/install/pal_gripper:/home/alumnos/alejo/colcon_ws/install/pal_gripper_controller_configuration:/home/alumnos/alejo/colcon_ws/install/position_controllers:/home/alumnos/alejo/colcon_ws/install/pmb2_navigation:/home/alumnos/alejo/colcon_ws/install/pmb2_2dnav:/home/alumnos/alejo/colcon_ws/install/pmb2_maps:/home/alumnos/alejo/colcon_ws/install/pmb2_description:/home/alumnos/alejo/colcon_ws/install/pmb2_controller_configuration:/home/alumnos/alejo/colcon_ws/install/parameters_ros2:/home/alumnos/alejo/colcon_ws/install/pal_gripper_description:/home/alumnos/alejo/colcon_ws/install/pal_gazebo_worlds:/home/alumnos/alejo/colcon_ws/install/lifecycle_nodes_ros2:/home/alumnos/alejo/colcon_ws/install/launchers_ros2:/home/alumnos/alejo/colcon_ws/install/joint_trajectory_controller:/home/alumnos/alejo/colcon_ws/install/joint_state_controller:/home/alumnos/alejo/colcon_ws/install/joint_state_broadcaster:/home/alumnos/alejo/colcon_ws/install/intro_ros2:/home/alumnos/alejo/colcon_ws/install/imu_sensor_broadcaster:/home/alumnos/alejo/colcon_ws/install/hey5_description:/home/alumnos/alejo/colcon_ws/install/gripper_controllers:/home/alumnos/alejo/colcon_ws/install/gazebo_ros2_control:/home/alumnos/alejo/colcon_ws/install/effort_controllers:/home/alumnos/alejo/colcon_ws/install/forward_command_controller:/home/alumnos/alejo/colcon_ws/install/force_torque_sensor_broadcaster:/home/alumnos/alejo/colcon_ws/install/diff_drive_controller:/home/alumnos/alejo/colcon_ws/install/controller_manager:/home/alumnos/alejo/colcon_ws/install/controller_interface:/home/alumnos/alejo/colcon_ws/install/hardware_interface:/home/alumnos/alejo/colcon_ws/install/groot:/home/alumnos/alejo/colcon_ws/install/follow_wall:/home/alumnos/alejo/colcon_ws/install/follow-wall:/home/alumnos/alejo/colcon_ws/install/example_test:/home/alumnos/alejo/colcon_ws/install/controller_manager_msgs:/home/alumnos/alejo/colcon_ws/install/br2_tiago:/home/alumnos/alejo/colcon_ws/install/br2_navigation:/home/alumnos/alejo/colcon_ws/install/blackboard:/home/alumnos/alejo/colcon_ws/install/blackboard_msgs:/home/alumnos/alejo/colcon_ws/install/ros2controlcli:/home/alumnos/alejo/colcon_ws/install/launch_pal:/home/alumnos/alejo/colcon_ws/install/intro_py_ros2:/opt/ros/foxy')]), 'shell': False}
[0.099480] (-) TimerEvent: {}
[0.144802] (follow-wall) StdoutLine: {'line': b'-- Found ament_cmake: 0.9.9 (/opt/ros/foxy/share/ament_cmake/cmake)\n'}
[0.183228] (follow-wall) StdoutLine: {'line': b'-- Using PYTHON_EXECUTABLE: /usr/bin/python3\n'}
[0.199555] (-) TimerEvent: {}
[0.299782] (-) TimerEvent: {}
[0.399977] (-) TimerEvent: {}
[0.500234] (-) TimerEvent: {}
[0.563479] (follow-wall) StdoutLine: {'line': b'-- Found rclcpp: 2.4.0 (/opt/ros/foxy/share/rclcpp/cmake)\n'}
[0.600326] (-) TimerEvent: {}
[0.688900] (follow-wall) StdoutLine: {'line': b'-- Using all available rosidl_typesupport_c: rosidl_typesupport_fastrtps_c;rosidl_typesupport_introspection_c\n'}
[0.691845] (follow-wall) StdoutLine: {'line': b'-- Found rosidl_adapter: 1.2.1 (/opt/ros/foxy/share/rosidl_adapter/cmake)\n'}
[0.700710] (-) TimerEvent: {}
[0.801692] (-) TimerEvent: {}
[0.902001] (-) TimerEvent: {}
[1.002542] (-) TimerEvent: {}
[1.103443] (-) TimerEvent: {}
[1.203957] (-) TimerEvent: {}
[1.305261] (-) TimerEvent: {}
[1.406675] (-) TimerEvent: {}
[1.507374] (-) TimerEvent: {}
[1.607762] (-) TimerEvent: {}
[1.708262] (-) TimerEvent: {}
[1.807054] (follow-wall) StdoutLine: {'line': b'-- Using all available rosidl_typesupport_cpp: rosidl_typesupport_fastrtps_cpp;rosidl_typesupport_introspection_cpp\n'}
[1.808307] (-) TimerEvent: {}
[1.857777] (follow-wall) StdoutLine: {'line': b'-- Found rmw_implementation_cmake: 1.0.3 (/opt/ros/foxy/share/rmw_implementation_cmake/cmake)\n'}
[1.861877] (follow-wall) StdoutLine: {'line': b"-- Using RMW implementation 'rmw_fastrtps_cpp' as default\n"}
[1.908611] (-) TimerEvent: {}
[2.009056] (-) TimerEvent: {}
[2.010189] (follow-wall) StdoutLine: {'line': b'-- Found sensor_msgs: 2.0.4 (/opt/ros/foxy/share/sensor_msgs/cmake)\n'}
[2.109145] (-) TimerEvent: {}
[2.135285] (follow-wall) StdoutLine: {'line': b'-- Found ament_lint_auto: 0.9.6 (/opt/ros/foxy/share/ament_lint_auto/cmake)\n'}
[2.209257] (-) TimerEvent: {}
[2.277921] (follow-wall) StdoutLine: {'line': b"-- Added test 'copyright' to check source files copyright and LICENSE\n"}
[2.309632] (-) TimerEvent: {}
[2.410812] (-) TimerEvent: {}
[2.511070] (-) TimerEvent: {}
[2.611314] (-) TimerEvent: {}
[2.616005] (follow-wall) StdoutLine: {'line': b"-- Added test 'cppcheck' to perform static code analysis on C / C++ code\n"}
[2.616248] (follow-wall) StdoutLine: {'line': b'-- Configured cppcheck include dirs: \n'}
[2.616982] (follow-wall) StdoutLine: {'line': b'-- Configured cppcheck exclude dirs and/or files: \n'}
[2.711401] (-) TimerEvent: {}
[2.812126] (-) TimerEvent: {}
[2.913672] (-) TimerEvent: {}
[2.936111] (follow-wall) StdoutLine: {'line': b"-- Added test 'cpplint' to check C / C++ code against the Google style\n"}
[2.936256] (follow-wall) StdoutLine: {'line': b'-- Configured cpplint exclude dirs and/or files: \n'}
[2.975228] (follow-wall) StdoutLine: {'line': b"-- Added test 'flake8' to check Python code syntax and style conventions\n"}
[3.013794] (-) TimerEvent: {}
[3.052563] (follow-wall) StdoutLine: {'line': b"-- Added test 'lint_cmake' to check CMake code style\n"}
[3.097477] (follow-wall) StdoutLine: {'line': b"-- Added test 'pep257' to check Python code against some of the style conventions in PEP 257\n"}
[3.113968] (-) TimerEvent: {}
[3.214200] (-) TimerEvent: {}
[3.314796] (-) TimerEvent: {}
[3.415920] (-) TimerEvent: {}
[3.516172] (-) TimerEvent: {}
[3.557583] (follow-wall) StdoutLine: {'line': b"-- Added test 'uncrustify' to check C / C++ code style\n"}
[3.557737] (follow-wall) StdoutLine: {'line': b'-- Configured uncrustify additional arguments: \n'}
[3.601469] (follow-wall) StdoutLine: {'line': b"-- Added test 'xmllint' to check XML markup files\n"}
[3.616303] (-) TimerEvent: {}
[3.629169] (follow-wall) StdoutLine: {'line': b'-- Configuring done\n'}
[3.716403] (-) TimerEvent: {}
[3.798144] (follow-wall) StdoutLine: {'line': b'-- Generating done\n'}
[3.816572] (-) TimerEvent: {}
[3.845256] (follow-wall) StdoutLine: {'line': b'-- Build files have been written to: /home/alumnos/alejo/colcon_ws/src/follow-wall-roboros/build/follow-wall\n'}
[3.910600] (follow-wall) StdoutLine: {'line': b'\x1b[35m\x1b[1mScanning dependencies of target calculate_direction\x1b[0m\n'}
[3.916641] (-) TimerEvent: {}
[3.971810] (follow-wall) StdoutLine: {'line': b'[ 50%] \x1b[32mBuilding CXX object CMakeFiles/calculate_direction.dir/src/calculate_direction.cpp.o\x1b[0m\n'}
[4.016771] (-) TimerEvent: {}
[4.082152] (follow-wall) StderrLine: {'line': b'\x1b[01m\x1b[K/home/alumnos/alejo/colcon_ws/src/follow-wall-roboros/src/calculate_direction.cpp:2:10:\x1b[m\x1b[K \x1b[01;31m\x1b[Kfatal error: \x1b[m\x1b[Ksensor_msgs/msg/laserscan.hpp: No such file or directory\n'}
[4.082344] (follow-wall) StderrLine: {'line': b'    2 | #include \x1b[01;31m\x1b[K"sensor_msgs/msg/laserscan.hpp"\x1b[m\x1b[K\n'}
[4.082902] (follow-wall) StderrLine: {'line': b'      |          \x1b[01;31m\x1b[K^~~~~~~~~~~~~~~~~~~~~~~~~~~~~~~\x1b[m\x1b[K\n'}
[4.082959] (follow-wall) StderrLine: {'line': b'compilation terminated.\n'}
[4.083305] (follow-wall) StderrLine: {'line': b'make[2]: *** [CMakeFiles/calculate_direction.dir/build.make:63: CMakeFiles/calculate_direction.dir/src/calculate_direction.cpp.o] Error 1\n'}
[4.085032] (follow-wall) StderrLine: {'line': b'make[1]: *** [CMakeFiles/Makefile2:78: CMakeFiles/calculate_direction.dir/all] Error 2\n'}
[4.086284] (follow-wall) StderrLine: {'line': b'make: *** [Makefile:141: all] Error 2\n'}
[4.088101] (follow-wall) CommandEnded: {'returncode': 2}
[4.116850] (-) TimerEvent: {}
[4.160354] (follow-wall) JobEnded: {'identifier': 'follow-wall', 'rc': 2}
[4.163805] (-) EventReactorShutdown: {}
