[0.086s] Invoking command in '/home/alumnos/alejo/colcon_ws/src/follow-wall-roboros/build/follow-wall': CMAKE_PREFIX_PATH=${CMAKE_PREFIX_PATH}:/home/alumnos/alejo/colcon_ws/install/ros2controlcli:/home/alumnos/alejo/colcon_ws/install/launch_pal:/home/alumnos/alejo/colcon_ws/install/intro_py_ros2:/opt/ros/foxy /usr/bin/cmake --build /home/alumnos/alejo/colcon_ws/src/follow-wall-roboros/build/follow-wall -- -j6 -l6
[0.189s] [35m[1mScanning dependencies of target calculate_direction[0m
[0.274s] [ 50%] [32mBuilding CXX object CMakeFiles/calculate_direction.dir/src/calculate_direction.cpp.o[0m
[1.735s] [01m[K/home/alumnos/alejo/colcon_ws/src/follow-wall-roboros/src/calculate_direction.cpp:6:21:[m[K [01;31m[Kerror: [m[K‘[01m[Ksensor_msgs[m[K’ does not name a type
[1.736s]     6 | void callback(const [01;31m[Ksensor_msgs[m[K::msg::laserscan::SharedPtr msg)
[1.736s]       |                     [01;31m[K^~~~~~~~~~~[m[K
[1.736s] [01m[K/home/alumnos/alejo/colcon_ws/src/follow-wall-roboros/src/calculate_direction.cpp:6:37:[m[K [01;31m[Kerror: [m[Kexpected unqualified-id before ‘[01m[K::[m[K’ token
[1.736s]     6 | nst sensor_msgs::msg[01;31m[K::[m[Klaserscan::SharedPtr msg)
[1.736s]       |                     [01;31m[K^~[m[K
[1.737s] 
[1.737s] [01m[K/home/alumnos/alejo/colcon_ws/src/follow-wall-roboros/src/calculate_direction.cpp:6:37:[m[K [01;31m[Kerror: [m[Kexpected ‘[01m[K)[m[K’ before ‘[01m[K::[m[K’ token
[1.737s]     6 | nst sensor_msgs::msg[01;31m[K:[m[K[32m[K:[m[Klaserscan::SharedPtr msg)
[1.737s]       |                     [01;31m[K^[m[K[32m[K~[m[K
[1.737s]       |                     [32m[K)[m[K
[1.740s] [01m[K/home/alumnos/alejo/colcon_ws/src/follow-wall-roboros/src/calculate_direction.cpp:6:37:[m[K [01;31m[Kerror: [m[Kexpected initializer before ‘[01m[K::[m[K’ token
[1.740s]     6 | nst sensor_msgs::msg[01;31m[K::[m[Klaserscan::SharedPtr msg)
[1.740s]       |                     [01;31m[K^~[m[K
[1.740s] 
[1.740s] [01m[K/home/alumnos/alejo/colcon_ws/src/follow-wall-roboros/src/calculate_direction.cpp:[m[K In function ‘[01m[Kint main(int, char**)[m[K’:
[1.742s] [01m[K/home/alumnos/alejo/colcon_ws/src/follow-wall-roboros/src/calculate_direction.cpp:16:49:[m[K [01;31m[Kerror: [m[K‘[01m[Ksensor_msgs[m[K’ was not declared in this scope
[1.742s]    16 | create_subscription<[01;31m[Ksensor_msgs[m[K::msg::laserscan>(
[1.742s]       |                     [01;31m[K^~~~~~~~~~~[m[K
[1.742s] 
[1.742s] [01m[K/home/alumnos/alejo/colcon_ws/src/follow-wall-roboros/src/calculate_direction.cpp:16:29:[m[K [01;31m[Kerror: [m[Kparse error in template argument list
[1.742s]    16 | ubscription = node->[01;31m[Kcreate_subscription<sensor_msgs::msg::laserscan>[m[K(
[1.742s]       |                     [01;31m[K^~~~~~~~~~~~~~~~~~~~~~~~~~~~~~~~~~~~~~~~~~~~~~~~[m[K
[1.742s] 
[1.742s] [01m[K/home/alumnos/alejo/colcon_ws/src/follow-wall-roboros/src/calculate_direction.cpp:17:22:[m[K [01;31m[Kerror: [m[K‘[01m[Kcallback[m[K’ was not declared in this scope; did you mean ‘[01m[Kcalloc[m[K’?
[1.742s]    17 |     "/scan_raw", 10, [01;31m[Kcallback[m[K);
[1.742s]       |                      [01;31m[K^~~~~~~~[m[K
[1.742s]       |                      [32m[Kcalloc[m[K
[2.127s] make[2]: *** [CMakeFiles/calculate_direction.dir/build.make:63: CMakeFiles/calculate_direction.dir/src/calculate_direction.cpp.o] Error 1
[2.128s] make[1]: *** [CMakeFiles/Makefile2:78: CMakeFiles/calculate_direction.dir/all] Error 2
[2.128s] make: *** [Makefile:141: all] Error 2
[2.129s] Invoked command in '/home/alumnos/alejo/colcon_ws/src/follow-wall-roboros/build/follow-wall' returned '2': CMAKE_PREFIX_PATH=${CMAKE_PREFIX_PATH}:/home/alumnos/alejo/colcon_ws/install/ros2controlcli:/home/alumnos/alejo/colcon_ws/install/launch_pal:/home/alumnos/alejo/colcon_ws/install/intro_py_ros2:/opt/ros/foxy /usr/bin/cmake --build /home/alumnos/alejo/colcon_ws/src/follow-wall-roboros/build/follow-wall -- -j6 -l6
