[0.172s] DEBUG:colcon:Command line arguments: ['/usr/bin/colcon', 'build', '--symlink-install', '--packages-select', 'follow-wallclear']
[0.172s] DEBUG:colcon:Parsed command line arguments: Namespace(allow_overriding=[], ament_cmake_args=None, base_paths=['.'], build_base='build', catkin_cmake_args=None, catkin_skip_building_tests=False, cmake_args=None, cmake_clean_cache=False, cmake_clean_first=False, cmake_force_configure=False, cmake_target=None, cmake_target_skip_unavailable=False, continue_on_error=False, event_handlers=None, executor='parallel', ignore_user_meta=False, install_base='install', log_base=None, log_level=None, main=<bound method BuildVerb.main of <colcon_core.verb.build.BuildVerb object at 0x7f1897ffb130>>, merge_install=False, metas=['./colcon.meta'], mixin=None, mixin_files=None, mixin_verb=('build',), packages_above=None, packages_above_and_dependencies=None, packages_above_depth=None, packages_end=None, packages_ignore=None, packages_ignore_regex=None, packages_select=['follow-wallclear'], packages_select_build_failed=False, packages_select_by_dep=None, packages_select_regex=None, packages_select_test_failures=False, packages_skip=None, packages_skip_build_finished=False, packages_skip_by_dep=None, packages_skip_regex=None, packages_skip_test_passed=False, packages_skip_up_to=None, packages_start=None, packages_up_to=None, packages_up_to_regex=None, parallel_workers=4, paths=None, symlink_install=True, test_result_base=None, verb_extension=<colcon_core.verb.build.BuildVerb object at 0x7f1897ffb130>, verb_name='build', verb_parser=<colcon_mixin.mixin.mixin_argument.MixinArgumentDecorator object at 0x7f1897f0f6a0>)
[0.181s] Level 1:colcon.colcon_core.package_discovery:discover_packages(colcon_meta) check parameters
[0.181s] Level 1:colcon.colcon_core.package_discovery:discover_packages(recursive) check parameters
[0.182s] Level 1:colcon.colcon_core.package_discovery:discover_packages(ignore) check parameters
[0.182s] Level 1:colcon.colcon_core.package_discovery:discover_packages(path) check parameters
[0.182s] Level 1:colcon.colcon_core.package_discovery:discover_packages(colcon_meta) discover
[0.182s] Level 1:colcon.colcon_core.package_discovery:discover_packages(recursive) discover
[0.182s] INFO:colcon.colcon_core.package_discovery:Crawling recursively for packages in '/home/alumnos/acmp/colcon_ws/src/follow-wall-roboros'
[0.183s] Level 1:colcon.colcon_core.package_identification:_identify(.) by extensions ['ignore', 'ignore_ament_install']
[0.183s] Level 1:colcon.colcon_core.package_identification:_identify(.) by extension 'ignore'
[0.183s] Level 1:colcon.colcon_core.package_identification:_identify(.) by extension 'ignore_ament_install'
[0.183s] Level 1:colcon.colcon_core.package_identification:_identify(.) by extensions ['colcon_pkg']
[0.183s] Level 1:colcon.colcon_core.package_identification:_identify(.) by extension 'colcon_pkg'
[0.183s] Level 1:colcon.colcon_core.package_identification:_identify(.) by extensions ['colcon_meta']
[0.184s] Level 1:colcon.colcon_core.package_identification:_identify(.) by extension 'colcon_meta'
[0.184s] Level 1:colcon.colcon_core.package_identification:_identify(.) by extensions ['ros']
[0.184s] Level 1:colcon.colcon_core.package_identification:_identify(.) by extension 'ros'
[0.199s] DEBUG:colcon.colcon_core.package_identification:Package '.' with type 'ros.ament_cmake' and name 'follow-wall'
[0.199s] Level 1:colcon.colcon_core.package_discovery:discover_packages(recursive) using defaults
[0.199s] Level 1:colcon.colcon_core.package_discovery:discover_packages(ignore) discover
[0.199s] Level 1:colcon.colcon_core.package_discovery:discover_packages(ignore) using defaults
[0.199s] Level 1:colcon.colcon_core.package_discovery:discover_packages(path) discover
[0.199s] Level 1:colcon.colcon_core.package_discovery:discover_packages(path) using defaults
[0.200s] WARNING:colcon.colcon_core.package_selection:ignoring unknown package 'follow-wallclear' in --packages-select
[0.228s] INFO:colcon.colcon_core.package_selection:Skipping not selected package 'follow-wall' in '.'
[0.327s] INFO:colcon.colcon_core.executor:Executing jobs using 'parallel' executor
[0.329s] DEBUG:colcon.colcon_parallel_executor.executor.parallel:run_until_complete
[0.329s] DEBUG:colcon.colcon_parallel_executor.executor.parallel:closing loop
[0.330s] DEBUG:colcon.colcon_parallel_executor.executor.parallel:loop closed
[0.330s] DEBUG:colcon.colcon_parallel_executor.executor.parallel:run_until_complete finished with '0'
[0.330s] DEBUG:colcon.colcon_core.event_reactor:joining thread
[0.336s] INFO:colcon.colcon_core.plugin_system:Skipping extension 'colcon_notification.desktop_notification.terminal_notifier': Not used on non-Darwin systems
[0.337s] INFO:colcon.colcon_core.plugin_system:Skipping extension 'colcon_notification.desktop_notification.win32': Not used on non-Windows systems
[0.337s] INFO:colcon.colcon_notification.desktop_notification:Sending desktop notification using 'notify2'
[0.352s] DEBUG:colcon.colcon_core.event_reactor:joined thread
[0.357s] INFO:colcon.colcon_core.plugin_system:Skipping extension 'colcon_core.shell.bat': Not used on non-Windows systems
[0.357s] INFO:colcon.colcon_core.shell:Creating prefix script '/home/alumnos/acmp/colcon_ws/src/follow-wall-roboros/install/local_setup.ps1'
[0.366s] INFO:colcon.colcon_core.shell:Creating prefix util module '/home/alumnos/acmp/colcon_ws/src/follow-wall-roboros/install/_local_setup_util_ps1.py'
[0.374s] INFO:colcon.colcon_core.shell:Creating prefix chain script '/home/alumnos/acmp/colcon_ws/src/follow-wall-roboros/install/setup.ps1'
[0.404s] INFO:colcon.colcon_core.shell:Creating prefix script '/home/alumnos/acmp/colcon_ws/src/follow-wall-roboros/install/local_setup.sh'
[0.413s] INFO:colcon.colcon_core.shell:Creating prefix util module '/home/alumnos/acmp/colcon_ws/src/follow-wall-roboros/install/_local_setup_util_sh.py'
[0.426s] INFO:colcon.colcon_core.shell:Creating prefix chain script '/home/alumnos/acmp/colcon_ws/src/follow-wall-roboros/install/setup.sh'
[0.477s] INFO:colcon.colcon_core.shell:Creating prefix script '/home/alumnos/acmp/colcon_ws/src/follow-wall-roboros/install/local_setup.bash'
[0.487s] INFO:colcon.colcon_core.shell:Creating prefix chain script '/home/alumnos/acmp/colcon_ws/src/follow-wall-roboros/install/setup.bash'
[0.539s] INFO:colcon.colcon_core.shell:Creating prefix script '/home/alumnos/acmp/colcon_ws/src/follow-wall-roboros/install/local_setup.zsh'
[0.548s] INFO:colcon.colcon_core.shell:Creating prefix chain script '/home/alumnos/acmp/colcon_ws/src/follow-wall-roboros/install/setup.zsh'
