[0.079s] Invoking command in '/home/alumnos/alejo/colcon_ws/src/follow-wall-roboros/build/follow-wall': CMAKE_PREFIX_PATH=${CMAKE_PREFIX_PATH}:/home/alumnos/alejo/colcon_ws/install/ros2controlcli:/home/alumnos/alejo/colcon_ws/install/launch_pal:/home/alumnos/alejo/colcon_ws/install/intro_py_ros2:/opt/ros/foxy /usr/bin/cmake --build /home/alumnos/alejo/colcon_ws/src/follow-wall-roboros/build/follow-wall -- -j6 -l6
[0.184s] [35m[1mScanning dependencies of target calculate_direction[0m
[0.262s] [ 50%] [32mBuilding CXX object CMakeFiles/calculate_direction.dir/src/calculate_direction.cpp.o[0m
[1.695s] [01m[K/home/alumnos/alejo/colcon_ws/src/follow-wall-roboros/src/calculate_direction.cpp:[m[K In function ‘[01m[Kvoid callback(sensor_msgs::msg::LaserScan_<std::allocator<void> >::SharedPtr)[m[K’:
[1.695s] [01m[K/home/alumnos/alejo/colcon_ws/src/follow-wall-roboros/src/calculate_direction.cpp:6:60:[m[K [01;35m[Kwarning: [m[Kunused parameter ‘[01m[Kmsg[m[K’ [[01;35m[K-Wunused-parameter[m[K]
[1.695s]     6 | [01;35m[KaserScan::SharedPtr msg[m[K)
[1.696s]       | [01;35m[K~~~~~~~~~~~~~~~~~~~~^~~[m[K
[1.696s] 
[5.205s] [100%] [32m[1mLinking CXX executable calculate_direction[0m
[5.581s] [100%] Built target calculate_direction
[5.599s] Invoked command in '/home/alumnos/alejo/colcon_ws/src/follow-wall-roboros/build/follow-wall' returned '0': CMAKE_PREFIX_PATH=${CMAKE_PREFIX_PATH}:/home/alumnos/alejo/colcon_ws/install/ros2controlcli:/home/alumnos/alejo/colcon_ws/install/launch_pal:/home/alumnos/alejo/colcon_ws/install/intro_py_ros2:/opt/ros/foxy /usr/bin/cmake --build /home/alumnos/alejo/colcon_ws/src/follow-wall-roboros/build/follow-wall -- -j6 -l6
[5.664s] Invoking command in '/home/alumnos/alejo/colcon_ws/src/follow-wall-roboros/build/follow-wall': CMAKE_PREFIX_PATH=${CMAKE_PREFIX_PATH}:/home/alumnos/alejo/colcon_ws/install/ros2controlcli:/home/alumnos/alejo/colcon_ws/install/launch_pal:/home/alumnos/alejo/colcon_ws/install/intro_py_ros2:/opt/ros/foxy /usr/bin/cmake --install /home/alumnos/alejo/colcon_ws/src/follow-wall-roboros/build/follow-wall
[5.682s] -- Install configuration: ""
[5.688s] -- Installing: /home/alumnos/alejo/colcon_ws/src/follow-wall-roboros/install/follow-wall/lib/follow-wall/calculate_direction
[5.717s] -- Set runtime path of "/home/alumnos/alejo/colcon_ws/src/follow-wall-roboros/install/follow-wall/lib/follow-wall/calculate_direction" to ""
[5.723s] -- Installing: /home/alumnos/alejo/colcon_ws/src/follow-wall-roboros/install/follow-wall/share/ament_index/resource_index/package_run_dependencies/follow-wall
[5.733s] -- Installing: /home/alumnos/alejo/colcon_ws/src/follow-wall-roboros/install/follow-wall/share/ament_index/resource_index/parent_prefix_path/follow-wall
[5.743s] -- Installing: /home/alumnos/alejo/colcon_ws/src/follow-wall-roboros/install/follow-wall/share/follow-wall/environment/ament_prefix_path.sh
[5.751s] -- Installing: /home/alumnos/alejo/colcon_ws/src/follow-wall-roboros/install/follow-wall/share/follow-wall/environment/ament_prefix_path.dsv
[5.787s] -- Installing: /home/alumnos/alejo/colcon_ws/src/follow-wall-roboros/install/follow-wall/share/follow-wall/environment/path.sh
[5.807s] -- Installing: /home/alumnos/alejo/colcon_ws/src/follow-wall-roboros/install/follow-wall/share/follow-wall/environment/path.dsv
[5.832s] -- Installing: /home/alumnos/alejo/colcon_ws/src/follow-wall-roboros/install/follow-wall/share/follow-wall/local_setup.bash
[5.845s] -- Installing: /home/alumnos/alejo/colcon_ws/src/follow-wall-roboros/install/follow-wall/share/follow-wall/local_setup.sh
[5.859s] -- Installing: /home/alumnos/alejo/colcon_ws/src/follow-wall-roboros/install/follow-wall/share/follow-wall/local_setup.zsh
[5.878s] -- Installing: /home/alumnos/alejo/colcon_ws/src/follow-wall-roboros/install/follow-wall/share/follow-wall/local_setup.dsv
[5.900s] -- Installing: /home/alumnos/alejo/colcon_ws/src/follow-wall-roboros/install/follow-wall/share/follow-wall/package.dsv
[5.928s] -- Installing: /home/alumnos/alejo/colcon_ws/src/follow-wall-roboros/install/follow-wall/share/ament_index/resource_index/packages/follow-wall
[5.963s] -- Installing: /home/alumnos/alejo/colcon_ws/src/follow-wall-roboros/install/follow-wall/share/follow-wall/cmake/ament_cmake_export_dependencies-extras.cmake
[5.978s] -- Installing: /home/alumnos/alejo/colcon_ws/src/follow-wall-roboros/install/follow-wall/share/follow-wall/cmake/follow-wallConfig.cmake
[5.984s] -- Installing: /home/alumnos/alejo/colcon_ws/src/follow-wall-roboros/install/follow-wall/share/follow-wall/cmake/follow-wallConfig-version.cmake
[6.004s] -- Installing: /home/alumnos/alejo/colcon_ws/src/follow-wall-roboros/install/follow-wall/share/follow-wall/package.xml
[6.049s] Invoked command in '/home/alumnos/alejo/colcon_ws/src/follow-wall-roboros/build/follow-wall' returned '0': CMAKE_PREFIX_PATH=${CMAKE_PREFIX_PATH}:/home/alumnos/alejo/colcon_ws/install/ros2controlcli:/home/alumnos/alejo/colcon_ws/install/launch_pal:/home/alumnos/alejo/colcon_ws/install/intro_py_ros2:/opt/ros/foxy /usr/bin/cmake --install /home/alumnos/alejo/colcon_ws/src/follow-wall-roboros/build/follow-wall
