[0.000000] (-) TimerEvent: {}
[0.000101] (follow-wall) JobQueued: {'identifier': 'follow-wall', 'dependencies': OrderedDict()}
[0.000129] (follow-wall) JobStarted: {'identifier': 'follow-wall'}
[0.058932] (follow-wall) JobProgress: {'identifier': 'follow-wall', 'progress': 'cmake'}
[0.064474] (follow-wall) JobProgress: {'identifier': 'follow-wall', 'progress': 'build'}
[0.065181] (follow-wall) Command: {'cmd': ['/usr/bin/cmake', '--build', '/home/alumnos/alejo/colcon_ws/src/follow-wall-roboros/build/follow-wall', '--', '-j6', '-l6'], 'cwd': '/home/alumnos/alejo/colcon_ws/src/follow-wall-roboros/build/follow-wall', 'env': OrderedDict([('GJS_DEBUG_TOPICS', 'JS ERROR;JS LOG'), ('USER', 'alejo'), ('SSH_AGENT_PID', '83291'), ('XDG_SESSION_TYPE', 'x11'), ('SHLVL', '1'), ('LD_LIBRARY_PATH', '/home/alumnos/alejo/colcon_ws/install/velocity_controllers/lib:/home/alumnos/alejo/colcon_ws/install/test_ci/lib:/home/alumnos/alejo/colcon_ws/install/rqt_cascade_hfsm/lib:/home/alumnos/alejo/colcon_ws/install/ros2talk_msgs/lib:/home/alumnos/alejo/colcon_ws/install/position_controllers/lib:/home/alumnos/alejo/colcon_ws/install/joint_trajectory_controller/lib:/home/alumnos/alejo/colcon_ws/install/joint_state_controller/lib:/home/alumnos/alejo/colcon_ws/install/joint_state_broadcaster/lib:/home/alumnos/alejo/colcon_ws/install/imu_sensor_broadcaster/lib:/home/alumnos/alejo/colcon_ws/install/gripper_controllers/lib:/home/alumnos/alejo/colcon_ws/install/gazebo_ros2_control/lib:/home/alumnos/alejo/colcon_ws/install/effort_controllers/lib:/home/alumnos/alejo/colcon_ws/install/forward_command_controller/lib:/home/alumnos/alejo/colcon_ws/install/force_torque_sensor_broadcaster/lib:/home/alumnos/alejo/colcon_ws/install/diff_drive_controller/lib:/home/alumnos/alejo/colcon_ws/install/controller_manager/lib:/home/alumnos/alejo/colcon_ws/install/controller_interface/lib:/home/alumnos/alejo/colcon_ws/install/hardware_interface/lib:/home/alumnos/alejo/colcon_ws/install/groot/lib:/home/alumnos/alejo/colcon_ws/install/example_test/lib:/home/alumnos/alejo/colcon_ws/install/controller_manager_msgs/lib:/home/alumnos/alejo/colcon_ws/install/blackboard/lib:/home/alumnos/alejo/colcon_ws/install/blackboard_msgs/lib:/usr/lib/x86_64-linux-gnu/gazebo-11/plugins:/opt/ros/foxy/opt/yaml_cpp_vendor/lib:/opt/ros/foxy/opt/rviz_ogre_vendor/lib:/opt/ros/foxy/lib/x86_64-linux-gnu:/opt/ros/foxy/lib'), ('HOME', '/home/alumnos/alejo'), ('OLDPWD', '/home/alumnos/alejo'), ('DESKTOP_SESSION', 'ubuntu'), ('GIO_LAUNCHED_DESKTOP_FILE', '/usr/share/applications/terminator.desktop'), ('ROS_PYTHON_VERSION', '3'), ('GNOME_SHELL_SESSION_MODE', 'ubuntu'), ('GTK_MODULES', 'gail:atk-bridge'), ('MANAGERPID', '83091'), ('LC_CTYPE', 'C.UTF-8'), ('GOROOT', '/usr/lib/go'), ('DBUS_SESSION_BUS_ADDRESS', 'unix:path=/run/user/9313/bus'), ('MESG', 'y'), ('COLORTERM', 'truecolor'), ('TERMINATOR_DBUS_NAME', 'net.tenshu.Terminator23558193cd9818af7fe4d2c2f5bd9d00f'), ('GIO_LAUNCHED_DESKTOP_FILE_PID', '94923'), ('MANDATORY_PATH', '/usr/share/gconf/ubuntu.mandatory.path'), ('IM_CONFIG_PHASE', '1'), ('COLCON_PREFIX_PATH', '/home/alumnos/alejo/colcon_ws/install'), ('ROS_DISTRO', 'foxy'), ('LOGNAME', 'alejo'), ('JOURNAL_STREAM', '9:361019'), ('_', '/usr/bin/colcon'), ('ROS_VERSION', '2'), ('XDG_SESSION_CLASS', 'user'), ('DEFAULTS_PATH', '/usr/share/gconf/ubuntu.default.path'), ('USERNAME', 'alejo'), ('TERM', 'xterm-256color'), ('GNOME_DESKTOP_SESSION_ID', 'this-is-deprecated'), ('ROS_LOCALHOST_ONLY', '0'), ('WINDOWPATH', '2'), ('PATH', '/opt/ros/foxy/bin:/usr/local/sbin:/usr/local/bin:/usr/sbin:/usr/bin:/sbin:/bin:/usr/games:/usr/local/games:/usr/lib/go/bin:/opt/puppetlabs/bin/:./'), ('SESSION_MANAGER', 'local/f-l3202-pc18:@/tmp/.ICE-unix/83349,unix/f-l3202-pc18:/tmp/.ICE-unix/83349'), ('INVOCATION_ID', 'de8a10146b5a495786368105e9fceb9d'), ('XDG_MENU_PREFIX', 'gnome-'), ('XDG_RUNTIME_DIR', '/run/user/9313'), ('DISPLAY', ':1'), ('TERMINATOR_DBUS_PATH', '/net/tenshu/Terminator2'), ('LANG', 'C'), ('XDG_CURRENT_DESKTOP', 'ubuntu:GNOME'), ('XMODIFIERS', '@im=ibus'), ('XDG_SESSION_DESKTOP', 'ubuntu'), ('XAUTHORITY', '/run/user/9313/gdm/Xauthority'), ('SSH_AUTH_SOCK', '/run/user/9313/keyring/ssh'), ('ROS_DOMAIN_ID', '200'), ('AMENT_PREFIX_PATH', '/home/alumnos/alejo/colcon_ws/install/gazebo_ros2_control_demos:/home/alumnos/alejo/colcon_ws/install/ros2_controllers:/home/alumnos/alejo/colcon_ws/install/velocity_controllers:/home/alumnos/alejo/colcon_ws/install/urdf_test:/home/alumnos/alejo/colcon_ws/install/tiago_simulation:/home/alumnos/alejo/colcon_ws/install/tiago_robot:/home/alumnos/alejo/colcon_ws/install/tiago_2dnav_gazebo:/home/alumnos/alejo/colcon_ws/install/tiago_gazebo:/home/alumnos/alejo/colcon_ws/install/tiago_bringup:/home/alumnos/alejo/colcon_ws/install/pmb2_robot:/home/alumnos/alejo/colcon_ws/install/pmb2_bringup:/home/alumnos/alejo/colcon_ws/install/twist_mux:/home/alumnos/alejo/colcon_ws/install/transmission_interface:/home/alumnos/alejo/colcon_ws/install/tiago_description:/home/alumnos/alejo/colcon_ws/install/tiago_description_calibration:/home/alumnos/alejo/colcon_ws/install/tiago_controller_configuration:/home/alumnos/alejo/colcon_ws/install/test_hfsm:/home/alumnos/alejo/colcon_ws/install/test_ci:/home/alumnos/alejo/colcon_ws/install/services_ros2:/home/alumnos/alejo/colcon_ws/install/rqt_cascade_hfsm:/home/alumnos/alejo/colcon_ws/install/actions_ros2:/home/alumnos/alejo/colcon_ws/install/ros2talk_msgs:/home/alumnos/alejo/colcon_ws/install/ros2_control:/home/alumnos/alejo/colcon_ws/install/ros2controlcli:/home/alumnos/alejo/colcon_ws/install/ros2_control_test_assets:/home/alumnos/alejo/colcon_ws/install/prueba:/home/alumnos/alejo/colcon_ws/install/pal_gripper:/home/alumnos/alejo/colcon_ws/install/pal_gripper_controller_configuration:/home/alumnos/alejo/colcon_ws/install/position_controllers:/home/alumnos/alejo/colcon_ws/install/pmb2_navigation:/home/alumnos/alejo/colcon_ws/install/pmb2_2dnav:/home/alumnos/alejo/colcon_ws/install/pmb2_maps:/home/alumnos/alejo/colcon_ws/install/pmb2_description:/home/alumnos/alejo/colcon_ws/install/pmb2_controller_configuration:/home/alumnos/alejo/colcon_ws/install/parameters_ros2:/home/alumnos/alejo/colcon_ws/install/pal_gripper_description:/home/alumnos/alejo/colcon_ws/install/pal_gazebo_worlds:/home/alumnos/alejo/colcon_ws/install/lifecycle_nodes_ros2:/home/alumnos/alejo/colcon_ws/install/launchers_ros2:/home/alumnos/alejo/colcon_ws/install/launch_pal:/home/alumnos/alejo/colcon_ws/install/joint_trajectory_controller:/home/alumnos/alejo/colcon_ws/install/joint_state_controller:/home/alumnos/alejo/colcon_ws/install/joint_state_broadcaster:/home/alumnos/alejo/colcon_ws/install/intro_ros2:/home/alumnos/alejo/colcon_ws/install/intro_py_ros2:/home/alumnos/alejo/colcon_ws/install/imu_sensor_broadcaster:/home/alumnos/alejo/colcon_ws/install/hey5_description:/home/alumnos/alejo/colcon_ws/install/gripper_controllers:/home/alumnos/alejo/colcon_ws/install/gazebo_ros2_control:/home/alumnos/alejo/colcon_ws/install/effort_controllers:/home/alumnos/alejo/colcon_ws/install/forward_command_controller:/home/alumnos/alejo/colcon_ws/install/force_torque_sensor_broadcaster:/home/alumnos/alejo/colcon_ws/install/diff_drive_controller:/home/alumnos/alejo/colcon_ws/install/controller_manager:/home/alumnos/alejo/colcon_ws/install/controller_interface:/home/alumnos/alejo/colcon_ws/install/hardware_interface:/home/alumnos/alejo/colcon_ws/install/groot:/home/alumnos/alejo/colcon_ws/install/follow_wall:/home/alumnos/alejo/colcon_ws/install/follow-wall:/home/alumnos/alejo/colcon_ws/install/example_test:/home/alumnos/alejo/colcon_ws/install/controller_manager_msgs:/home/alumnos/alejo/colcon_ws/install/br2_tiago:/home/alumnos/alejo/colcon_ws/install/br2_navigation:/home/alumnos/alejo/colcon_ws/install/blackboard:/home/alumnos/alejo/colcon_ws/install/blackboard_msgs:/opt/ros/foxy'), ('SHELL', '/bin/bash'), ('TERMINATOR_UUID', 'urn:uuid:297fe589-77d4-463a-b967-bab2d85e25a8'), ('QT_ACCESSIBILITY', '1'), ('GDMSESSION', 'ubuntu'), ('GPG_AGENT_INFO', '/run/user/9313/gnupg/S.gpg-agent:0:1'), ('GJS_DEBUG_OUTPUT', 'stderr'), ('QT_IM_MODULE', 'ibus'), ('PWD', '/home/alumnos/alejo/colcon_ws/src/follow-wall-roboros/build/follow-wall'), ('XDG_CONFIG_DIRS', '/etc/xdg/xdg-ubuntu:/etc/xdg'), ('XDG_DATA_DIRS', '/usr/share/ubuntu:/usr/local/share/:/usr/share/'), ('PYTHONPATH', '/home/alumnos/alejo/colcon_ws/install/urdf_test/lib/python3.8/site-packages:/home/alumnos/alejo/colcon_ws/install/tiago_description/lib/python3.8/site-packages:/home/alumnos/alejo/colcon_ws/install/ros2talk_msgs/lib/python3.8/site-packages:/home/alumnos/alejo/colcon_ws/install/ros2controlcli/lib/python3.8/site-packages:/home/alumnos/alejo/colcon_ws/install/pmb2_description/lib/python3.8/site-packages:/home/alumnos/alejo/colcon_ws/install/launch_pal/lib/python3.8/site-packages:/home/alumnos/alejo/colcon_ws/install/intro_py_ros2/lib/python3.8/site-packages:/home/alumnos/alejo/colcon_ws/install/controller_manager/lib/python3.8/site-packages:/home/alumnos/alejo/colcon_ws/install/controller_manager_msgs/lib/python3.8/site-packages:/home/alumnos/alejo/colcon_ws/install/blackboard_msgs/lib/python3.8/site-packages:/opt/ros/foxy/lib/python3.8/site-packages'), ('COLCON', '1'), ('MANPATH', ':/opt/puppetlabs/puppet/share/man'), ('VTE_VERSION', '6003'), ('EDITOR', '/usr/bin/vim'), ('CMAKE_PREFIX_PATH', '/home/alumnos/alejo/colcon_ws/install/gazebo_ros2_control_demos:/home/alumnos/alejo/colcon_ws/install/ros2_controllers:/home/alumnos/alejo/colcon_ws/install/velocity_controllers:/home/alumnos/alejo/colcon_ws/install/urdf_test:/home/alumnos/alejo/colcon_ws/install/tiago_simulation:/home/alumnos/alejo/colcon_ws/install/tiago_robot:/home/alumnos/alejo/colcon_ws/install/tiago_2dnav_gazebo:/home/alumnos/alejo/colcon_ws/install/tiago_gazebo:/home/alumnos/alejo/colcon_ws/install/tiago_bringup:/home/alumnos/alejo/colcon_ws/install/pmb2_robot:/home/alumnos/alejo/colcon_ws/install/pmb2_bringup:/home/alumnos/alejo/colcon_ws/install/twist_mux:/home/alumnos/alejo/colcon_ws/install/transmission_interface:/home/alumnos/alejo/colcon_ws/install/tiago_description:/home/alumnos/alejo/colcon_ws/install/tiago_description_calibration:/home/alumnos/alejo/colcon_ws/install/tiago_controller_configuration:/home/alumnos/alejo/colcon_ws/install/test_hfsm:/home/alumnos/alejo/colcon_ws/install/test_ci:/home/alumnos/alejo/colcon_ws/install/services_ros2:/home/alumnos/alejo/colcon_ws/install/rqt_cascade_hfsm:/home/alumnos/alejo/colcon_ws/install/actions_ros2:/home/alumnos/alejo/colcon_ws/install/ros2talk_msgs:/home/alumnos/alejo/colcon_ws/install/ros2_control:/home/alumnos/alejo/colcon_ws/install/ros2_control_test_assets:/home/alumnos/alejo/colcon_ws/install/prueba:/home/alumnos/alejo/colcon_ws/install/pal_gripper:/home/alumnos/alejo/colcon_ws/install/pal_gripper_controller_configuration:/home/alumnos/alejo/colcon_ws/install/position_controllers:/home/alumnos/alejo/colcon_ws/install/pmb2_navigation:/home/alumnos/alejo/colcon_ws/install/pmb2_2dnav:/home/alumnos/alejo/colcon_ws/install/pmb2_maps:/home/alumnos/alejo/colcon_ws/install/pmb2_description:/home/alumnos/alejo/colcon_ws/install/pmb2_controller_configuration:/home/alumnos/alejo/colcon_ws/install/parameters_ros2:/home/alumnos/alejo/colcon_ws/install/pal_gripper_description:/home/alumnos/alejo/colcon_ws/install/pal_gazebo_worlds:/home/alumnos/alejo/colcon_ws/install/lifecycle_nodes_ros2:/home/alumnos/alejo/colcon_ws/install/launchers_ros2:/home/alumnos/alejo/colcon_ws/install/joint_trajectory_controller:/home/alumnos/alejo/colcon_ws/install/joint_state_controller:/home/alumnos/alejo/colcon_ws/install/joint_state_broadcaster:/home/alumnos/alejo/colcon_ws/install/intro_ros2:/home/alumnos/alejo/colcon_ws/install/imu_sensor_broadcaster:/home/alumnos/alejo/colcon_ws/install/hey5_description:/home/alumnos/alejo/colcon_ws/install/gripper_controllers:/home/alumnos/alejo/colcon_ws/install/gazebo_ros2_control:/home/alumnos/alejo/colcon_ws/install/effort_controllers:/home/alumnos/alejo/colcon_ws/install/forward_command_controller:/home/alumnos/alejo/colcon_ws/install/force_torque_sensor_broadcaster:/home/alumnos/alejo/colcon_ws/install/diff_drive_controller:/home/alumnos/alejo/colcon_ws/install/controller_manager:/home/alumnos/alejo/colcon_ws/install/controller_interface:/home/alumnos/alejo/colcon_ws/install/hardware_interface:/home/alumnos/alejo/colcon_ws/install/groot:/home/alumnos/alejo/colcon_ws/install/follow_wall:/home/alumnos/alejo/colcon_ws/install/follow-wall:/home/alumnos/alejo/colcon_ws/install/example_test:/home/alumnos/alejo/colcon_ws/install/controller_manager_msgs:/home/alumnos/alejo/colcon_ws/install/br2_tiago:/home/alumnos/alejo/colcon_ws/install/br2_navigation:/home/alumnos/alejo/colcon_ws/install/blackboard:/home/alumnos/alejo/colcon_ws/install/blackboard_msgs:/home/alumnos/alejo/colcon_ws/install/ros2controlcli:/home/alumnos/alejo/colcon_ws/install/launch_pal:/home/alumnos/alejo/colcon_ws/install/intro_py_ros2:/opt/ros/foxy')]), 'shell': False}
[0.099385] (-) TimerEvent: {}
[0.117010] (follow-wall) StdoutLine: {'line': b'-- Found ament_cmake: 0.9.9 (/opt/ros/foxy/share/ament_cmake/cmake)\n'}
[0.152236] (follow-wall) StdoutLine: {'line': b'-- Using PYTHON_EXECUTABLE: /usr/bin/python3\n'}
[0.199498] (-) TimerEvent: {}
[0.299751] (-) TimerEvent: {}
[0.400014] (-) TimerEvent: {}
[0.500448] (-) TimerEvent: {}
[0.516081] (follow-wall) StdoutLine: {'line': b'-- Found rclcpp: 2.4.0 (/opt/ros/foxy/share/rclcpp/cmake)\n'}
[0.600555] (-) TimerEvent: {}
[0.680086] (follow-wall) StdoutLine: {'line': b'-- Using all available rosidl_typesupport_c: rosidl_typesupport_fastrtps_c;rosidl_typesupport_introspection_c\n'}
[0.682985] (follow-wall) StdoutLine: {'line': b'-- Found rosidl_adapter: 1.2.1 (/opt/ros/foxy/share/rosidl_adapter/cmake)\n'}
[0.700629] (-) TimerEvent: {}
[0.800941] (-) TimerEvent: {}
[0.901201] (-) TimerEvent: {}
[1.001463] (-) TimerEvent: {}
[1.102032] (-) TimerEvent: {}
[1.203067] (-) TimerEvent: {}
[1.303323] (-) TimerEvent: {}
[1.403594] (-) TimerEvent: {}
[1.504204] (-) TimerEvent: {}
[1.587554] (follow-wall) StdoutLine: {'line': b'-- Using all available rosidl_typesupport_cpp: rosidl_typesupport_fastrtps_cpp;rosidl_typesupport_introspection_cpp\n'}
[1.604232] (-) TimerEvent: {}
[1.637359] (follow-wall) StdoutLine: {'line': b'-- Found rmw_implementation_cmake: 1.0.3 (/opt/ros/foxy/share/rmw_implementation_cmake/cmake)\n'}
[1.661228] (follow-wall) StdoutLine: {'line': b"-- Using RMW implementation 'rmw_fastrtps_cpp' as default\n"}
[1.704345] (-) TimerEvent: {}
[1.804873] (-) TimerEvent: {}
[1.812256] (follow-wall) StdoutLine: {'line': b'-- Found sensor_msgs: 2.0.4 (/opt/ros/foxy/share/sensor_msgs/cmake)\n'}
[1.904970] (-) TimerEvent: {}
[1.934016] (follow-wall) StdoutLine: {'line': b'-- Found ament_lint_auto: 0.9.6 (/opt/ros/foxy/share/ament_lint_auto/cmake)\n'}
[2.005085] (-) TimerEvent: {}
[2.070169] (follow-wall) StdoutLine: {'line': b"-- Added test 'copyright' to check source files copyright and LICENSE\n"}
[2.105190] (-) TimerEvent: {}
[2.206183] (-) TimerEvent: {}
[2.308239] (-) TimerEvent: {}
[2.391980] (follow-wall) StdoutLine: {'line': b"-- Added test 'cppcheck' to perform static code analysis on C / C++ code\n"}
[2.392228] (follow-wall) StdoutLine: {'line': b'-- Configured cppcheck include dirs: \n'}
[2.392906] (follow-wall) StdoutLine: {'line': b'-- Configured cppcheck exclude dirs and/or files: \n'}
[2.408348] (-) TimerEvent: {}
[2.508601] (-) TimerEvent: {}
[2.609146] (-) TimerEvent: {}
[2.652330] (follow-wall) StdoutLine: {'line': b"-- Added test 'cpplint' to check C / C++ code against the Google style\n"}
[2.652490] (follow-wall) StdoutLine: {'line': b'-- Configured cpplint exclude dirs and/or files: \n'}
[2.686462] (follow-wall) StdoutLine: {'line': b"-- Added test 'flake8' to check Python code syntax and style conventions\n"}
[2.709218] (-) TimerEvent: {}
[2.748671] (follow-wall) StdoutLine: {'line': b"-- Added test 'lint_cmake' to check CMake code style\n"}
[2.781357] (follow-wall) StdoutLine: {'line': b"-- Added test 'pep257' to check Python code against some of the style conventions in PEP 257\n"}
[2.809334] (-) TimerEvent: {}
[2.909576] (-) TimerEvent: {}
[3.009855] (-) TimerEvent: {}
[3.039850] (follow-wall) StdoutLine: {'line': b"-- Added test 'uncrustify' to check C / C++ code style\n"}
[3.040019] (follow-wall) StdoutLine: {'line': b'-- Configured uncrustify additional arguments: \n'}
[3.072408] (follow-wall) StdoutLine: {'line': b"-- Added test 'xmllint' to check XML markup files\n"}
[3.109981] (-) TimerEvent: {}
[3.118091] (follow-wall) StdoutLine: {'line': b'-- Configuring done\n'}
[3.210071] (-) TimerEvent: {}
[3.275128] (follow-wall) StdoutLine: {'line': b'-- Generating done\n'}
[3.310130] (-) TimerEvent: {}
[3.372336] (follow-wall) StdoutLine: {'line': b'-- Build files have been written to: /home/alumnos/alejo/colcon_ws/src/follow-wall-roboros/build/follow-wall\n'}
[3.410223] (-) TimerEvent: {}
[3.463879] (follow-wall) StdoutLine: {'line': b'[ 50%] \x1b[32mBuilding CXX object CMakeFiles/calculate_direction.dir/src/calculate_direction.cpp.o\x1b[0m\n'}
[3.510317] (-) TimerEvent: {}
[3.576291] (follow-wall) StderrLine: {'line': b'\x1b[01m\x1b[K/home/alumnos/alejo/colcon_ws/src/follow-wall-roboros/src/calculate_direction.cpp:2:10:\x1b[m\x1b[K \x1b[01;31m\x1b[Kfatal error: \x1b[m\x1b[Ksensor_msgs/msg/laserscan.hpp: No such file or directory\n'}
[3.576478] (follow-wall) StderrLine: {'line': b'    2 | #include \x1b[01;31m\x1b[K"sensor_msgs/msg/laserscan.hpp"\x1b[m\x1b[K\n'}
[3.577115] (follow-wall) StderrLine: {'line': b'      |          \x1b[01;31m\x1b[K^~~~~~~~~~~~~~~~~~~~~~~~~~~~~~~\x1b[m\x1b[K\n'}
[3.577178] (follow-wall) StderrLine: {'line': b'compilation terminated.\n'}
[3.577711] (follow-wall) StderrLine: {'line': b'make[2]: *** [CMakeFiles/calculate_direction.dir/build.make:63: CMakeFiles/calculate_direction.dir/src/calculate_direction.cpp.o] Error 1\n'}
[3.577849] (follow-wall) StderrLine: {'line': b'make[1]: *** [CMakeFiles/Makefile2:78: CMakeFiles/calculate_direction.dir/all] Error 2\n'}
[3.578377] (follow-wall) StderrLine: {'line': b'make: *** [Makefile:141: all] Error 2\n'}
[3.579359] (follow-wall) CommandEnded: {'returncode': 2}
[3.610457] (-) TimerEvent: {}
[3.657350] (follow-wall) JobEnded: {'identifier': 'follow-wall', 'rc': 2}
[3.668358] (-) EventReactorShutdown: {}
